CRITICAL - 2025-06-16 06:55:12 --> ErrorException: Undefined array key "id_employee"
[Method: GET, Route: employee/edit/3]
in APPPATH\Views\EmployeeView.php on line 18.
 1 APPPATH\Views\EmployeeView.php(18): CodeIgniter\Debug\Exceptions->errorHandler(2, 'Undefined array key "id_employee"', 'C:\\xampp\\htdocs\\timesheet\\app\\Views\\EmployeeView.php', 18)
 2 SYSTEMPATH\View\View.php(224): include('C:\\xampp\\htdocs\\timesheet\\app\\Views\\EmployeeView.php')
 3 SYSTEMPATH\View\View.php(227): CodeIgniter\View\View->CodeIgniter\View\{closure}()
 4 SYSTEMPATH\Common.php(1173): CodeIgniter\View\View->render('EmployeeView', [], true)
 5 APPPATH\Controllers\Employee.php(41): view('EmployeeView', [...])
 6 SYSTEMPATH\CodeIgniter.php(933): App\Controllers\Employee->edit('3')
 7 SYSTEMPATH\CodeIgniter.php(507): CodeIgniter\CodeIgniter->runController(Object(App\Controllers\Employee))
 8 SYSTEMPATH\CodeIgniter.php(354): CodeIgniter\CodeIgniter->handleRequest(null, Object(Config\Cache), false)
 9 SYSTEMPATH\Boot.php(334): CodeIgniter\CodeIgniter->run()
10 SYSTEMPATH\Boot.php(67): CodeIgniter\Boot::runCodeIgniter(Object(CodeIgniter\CodeIgniter))
11 FCPATH\index.php(59): CodeIgniter\Boot::bootWeb(Object(Config\Paths))
ERROR - 2025-06-16 07:01:21 --> mysqli_sql_exception: Duplicate entry 'galih01' for key 'brilliant_usn' in C:\xampp\htdocs\timesheet\system\Database\MySQLi\Connection.php:327
Stack trace:
#0 C:\xampp\htdocs\timesheet\system\Database\MySQLi\Connection.php(327): mysqli->query('INSERT INTO `em...', 0)
#1 C:\xampp\htdocs\timesheet\system\Database\BaseConnection.php(738): CodeIgniter\Database\MySQLi\Connection->execute('INSERT INTO `em...')
#2 C:\xampp\htdocs\timesheet\system\Database\BaseConnection.php(652): CodeIgniter\Database\BaseConnection->simpleQuery('INSERT INTO `em...')
#3 C:\xampp\htdocs\timesheet\system\Database\BaseBuilder.php(2345): CodeIgniter\Database\BaseConnection->query('INSERT INTO `em...', Array, false)
#4 C:\xampp\htdocs\timesheet\system\Model.php(394): CodeIgniter\Database\BaseBuilder->insert()
#5 C:\xampp\htdocs\timesheet\system\BaseModel.php(843): CodeIgniter\Model->doInsert(Array)
#6 C:\xampp\htdocs\timesheet\system\Model.php(800): CodeIgniter\BaseModel->insert(Array, true)
#7 C:\xampp\htdocs\timesheet\app\Controllers\Employee.php(30): CodeIgniter\Model->insert(Array)
#8 C:\xampp\htdocs\timesheet\system\CodeIgniter.php(933): App\Controllers\Employee->store()
#9 C:\xampp\htdocs\timesheet\system\CodeIgniter.php(507): CodeIgniter\CodeIgniter->runController(Object(App\Controllers\Employee))
#10 C:\xampp\htdocs\timesheet\system\CodeIgniter.php(354): CodeIgniter\CodeIgniter->handleRequest(NULL, Object(Config\Cache), false)
#11 C:\xampp\htdocs\timesheet\system\Boot.php(334): CodeIgniter\CodeIgniter->run()
#12 C:\xampp\htdocs\timesheet\system\Boot.php(67): CodeIgniter\Boot::runCodeIgniter(Object(CodeIgniter\CodeIgniter))
#13 C:\xampp\htdocs\timesheet\public\index.php(59): CodeIgniter\Boot::bootWeb(Object(Config\Paths))
#14 {main}
CRITICAL - 2025-06-16 07:01:21 --> CodeIgniter\Database\Exceptions\DatabaseException: Duplicate entry 'galih01' for key 'brilliant_usn'
[Method: POST, Route: employee/store]
in SYSTEMPATH\Database\BaseConnection.php on line 692.
 1 SYSTEMPATH\Database\BaseBuilder.php(2345): CodeIgniter\Database\BaseConnection->query('INSERT INTO `employee` (`nama_employee`, `id_role`, `alamat_employee`, `dob_employee`, `status_employee`, `username`, `password`, `nohp_employee`, `last_modified`, `author`) VALUES (:nama_employee:, :id_role:, :alamat_employee:, :dob_employee:, :status_employee:, :username:, :password:, :nohp_employee:, :last_modified:, :author:)', [...], false)
 2 SYSTEMPATH\Model.php(394): CodeIgniter\Database\BaseBuilder->insert()
 3 SYSTEMPATH\BaseModel.php(843): CodeIgniter\Model->doInsert([...])
 4 SYSTEMPATH\Model.php(800): CodeIgniter\BaseModel->insert([...], true)
 5 APPPATH\Controllers\Employee.php(30): CodeIgniter\Model->insert([...])
 6 SYSTEMPATH\CodeIgniter.php(933): App\Controllers\Employee->store()
 7 SYSTEMPATH\CodeIgniter.php(507): CodeIgniter\CodeIgniter->runController(Object(App\Controllers\Employee))
 8 SYSTEMPATH\CodeIgniter.php(354): CodeIgniter\CodeIgniter->handleRequest(null, Object(Config\Cache), false)
 9 SYSTEMPATH\Boot.php(334): CodeIgniter\CodeIgniter->run()
10 SYSTEMPATH\Boot.php(67): CodeIgniter\Boot::runCodeIgniter(Object(CodeIgniter\CodeIgniter))
11 FCPATH\index.php(59): CodeIgniter\Boot::bootWeb(Object(Config\Paths))
CRITICAL - 2025-06-16 07:01:21 --> [Caused by] CodeIgniter\Database\Exceptions\DatabaseException: Duplicate entry 'galih01' for key 'brilliant_usn'
in SYSTEMPATH\Database\MySQLi\Connection.php on line 332.
 1 SYSTEMPATH\Database\BaseConnection.php(738): CodeIgniter\Database\MySQLi\Connection->execute('INSERT INTO `employee` (`nama_employee`, `id_role`, `alamat_employee`, `dob_employee`, `status_employee`, `username`, `password`, `nohp_employee`, `last_modified`, `author`) VALUES (\'galih\', \'2\', \'gua hira\', \'2004-03-18\', \'1\', \'galih01\', \'$2y$10$uCKAuN05uG2de7w0NuHTL.fb5NEP3MPDgORQPOZcgBTCeRksgff2q\', \'12345\', \'2025-06-16 07:01:21\', 1)')
 2 SYSTEMPATH\Database\BaseConnection.php(652): CodeIgniter\Database\BaseConnection->simpleQuery('INSERT INTO `employee` (`nama_employee`, `id_role`, `alamat_employee`, `dob_employee`, `status_employee`, `username`, `password`, `nohp_employee`, `last_modified`, `author`) VALUES (\'galih\', \'2\', \'gua hira\', \'2004-03-18\', \'1\', \'galih01\', \'$2y$10$uCKAuN05uG2de7w0NuHTL.fb5NEP3MPDgORQPOZcgBTCeRksgff2q\', \'12345\', \'2025-06-16 07:01:21\', 1)')
 3 SYSTEMPATH\Database\BaseBuilder.php(2345): CodeIgniter\Database\BaseConnection->query('INSERT INTO `employee` (`nama_employee`, `id_role`, `alamat_employee`, `dob_employee`, `status_employee`, `username`, `password`, `nohp_employee`, `last_modified`, `author`) VALUES (:nama_employee:, :id_role:, :alamat_employee:, :dob_employee:, :status_employee:, :username:, :password:, :nohp_employee:, :last_modified:, :author:)', [...], false)
 4 SYSTEMPATH\Model.php(394): CodeIgniter\Database\BaseBuilder->insert()
 5 SYSTEMPATH\BaseModel.php(843): CodeIgniter\Model->doInsert([...])
 6 SYSTEMPATH\Model.php(800): CodeIgniter\BaseModel->insert([...], true)
 7 APPPATH\Controllers\Employee.php(30): CodeIgniter\Model->insert([...])
 8 SYSTEMPATH\CodeIgniter.php(933): App\Controllers\Employee->store()
 9 SYSTEMPATH\CodeIgniter.php(507): CodeIgniter\CodeIgniter->runController(Object(App\Controllers\Employee))
10 SYSTEMPATH\CodeIgniter.php(354): CodeIgniter\CodeIgniter->handleRequest(null, Object(Config\Cache), false)
11 SYSTEMPATH\Boot.php(334): CodeIgniter\CodeIgniter->run()
12 SYSTEMPATH\Boot.php(67): CodeIgniter\Boot::runCodeIgniter(Object(CodeIgniter\CodeIgniter))
13 FCPATH\index.php(59): CodeIgniter\Boot::bootWeb(Object(Config\Paths))
CRITICAL - 2025-06-16 07:01:21 --> [Caused by] mysqli_sql_exception: Duplicate entry 'galih01' for key 'brilliant_usn'
in SYSTEMPATH\Database\MySQLi\Connection.php on line 327.
 1 SYSTEMPATH\Database\MySQLi\Connection.php(327): mysqli->query('INSERT INTO `employee` (`nama_employee`, `id_role`, `alamat_employee`, `dob_employee`, `status_employee`, `username`, `password`, `nohp_employee`, `last_modified`, `author`) VALUES (\'galih\', \'2\', \'gua hira\', \'2004-03-18\', \'1\', \'galih01\', \'$2y$10$uCKAuN05uG2de7w0NuHTL.fb5NEP3MPDgORQPOZcgBTCeRksgff2q\', \'12345\', \'2025-06-16 07:01:21\', 1)', 0)
 2 SYSTEMPATH\Database\BaseConnection.php(738): CodeIgniter\Database\MySQLi\Connection->execute('INSERT INTO `employee` (`nama_employee`, `id_role`, `alamat_employee`, `dob_employee`, `status_employee`, `username`, `password`, `nohp_employee`, `last_modified`, `author`) VALUES (\'galih\', \'2\', \'gua hira\', \'2004-03-18\', \'1\', \'galih01\', \'$2y$10$uCKAuN05uG2de7w0NuHTL.fb5NEP3MPDgORQPOZcgBTCeRksgff2q\', \'12345\', \'2025-06-16 07:01:21\', 1)')
 3 SYSTEMPATH\Database\BaseConnection.php(652): CodeIgniter\Database\BaseConnection->simpleQuery('INSERT INTO `employee` (`nama_employee`, `id_role`, `alamat_employee`, `dob_employee`, `status_employee`, `username`, `password`, `nohp_employee`, `last_modified`, `author`) VALUES (\'galih\', \'2\', \'gua hira\', \'2004-03-18\', \'1\', \'galih01\', \'$2y$10$uCKAuN05uG2de7w0NuHTL.fb5NEP3MPDgORQPOZcgBTCeRksgff2q\', \'12345\', \'2025-06-16 07:01:21\', 1)')
 4 SYSTEMPATH\Database\BaseBuilder.php(2345): CodeIgniter\Database\BaseConnection->query('INSERT INTO `employee` (`nama_employee`, `id_role`, `alamat_employee`, `dob_employee`, `status_employee`, `username`, `password`, `nohp_employee`, `last_modified`, `author`) VALUES (:nama_employee:, :id_role:, :alamat_employee:, :dob_employee:, :status_employee:, :username:, :password:, :nohp_employee:, :last_modified:, :author:)', [...], false)
 5 SYSTEMPATH\Model.php(394): CodeIgniter\Database\BaseBuilder->insert()
 6 SYSTEMPATH\BaseModel.php(843): CodeIgniter\Model->doInsert([...])
 7 SYSTEMPATH\Model.php(800): CodeIgniter\BaseModel->insert([...], true)
 8 APPPATH\Controllers\Employee.php(30): CodeIgniter\Model->insert([...])
 9 SYSTEMPATH\CodeIgniter.php(933): App\Controllers\Employee->store()
10 SYSTEMPATH\CodeIgniter.php(507): CodeIgniter\CodeIgniter->runController(Object(App\Controllers\Employee))
11 SYSTEMPATH\CodeIgniter.php(354): CodeIgniter\CodeIgniter->handleRequest(null, Object(Config\Cache), false)
12 SYSTEMPATH\Boot.php(334): CodeIgniter\CodeIgniter->run()
13 SYSTEMPATH\Boot.php(67): CodeIgniter\Boot::runCodeIgniter(Object(CodeIgniter\CodeIgniter))
14 FCPATH\index.php(59): CodeIgniter\Boot::bootWeb(Object(Config\Paths))
ERROR - 2025-06-16 07:02:49 --> mysqli_sql_exception: Duplicate entry 'galih01' for key 'brilliant_usn' in C:\xampp\htdocs\timesheet\system\Database\MySQLi\Connection.php:327
Stack trace:
#0 C:\xampp\htdocs\timesheet\system\Database\MySQLi\Connection.php(327): mysqli->query('INSERT INTO `em...', 0)
#1 C:\xampp\htdocs\timesheet\system\Database\BaseConnection.php(738): CodeIgniter\Database\MySQLi\Connection->execute('INSERT INTO `em...')
#2 C:\xampp\htdocs\timesheet\system\Database\BaseConnection.php(652): CodeIgniter\Database\BaseConnection->simpleQuery('INSERT INTO `em...')
#3 C:\xampp\htdocs\timesheet\system\Database\BaseBuilder.php(2345): CodeIgniter\Database\BaseConnection->query('INSERT INTO `em...', Array, false)
#4 C:\xampp\htdocs\timesheet\system\Model.php(394): CodeIgniter\Database\BaseBuilder->insert()
#5 C:\xampp\htdocs\timesheet\system\BaseModel.php(843): CodeIgniter\Model->doInsert(Array)
#6 C:\xampp\htdocs\timesheet\system\Model.php(800): CodeIgniter\BaseModel->insert(Array, true)
#7 C:\xampp\htdocs\timesheet\app\Controllers\Employee.php(30): CodeIgniter\Model->insert(Array)
#8 C:\xampp\htdocs\timesheet\system\CodeIgniter.php(933): App\Controllers\Employee->store()
#9 C:\xampp\htdocs\timesheet\system\CodeIgniter.php(507): CodeIgniter\CodeIgniter->runController(Object(App\Controllers\Employee))
#10 C:\xampp\htdocs\timesheet\system\CodeIgniter.php(354): CodeIgniter\CodeIgniter->handleRequest(NULL, Object(Config\Cache), false)
#11 C:\xampp\htdocs\timesheet\system\Boot.php(334): CodeIgniter\CodeIgniter->run()
#12 C:\xampp\htdocs\timesheet\system\Boot.php(67): CodeIgniter\Boot::runCodeIgniter(Object(CodeIgniter\CodeIgniter))
#13 C:\xampp\htdocs\timesheet\public\index.php(59): CodeIgniter\Boot::bootWeb(Object(Config\Paths))
#14 {main}
CRITICAL - 2025-06-16 07:02:49 --> CodeIgniter\Database\Exceptions\DatabaseException: Duplicate entry 'galih01' for key 'brilliant_usn'
[Method: POST, Route: employee/store]
in SYSTEMPATH\Database\BaseConnection.php on line 692.
 1 SYSTEMPATH\Database\BaseBuilder.php(2345): CodeIgniter\Database\BaseConnection->query('INSERT INTO `employee` (`nama_employee`, `id_role`, `alamat_employee`, `dob_employee`, `status_employee`, `username`, `password`, `nohp_employee`, `last_modified`, `author`) VALUES (:nama_employee:, :id_role:, :alamat_employee:, :dob_employee:, :status_employee:, :username:, :password:, :nohp_employee:, :last_modified:, :author:)', [...], false)
 2 SYSTEMPATH\Model.php(394): CodeIgniter\Database\BaseBuilder->insert()
 3 SYSTEMPATH\BaseModel.php(843): CodeIgniter\Model->doInsert([...])
 4 SYSTEMPATH\Model.php(800): CodeIgniter\BaseModel->insert([...], true)
 5 APPPATH\Controllers\Employee.php(30): CodeIgniter\Model->insert([...])
 6 SYSTEMPATH\CodeIgniter.php(933): App\Controllers\Employee->store()
 7 SYSTEMPATH\CodeIgniter.php(507): CodeIgniter\CodeIgniter->runController(Object(App\Controllers\Employee))
 8 SYSTEMPATH\CodeIgniter.php(354): CodeIgniter\CodeIgniter->handleRequest(null, Object(Config\Cache), false)
 9 SYSTEMPATH\Boot.php(334): CodeIgniter\CodeIgniter->run()
10 SYSTEMPATH\Boot.php(67): CodeIgniter\Boot::runCodeIgniter(Object(CodeIgniter\CodeIgniter))
11 FCPATH\index.php(59): CodeIgniter\Boot::bootWeb(Object(Config\Paths))
CRITICAL - 2025-06-16 07:02:49 --> [Caused by] CodeIgniter\Database\Exceptions\DatabaseException: Duplicate entry 'galih01' for key 'brilliant_usn'
in SYSTEMPATH\Database\MySQLi\Connection.php on line 332.
 1 SYSTEMPATH\Database\BaseConnection.php(738): CodeIgniter\Database\MySQLi\Connection->execute('INSERT INTO `employee` (`nama_employee`, `id_role`, `alamat_employee`, `dob_employee`, `status_employee`, `username`, `password`, `nohp_employee`, `last_modified`, `author`) VALUES (\'galih\', \'2\', \'gua hira\', \'2004-03-18\', \'1\', \'galih01\', \'$2y$10$mTANm7EoV6lGX3WewUsf3efQUcFkIeX7Fpv8Rdwua226E0ioyZmBO\', \'12345\', \'2025-06-16 07:02:49\', 1)')
 2 SYSTEMPATH\Database\BaseConnection.php(652): CodeIgniter\Database\BaseConnection->simpleQuery('INSERT INTO `employee` (`nama_employee`, `id_role`, `alamat_employee`, `dob_employee`, `status_employee`, `username`, `password`, `nohp_employee`, `last_modified`, `author`) VALUES (\'galih\', \'2\', \'gua hira\', \'2004-03-18\', \'1\', \'galih01\', \'$2y$10$mTANm7EoV6lGX3WewUsf3efQUcFkIeX7Fpv8Rdwua226E0ioyZmBO\', \'12345\', \'2025-06-16 07:02:49\', 1)')
 3 SYSTEMPATH\Database\BaseBuilder.php(2345): CodeIgniter\Database\BaseConnection->query('INSERT INTO `employee` (`nama_employee`, `id_role`, `alamat_employee`, `dob_employee`, `status_employee`, `username`, `password`, `nohp_employee`, `last_modified`, `author`) VALUES (:nama_employee:, :id_role:, :alamat_employee:, :dob_employee:, :status_employee:, :username:, :password:, :nohp_employee:, :last_modified:, :author:)', [...], false)
 4 SYSTEMPATH\Model.php(394): CodeIgniter\Database\BaseBuilder->insert()
 5 SYSTEMPATH\BaseModel.php(843): CodeIgniter\Model->doInsert([...])
 6 SYSTEMPATH\Model.php(800): CodeIgniter\BaseModel->insert([...], true)
 7 APPPATH\Controllers\Employee.php(30): CodeIgniter\Model->insert([...])
 8 SYSTEMPATH\CodeIgniter.php(933): App\Controllers\Employee->store()
 9 SYSTEMPATH\CodeIgniter.php(507): CodeIgniter\CodeIgniter->runController(Object(App\Controllers\Employee))
10 SYSTEMPATH\CodeIgniter.php(354): CodeIgniter\CodeIgniter->handleRequest(null, Object(Config\Cache), false)
11 SYSTEMPATH\Boot.php(334): CodeIgniter\CodeIgniter->run()
12 SYSTEMPATH\Boot.php(67): CodeIgniter\Boot::runCodeIgniter(Object(CodeIgniter\CodeIgniter))
13 FCPATH\index.php(59): CodeIgniter\Boot::bootWeb(Object(Config\Paths))
CRITICAL - 2025-06-16 07:02:49 --> [Caused by] mysqli_sql_exception: Duplicate entry 'galih01' for key 'brilliant_usn'
in SYSTEMPATH\Database\MySQLi\Connection.php on line 327.
 1 SYSTEMPATH\Database\MySQLi\Connection.php(327): mysqli->query('INSERT INTO `employee` (`nama_employee`, `id_role`, `alamat_employee`, `dob_employee`, `status_employee`, `username`, `password`, `nohp_employee`, `last_modified`, `author`) VALUES (\'galih\', \'2\', \'gua hira\', \'2004-03-18\', \'1\', \'galih01\', \'$2y$10$mTANm7EoV6lGX3WewUsf3efQUcFkIeX7Fpv8Rdwua226E0ioyZmBO\', \'12345\', \'2025-06-16 07:02:49\', 1)', 0)
 2 SYSTEMPATH\Database\BaseConnection.php(738): CodeIgniter\Database\MySQLi\Connection->execute('INSERT INTO `employee` (`nama_employee`, `id_role`, `alamat_employee`, `dob_employee`, `status_employee`, `username`, `password`, `nohp_employee`, `last_modified`, `author`) VALUES (\'galih\', \'2\', \'gua hira\', \'2004-03-18\', \'1\', \'galih01\', \'$2y$10$mTANm7EoV6lGX3WewUsf3efQUcFkIeX7Fpv8Rdwua226E0ioyZmBO\', \'12345\', \'2025-06-16 07:02:49\', 1)')
 3 SYSTEMPATH\Database\BaseConnection.php(652): CodeIgniter\Database\BaseConnection->simpleQuery('INSERT INTO `employee` (`nama_employee`, `id_role`, `alamat_employee`, `dob_employee`, `status_employee`, `username`, `password`, `nohp_employee`, `last_modified`, `author`) VALUES (\'galih\', \'2\', \'gua hira\', \'2004-03-18\', \'1\', \'galih01\', \'$2y$10$mTANm7EoV6lGX3WewUsf3efQUcFkIeX7Fpv8Rdwua226E0ioyZmBO\', \'12345\', \'2025-06-16 07:02:49\', 1)')
 4 SYSTEMPATH\Database\BaseBuilder.php(2345): CodeIgniter\Database\BaseConnection->query('INSERT INTO `employee` (`nama_employee`, `id_role`, `alamat_employee`, `dob_employee`, `status_employee`, `username`, `password`, `nohp_employee`, `last_modified`, `author`) VALUES (:nama_employee:, :id_role:, :alamat_employee:, :dob_employee:, :status_employee:, :username:, :password:, :nohp_employee:, :last_modified:, :author:)', [...], false)
 5 SYSTEMPATH\Model.php(394): CodeIgniter\Database\BaseBuilder->insert()
 6 SYSTEMPATH\BaseModel.php(843): CodeIgniter\Model->doInsert([...])
 7 SYSTEMPATH\Model.php(800): CodeIgniter\BaseModel->insert([...], true)
 8 APPPATH\Controllers\Employee.php(30): CodeIgniter\Model->insert([...])
 9 SYSTEMPATH\CodeIgniter.php(933): App\Controllers\Employee->store()
10 SYSTEMPATH\CodeIgniter.php(507): CodeIgniter\CodeIgniter->runController(Object(App\Controllers\Employee))
11 SYSTEMPATH\CodeIgniter.php(354): CodeIgniter\CodeIgniter->handleRequest(null, Object(Config\Cache), false)
12 SYSTEMPATH\Boot.php(334): CodeIgniter\CodeIgniter->run()
13 SYSTEMPATH\Boot.php(67): CodeIgniter\Boot::runCodeIgniter(Object(CodeIgniter\CodeIgniter))
14 FCPATH\index.php(59): CodeIgniter\Boot::bootWeb(Object(Config\Paths))
ERROR - 2025-06-16 07:05:45 --> mysqli_sql_exception: Duplicate entry 'galih01' for key 'brilliant_usn' in C:\xampp\htdocs\timesheet\system\Database\MySQLi\Connection.php:327
Stack trace:
#0 C:\xampp\htdocs\timesheet\system\Database\MySQLi\Connection.php(327): mysqli->query('INSERT INTO `em...', 0)
#1 C:\xampp\htdocs\timesheet\system\Database\BaseConnection.php(738): CodeIgniter\Database\MySQLi\Connection->execute('INSERT INTO `em...')
#2 C:\xampp\htdocs\timesheet\system\Database\BaseConnection.php(652): CodeIgniter\Database\BaseConnection->simpleQuery('INSERT INTO `em...')
#3 C:\xampp\htdocs\timesheet\system\Database\BaseBuilder.php(2345): CodeIgniter\Database\BaseConnection->query('INSERT INTO `em...', Array, false)
#4 C:\xampp\htdocs\timesheet\system\Model.php(394): CodeIgniter\Database\BaseBuilder->insert()
#5 C:\xampp\htdocs\timesheet\system\BaseModel.php(843): CodeIgniter\Model->doInsert(Array)
#6 C:\xampp\htdocs\timesheet\system\Model.php(800): CodeIgniter\BaseModel->insert(Array, true)
#7 C:\xampp\htdocs\timesheet\app\Controllers\Employee.php(30): CodeIgniter\Model->insert(Array)
#8 C:\xampp\htdocs\timesheet\system\CodeIgniter.php(933): App\Controllers\Employee->store()
#9 C:\xampp\htdocs\timesheet\system\CodeIgniter.php(507): CodeIgniter\CodeIgniter->runController(Object(App\Controllers\Employee))
#10 C:\xampp\htdocs\timesheet\system\CodeIgniter.php(354): CodeIgniter\CodeIgniter->handleRequest(NULL, Object(Config\Cache), false)
#11 C:\xampp\htdocs\timesheet\system\Boot.php(334): CodeIgniter\CodeIgniter->run()
#12 C:\xampp\htdocs\timesheet\system\Boot.php(67): CodeIgniter\Boot::runCodeIgniter(Object(CodeIgniter\CodeIgniter))
#13 C:\xampp\htdocs\timesheet\public\index.php(59): CodeIgniter\Boot::bootWeb(Object(Config\Paths))
#14 {main}
CRITICAL - 2025-06-16 07:05:45 --> CodeIgniter\Database\Exceptions\DatabaseException: Duplicate entry 'galih01' for key 'brilliant_usn'
[Method: POST, Route: employee/store]
in SYSTEMPATH\Database\BaseConnection.php on line 692.
 1 SYSTEMPATH\Database\BaseBuilder.php(2345): CodeIgniter\Database\BaseConnection->query('INSERT INTO `employee` (`nama_employee`, `id_role`, `alamat_employee`, `dob_employee`, `status_employee`, `username`, `password`, `nohp_employee`, `last_modified`, `author`) VALUES (:nama_employee:, :id_role:, :alamat_employee:, :dob_employee:, :status_employee:, :username:, :password:, :nohp_employee:, :last_modified:, :author:)', [...], false)
 2 SYSTEMPATH\Model.php(394): CodeIgniter\Database\BaseBuilder->insert()
 3 SYSTEMPATH\BaseModel.php(843): CodeIgniter\Model->doInsert([...])
 4 SYSTEMPATH\Model.php(800): CodeIgniter\BaseModel->insert([...], true)
 5 APPPATH\Controllers\Employee.php(30): CodeIgniter\Model->insert([...])
 6 SYSTEMPATH\CodeIgniter.php(933): App\Controllers\Employee->store()
 7 SYSTEMPATH\CodeIgniter.php(507): CodeIgniter\CodeIgniter->runController(Object(App\Controllers\Employee))
 8 SYSTEMPATH\CodeIgniter.php(354): CodeIgniter\CodeIgniter->handleRequest(null, Object(Config\Cache), false)
 9 SYSTEMPATH\Boot.php(334): CodeIgniter\CodeIgniter->run()
10 SYSTEMPATH\Boot.php(67): CodeIgniter\Boot::runCodeIgniter(Object(CodeIgniter\CodeIgniter))
11 FCPATH\index.php(59): CodeIgniter\Boot::bootWeb(Object(Config\Paths))
CRITICAL - 2025-06-16 07:05:45 --> [Caused by] CodeIgniter\Database\Exceptions\DatabaseException: Duplicate entry 'galih01' for key 'brilliant_usn'
in SYSTEMPATH\Database\MySQLi\Connection.php on line 332.
 1 SYSTEMPATH\Database\BaseConnection.php(738): CodeIgniter\Database\MySQLi\Connection->execute('INSERT INTO `employee` (`nama_employee`, `id_role`, `alamat_employee`, `dob_employee`, `status_employee`, `username`, `password`, `nohp_employee`, `last_modified`, `author`) VALUES (\'galih\', \'2\', \'gua hira\', \'2004-03-18\', \'1\', \'galih01\', \'$2y$10$EwqTSm7FpU14TiYRi41TKuclFH5TLuwcBKQD6EzzLBCZPJV9.CEj.\', \'12345\', \'2025-06-16 07:05:45\', 1)')
 2 SYSTEMPATH\Database\BaseConnection.php(652): CodeIgniter\Database\BaseConnection->simpleQuery('INSERT INTO `employee` (`nama_employee`, `id_role`, `alamat_employee`, `dob_employee`, `status_employee`, `username`, `password`, `nohp_employee`, `last_modified`, `author`) VALUES (\'galih\', \'2\', \'gua hira\', \'2004-03-18\', \'1\', \'galih01\', \'$2y$10$EwqTSm7FpU14TiYRi41TKuclFH5TLuwcBKQD6EzzLBCZPJV9.CEj.\', \'12345\', \'2025-06-16 07:05:45\', 1)')
 3 SYSTEMPATH\Database\BaseBuilder.php(2345): CodeIgniter\Database\BaseConnection->query('INSERT INTO `employee` (`nama_employee`, `id_role`, `alamat_employee`, `dob_employee`, `status_employee`, `username`, `password`, `nohp_employee`, `last_modified`, `author`) VALUES (:nama_employee:, :id_role:, :alamat_employee:, :dob_employee:, :status_employee:, :username:, :password:, :nohp_employee:, :last_modified:, :author:)', [...], false)
 4 SYSTEMPATH\Model.php(394): CodeIgniter\Database\BaseBuilder->insert()
 5 SYSTEMPATH\BaseModel.php(843): CodeIgniter\Model->doInsert([...])
 6 SYSTEMPATH\Model.php(800): CodeIgniter\BaseModel->insert([...], true)
 7 APPPATH\Controllers\Employee.php(30): CodeIgniter\Model->insert([...])
 8 SYSTEMPATH\CodeIgniter.php(933): App\Controllers\Employee->store()
 9 SYSTEMPATH\CodeIgniter.php(507): CodeIgniter\CodeIgniter->runController(Object(App\Controllers\Employee))
10 SYSTEMPATH\CodeIgniter.php(354): CodeIgniter\CodeIgniter->handleRequest(null, Object(Config\Cache), false)
11 SYSTEMPATH\Boot.php(334): CodeIgniter\CodeIgniter->run()
12 SYSTEMPATH\Boot.php(67): CodeIgniter\Boot::runCodeIgniter(Object(CodeIgniter\CodeIgniter))
13 FCPATH\index.php(59): CodeIgniter\Boot::bootWeb(Object(Config\Paths))
CRITICAL - 2025-06-16 07:05:45 --> [Caused by] mysqli_sql_exception: Duplicate entry 'galih01' for key 'brilliant_usn'
in SYSTEMPATH\Database\MySQLi\Connection.php on line 327.
 1 SYSTEMPATH\Database\MySQLi\Connection.php(327): mysqli->query('INSERT INTO `employee` (`nama_employee`, `id_role`, `alamat_employee`, `dob_employee`, `status_employee`, `username`, `password`, `nohp_employee`, `last_modified`, `author`) VALUES (\'galih\', \'2\', \'gua hira\', \'2004-03-18\', \'1\', \'galih01\', \'$2y$10$EwqTSm7FpU14TiYRi41TKuclFH5TLuwcBKQD6EzzLBCZPJV9.CEj.\', \'12345\', \'2025-06-16 07:05:45\', 1)', 0)
 2 SYSTEMPATH\Database\BaseConnection.php(738): CodeIgniter\Database\MySQLi\Connection->execute('INSERT INTO `employee` (`nama_employee`, `id_role`, `alamat_employee`, `dob_employee`, `status_employee`, `username`, `password`, `nohp_employee`, `last_modified`, `author`) VALUES (\'galih\', \'2\', \'gua hira\', \'2004-03-18\', \'1\', \'galih01\', \'$2y$10$EwqTSm7FpU14TiYRi41TKuclFH5TLuwcBKQD6EzzLBCZPJV9.CEj.\', \'12345\', \'2025-06-16 07:05:45\', 1)')
 3 SYSTEMPATH\Database\BaseConnection.php(652): CodeIgniter\Database\BaseConnection->simpleQuery('INSERT INTO `employee` (`nama_employee`, `id_role`, `alamat_employee`, `dob_employee`, `status_employee`, `username`, `password`, `nohp_employee`, `last_modified`, `author`) VALUES (\'galih\', \'2\', \'gua hira\', \'2004-03-18\', \'1\', \'galih01\', \'$2y$10$EwqTSm7FpU14TiYRi41TKuclFH5TLuwcBKQD6EzzLBCZPJV9.CEj.\', \'12345\', \'2025-06-16 07:05:45\', 1)')
 4 SYSTEMPATH\Database\BaseBuilder.php(2345): CodeIgniter\Database\BaseConnection->query('INSERT INTO `employee` (`nama_employee`, `id_role`, `alamat_employee`, `dob_employee`, `status_employee`, `username`, `password`, `nohp_employee`, `last_modified`, `author`) VALUES (:nama_employee:, :id_role:, :alamat_employee:, :dob_employee:, :status_employee:, :username:, :password:, :nohp_employee:, :last_modified:, :author:)', [...], false)
 5 SYSTEMPATH\Model.php(394): CodeIgniter\Database\BaseBuilder->insert()
 6 SYSTEMPATH\BaseModel.php(843): CodeIgniter\Model->doInsert([...])
 7 SYSTEMPATH\Model.php(800): CodeIgniter\BaseModel->insert([...], true)
 8 APPPATH\Controllers\Employee.php(30): CodeIgniter\Model->insert([...])
 9 SYSTEMPATH\CodeIgniter.php(933): App\Controllers\Employee->store()
10 SYSTEMPATH\CodeIgniter.php(507): CodeIgniter\CodeIgniter->runController(Object(App\Controllers\Employee))
11 SYSTEMPATH\CodeIgniter.php(354): CodeIgniter\CodeIgniter->handleRequest(null, Object(Config\Cache), false)
12 SYSTEMPATH\Boot.php(334): CodeIgniter\CodeIgniter->run()
13 SYSTEMPATH\Boot.php(67): CodeIgniter\Boot::runCodeIgniter(Object(CodeIgniter\CodeIgniter))
14 FCPATH\index.php(59): CodeIgniter\Boot::bootWeb(Object(Config\Paths))
ERROR - 2025-06-16 07:06:00 --> mysqli_sql_exception: Duplicate entry 'galih01' for key 'brilliant_usn' in C:\xampp\htdocs\timesheet\system\Database\MySQLi\Connection.php:327
Stack trace:
#0 C:\xampp\htdocs\timesheet\system\Database\MySQLi\Connection.php(327): mysqli->query('INSERT INTO `em...', 0)
#1 C:\xampp\htdocs\timesheet\system\Database\BaseConnection.php(738): CodeIgniter\Database\MySQLi\Connection->execute('INSERT INTO `em...')
#2 C:\xampp\htdocs\timesheet\system\Database\BaseConnection.php(652): CodeIgniter\Database\BaseConnection->simpleQuery('INSERT INTO `em...')
#3 C:\xampp\htdocs\timesheet\system\Database\BaseBuilder.php(2345): CodeIgniter\Database\BaseConnection->query('INSERT INTO `em...', Array, false)
#4 C:\xampp\htdocs\timesheet\system\Model.php(394): CodeIgniter\Database\BaseBuilder->insert()
#5 C:\xampp\htdocs\timesheet\system\BaseModel.php(843): CodeIgniter\Model->doInsert(Array)
#6 C:\xampp\htdocs\timesheet\system\Model.php(800): CodeIgniter\BaseModel->insert(Array, true)
#7 C:\xampp\htdocs\timesheet\app\Controllers\Employee.php(30): CodeIgniter\Model->insert(Array)
#8 C:\xampp\htdocs\timesheet\system\CodeIgniter.php(933): App\Controllers\Employee->store()
#9 C:\xampp\htdocs\timesheet\system\CodeIgniter.php(507): CodeIgniter\CodeIgniter->runController(Object(App\Controllers\Employee))
#10 C:\xampp\htdocs\timesheet\system\CodeIgniter.php(354): CodeIgniter\CodeIgniter->handleRequest(NULL, Object(Config\Cache), false)
#11 C:\xampp\htdocs\timesheet\system\Boot.php(334): CodeIgniter\CodeIgniter->run()
#12 C:\xampp\htdocs\timesheet\system\Boot.php(67): CodeIgniter\Boot::runCodeIgniter(Object(CodeIgniter\CodeIgniter))
#13 C:\xampp\htdocs\timesheet\public\index.php(59): CodeIgniter\Boot::bootWeb(Object(Config\Paths))
#14 {main}
CRITICAL - 2025-06-16 07:06:00 --> CodeIgniter\Database\Exceptions\DatabaseException: Duplicate entry 'galih01' for key 'brilliant_usn'
[Method: POST, Route: employee/store]
in SYSTEMPATH\Database\BaseConnection.php on line 692.
 1 SYSTEMPATH\Database\BaseBuilder.php(2345): CodeIgniter\Database\BaseConnection->query('INSERT INTO `employee` (`nama_employee`, `id_role`, `alamat_employee`, `dob_employee`, `status_employee`, `username`, `password`, `nohp_employee`, `last_modified`, `author`) VALUES (:nama_employee:, :id_role:, :alamat_employee:, :dob_employee:, :status_employee:, :username:, :password:, :nohp_employee:, :last_modified:, :author:)', [...], false)
 2 SYSTEMPATH\Model.php(394): CodeIgniter\Database\BaseBuilder->insert()
 3 SYSTEMPATH\BaseModel.php(843): CodeIgniter\Model->doInsert([...])
 4 SYSTEMPATH\Model.php(800): CodeIgniter\BaseModel->insert([...], true)
 5 APPPATH\Controllers\Employee.php(30): CodeIgniter\Model->insert([...])
 6 SYSTEMPATH\CodeIgniter.php(933): App\Controllers\Employee->store()
 7 SYSTEMPATH\CodeIgniter.php(507): CodeIgniter\CodeIgniter->runController(Object(App\Controllers\Employee))
 8 SYSTEMPATH\CodeIgniter.php(354): CodeIgniter\CodeIgniter->handleRequest(null, Object(Config\Cache), false)
 9 SYSTEMPATH\Boot.php(334): CodeIgniter\CodeIgniter->run()
10 SYSTEMPATH\Boot.php(67): CodeIgniter\Boot::runCodeIgniter(Object(CodeIgniter\CodeIgniter))
11 FCPATH\index.php(59): CodeIgniter\Boot::bootWeb(Object(Config\Paths))
CRITICAL - 2025-06-16 07:06:00 --> [Caused by] CodeIgniter\Database\Exceptions\DatabaseException: Duplicate entry 'galih01' for key 'brilliant_usn'
in SYSTEMPATH\Database\MySQLi\Connection.php on line 332.
 1 SYSTEMPATH\Database\BaseConnection.php(738): CodeIgniter\Database\MySQLi\Connection->execute('INSERT INTO `employee` (`nama_employee`, `id_role`, `alamat_employee`, `dob_employee`, `status_employee`, `username`, `password`, `nohp_employee`, `last_modified`, `author`) VALUES (\'galih\', \'2\', \'gua hira\', \'2004-03-18\', \'1\', \'galih01\', \'$2y$10$V1ohY7SmeHuWgV17aKXICOH47KkypX.Ldz9KkJ/NdyDWP1i8sb/TS\', \'12345\', \'2025-06-16 07:06:00\', 1)')
 2 SYSTEMPATH\Database\BaseConnection.php(652): CodeIgniter\Database\BaseConnection->simpleQuery('INSERT INTO `employee` (`nama_employee`, `id_role`, `alamat_employee`, `dob_employee`, `status_employee`, `username`, `password`, `nohp_employee`, `last_modified`, `author`) VALUES (\'galih\', \'2\', \'gua hira\', \'2004-03-18\', \'1\', \'galih01\', \'$2y$10$V1ohY7SmeHuWgV17aKXICOH47KkypX.Ldz9KkJ/NdyDWP1i8sb/TS\', \'12345\', \'2025-06-16 07:06:00\', 1)')
 3 SYSTEMPATH\Database\BaseBuilder.php(2345): CodeIgniter\Database\BaseConnection->query('INSERT INTO `employee` (`nama_employee`, `id_role`, `alamat_employee`, `dob_employee`, `status_employee`, `username`, `password`, `nohp_employee`, `last_modified`, `author`) VALUES (:nama_employee:, :id_role:, :alamat_employee:, :dob_employee:, :status_employee:, :username:, :password:, :nohp_employee:, :last_modified:, :author:)', [...], false)
 4 SYSTEMPATH\Model.php(394): CodeIgniter\Database\BaseBuilder->insert()
 5 SYSTEMPATH\BaseModel.php(843): CodeIgniter\Model->doInsert([...])
 6 SYSTEMPATH\Model.php(800): CodeIgniter\BaseModel->insert([...], true)
 7 APPPATH\Controllers\Employee.php(30): CodeIgniter\Model->insert([...])
 8 SYSTEMPATH\CodeIgniter.php(933): App\Controllers\Employee->store()
 9 SYSTEMPATH\CodeIgniter.php(507): CodeIgniter\CodeIgniter->runController(Object(App\Controllers\Employee))
10 SYSTEMPATH\CodeIgniter.php(354): CodeIgniter\CodeIgniter->handleRequest(null, Object(Config\Cache), false)
11 SYSTEMPATH\Boot.php(334): CodeIgniter\CodeIgniter->run()
12 SYSTEMPATH\Boot.php(67): CodeIgniter\Boot::runCodeIgniter(Object(CodeIgniter\CodeIgniter))
13 FCPATH\index.php(59): CodeIgniter\Boot::bootWeb(Object(Config\Paths))
CRITICAL - 2025-06-16 07:06:00 --> [Caused by] mysqli_sql_exception: Duplicate entry 'galih01' for key 'brilliant_usn'
in SYSTEMPATH\Database\MySQLi\Connection.php on line 327.
 1 SYSTEMPATH\Database\MySQLi\Connection.php(327): mysqli->query('INSERT INTO `employee` (`nama_employee`, `id_role`, `alamat_employee`, `dob_employee`, `status_employee`, `username`, `password`, `nohp_employee`, `last_modified`, `author`) VALUES (\'galih\', \'2\', \'gua hira\', \'2004-03-18\', \'1\', \'galih01\', \'$2y$10$V1ohY7SmeHuWgV17aKXICOH47KkypX.Ldz9KkJ/NdyDWP1i8sb/TS\', \'12345\', \'2025-06-16 07:06:00\', 1)', 0)
 2 SYSTEMPATH\Database\BaseConnection.php(738): CodeIgniter\Database\MySQLi\Connection->execute('INSERT INTO `employee` (`nama_employee`, `id_role`, `alamat_employee`, `dob_employee`, `status_employee`, `username`, `password`, `nohp_employee`, `last_modified`, `author`) VALUES (\'galih\', \'2\', \'gua hira\', \'2004-03-18\', \'1\', \'galih01\', \'$2y$10$V1ohY7SmeHuWgV17aKXICOH47KkypX.Ldz9KkJ/NdyDWP1i8sb/TS\', \'12345\', \'2025-06-16 07:06:00\', 1)')
 3 SYSTEMPATH\Database\BaseConnection.php(652): CodeIgniter\Database\BaseConnection->simpleQuery('INSERT INTO `employee` (`nama_employee`, `id_role`, `alamat_employee`, `dob_employee`, `status_employee`, `username`, `password`, `nohp_employee`, `last_modified`, `author`) VALUES (\'galih\', \'2\', \'gua hira\', \'2004-03-18\', \'1\', \'galih01\', \'$2y$10$V1ohY7SmeHuWgV17aKXICOH47KkypX.Ldz9KkJ/NdyDWP1i8sb/TS\', \'12345\', \'2025-06-16 07:06:00\', 1)')
 4 SYSTEMPATH\Database\BaseBuilder.php(2345): CodeIgniter\Database\BaseConnection->query('INSERT INTO `employee` (`nama_employee`, `id_role`, `alamat_employee`, `dob_employee`, `status_employee`, `username`, `password`, `nohp_employee`, `last_modified`, `author`) VALUES (:nama_employee:, :id_role:, :alamat_employee:, :dob_employee:, :status_employee:, :username:, :password:, :nohp_employee:, :last_modified:, :author:)', [...], false)
 5 SYSTEMPATH\Model.php(394): CodeIgniter\Database\BaseBuilder->insert()
 6 SYSTEMPATH\BaseModel.php(843): CodeIgniter\Model->doInsert([...])
 7 SYSTEMPATH\Model.php(800): CodeIgniter\BaseModel->insert([...], true)
 8 APPPATH\Controllers\Employee.php(30): CodeIgniter\Model->insert([...])
 9 SYSTEMPATH\CodeIgniter.php(933): App\Controllers\Employee->store()
10 SYSTEMPATH\CodeIgniter.php(507): CodeIgniter\CodeIgniter->runController(Object(App\Controllers\Employee))
11 SYSTEMPATH\CodeIgniter.php(354): CodeIgniter\CodeIgniter->handleRequest(null, Object(Config\Cache), false)
12 SYSTEMPATH\Boot.php(334): CodeIgniter\CodeIgniter->run()
13 SYSTEMPATH\Boot.php(67): CodeIgniter\Boot::runCodeIgniter(Object(CodeIgniter\CodeIgniter))
14 FCPATH\index.php(59): CodeIgniter\Boot::bootWeb(Object(Config\Paths))
CRITICAL - 2025-06-16 07:08:31 --> TypeError: Unsupported operand types: string + int
[Method: GET, Route: employee/edit/3]
in APPPATH\Views\EmployeeView.php on line 79.
 1 SYSTEMPATH\View\View.php(224): include()
 2 SYSTEMPATH\View\View.php(227): CodeIgniter\View\View->CodeIgniter\View\{closure}()
 3 SYSTEMPATH\Common.php(1173): CodeIgniter\View\View->render('EmployeeView', [], true)
 4 APPPATH\Controllers\Employee.php(51): view('EmployeeView', [...])
 5 SYSTEMPATH\CodeIgniter.php(933): App\Controllers\Employee->edit('3')
 6 SYSTEMPATH\CodeIgniter.php(507): CodeIgniter\CodeIgniter->runController(Object(App\Controllers\Employee))
 7 SYSTEMPATH\CodeIgniter.php(354): CodeIgniter\CodeIgniter->handleRequest(null, Object(Config\Cache), false)
 8 SYSTEMPATH\Boot.php(334): CodeIgniter\CodeIgniter->run()
 9 SYSTEMPATH\Boot.php(67): CodeIgniter\Boot::runCodeIgniter(Object(CodeIgniter\CodeIgniter))
10 FCPATH\index.php(59): CodeIgniter\Boot::bootWeb(Object(Config\Paths))
CRITICAL - 2025-06-16 07:09:47 --> ErrorException: Undefined variable $employees
[Method: GET, Route: employee/edit/3]
in APPPATH\Views\EmployeeView.php on line 74.
 1 APPPATH\Views\EmployeeView.php(74): CodeIgniter\Debug\Exceptions->errorHandler(2, 'Undefined variable $employees', 'C:\\xampp\\htdocs\\timesheet\\app\\Views\\EmployeeView.php', 74)
 2 SYSTEMPATH\View\View.php(224): include('C:\\xampp\\htdocs\\timesheet\\app\\Views\\EmployeeView.php')
 3 SYSTEMPATH\View\View.php(227): CodeIgniter\View\View->CodeIgniter\View\{closure}()
 4 SYSTEMPATH\Common.php(1173): CodeIgniter\View\View->render('EmployeeView', [], true)
 5 APPPATH\Controllers\Employee.php(51): view('EmployeeView', [...])
 6 SYSTEMPATH\CodeIgniter.php(933): App\Controllers\Employee->edit('3')
 7 SYSTEMPATH\CodeIgniter.php(507): CodeIgniter\CodeIgniter->runController(Object(App\Controllers\Employee))
 8 SYSTEMPATH\CodeIgniter.php(354): CodeIgniter\CodeIgniter->handleRequest(null, Object(Config\Cache), false)
 9 SYSTEMPATH\Boot.php(334): CodeIgniter\CodeIgniter->run()
10 SYSTEMPATH\Boot.php(67): CodeIgniter\Boot::runCodeIgniter(Object(CodeIgniter\CodeIgniter))
11 FCPATH\index.php(59): CodeIgniter\Boot::bootWeb(Object(Config\Paths))
CRITICAL - 2025-06-16 07:09:49 --> ErrorException: Undefined variable $employees
[Method: GET, Route: employee/edit/3]
in APPPATH\Views\EmployeeView.php on line 74.
 1 APPPATH\Views\EmployeeView.php(74): CodeIgniter\Debug\Exceptions->errorHandler(2, 'Undefined variable $employees', 'C:\\xampp\\htdocs\\timesheet\\app\\Views\\EmployeeView.php', 74)
 2 SYSTEMPATH\View\View.php(224): include('C:\\xampp\\htdocs\\timesheet\\app\\Views\\EmployeeView.php')
 3 SYSTEMPATH\View\View.php(227): CodeIgniter\View\View->CodeIgniter\View\{closure}()
 4 SYSTEMPATH\Common.php(1173): CodeIgniter\View\View->render('EmployeeView', [], true)
 5 APPPATH\Controllers\Employee.php(51): view('EmployeeView', [...])
 6 SYSTEMPATH\CodeIgniter.php(933): App\Controllers\Employee->edit('3')
 7 SYSTEMPATH\CodeIgniter.php(507): CodeIgniter\CodeIgniter->runController(Object(App\Controllers\Employee))
 8 SYSTEMPATH\CodeIgniter.php(354): CodeIgniter\CodeIgniter->handleRequest(null, Object(Config\Cache), false)
 9 SYSTEMPATH\Boot.php(334): CodeIgniter\CodeIgniter->run()
10 SYSTEMPATH\Boot.php(67): CodeIgniter\Boot::runCodeIgniter(Object(CodeIgniter\CodeIgniter))
11 FCPATH\index.php(59): CodeIgniter\Boot::bootWeb(Object(Config\Paths))
CRITICAL - 2025-06-16 07:09:51 --> ErrorException: Undefined variable $employees
[Method: GET, Route: employee/edit/2]
in APPPATH\Views\EmployeeView.php on line 74.
 1 APPPATH\Views\EmployeeView.php(74): CodeIgniter\Debug\Exceptions->errorHandler(2, 'Undefined variable $employees', 'C:\\xampp\\htdocs\\timesheet\\app\\Views\\EmployeeView.php', 74)
 2 SYSTEMPATH\View\View.php(224): include('C:\\xampp\\htdocs\\timesheet\\app\\Views\\EmployeeView.php')
 3 SYSTEMPATH\View\View.php(227): CodeIgniter\View\View->CodeIgniter\View\{closure}()
 4 SYSTEMPATH\Common.php(1173): CodeIgniter\View\View->render('EmployeeView', [], true)
 5 APPPATH\Controllers\Employee.php(51): view('EmployeeView', [...])
 6 SYSTEMPATH\CodeIgniter.php(933): App\Controllers\Employee->edit('2')
 7 SYSTEMPATH\CodeIgniter.php(507): CodeIgniter\CodeIgniter->runController(Object(App\Controllers\Employee))
 8 SYSTEMPATH\CodeIgniter.php(354): CodeIgniter\CodeIgniter->handleRequest(null, Object(Config\Cache), false)
 9 SYSTEMPATH\Boot.php(334): CodeIgniter\CodeIgniter->run()
10 SYSTEMPATH\Boot.php(67): CodeIgniter\Boot::runCodeIgniter(Object(CodeIgniter\CodeIgniter))
11 FCPATH\index.php(59): CodeIgniter\Boot::bootWeb(Object(Config\Paths))
CRITICAL - 2025-06-16 07:09:54 --> ErrorException: Undefined variable $employees
[Method: GET, Route: employee/edit/1]
in APPPATH\Views\EmployeeView.php on line 74.
 1 APPPATH\Views\EmployeeView.php(74): CodeIgniter\Debug\Exceptions->errorHandler(2, 'Undefined variable $employees', 'C:\\xampp\\htdocs\\timesheet\\app\\Views\\EmployeeView.php', 74)
 2 SYSTEMPATH\View\View.php(224): include('C:\\xampp\\htdocs\\timesheet\\app\\Views\\EmployeeView.php')
 3 SYSTEMPATH\View\View.php(227): CodeIgniter\View\View->CodeIgniter\View\{closure}()
 4 SYSTEMPATH\Common.php(1173): CodeIgniter\View\View->render('EmployeeView', [], true)
 5 APPPATH\Controllers\Employee.php(51): view('EmployeeView', [...])
 6 SYSTEMPATH\CodeIgniter.php(933): App\Controllers\Employee->edit('1')
 7 SYSTEMPATH\CodeIgniter.php(507): CodeIgniter\CodeIgniter->runController(Object(App\Controllers\Employee))
 8 SYSTEMPATH\CodeIgniter.php(354): CodeIgniter\CodeIgniter->handleRequest(null, Object(Config\Cache), false)
 9 SYSTEMPATH\Boot.php(334): CodeIgniter\CodeIgniter->run()
10 SYSTEMPATH\Boot.php(67): CodeIgniter\Boot::runCodeIgniter(Object(CodeIgniter\CodeIgniter))
11 FCPATH\index.php(59): CodeIgniter\Boot::bootWeb(Object(Config\Paths))
CRITICAL - 2025-06-16 07:10:04 --> ErrorException: Undefined variable $employees
[Method: GET, Route: employee/edit/1]
in APPPATH\Views\EmployeeView.php on line 74.
 1 APPPATH\Views\EmployeeView.php(74): CodeIgniter\Debug\Exceptions->errorHandler(2, 'Undefined variable $employees', 'C:\\xampp\\htdocs\\timesheet\\app\\Views\\EmployeeView.php', 74)
 2 SYSTEMPATH\View\View.php(224): include('C:\\xampp\\htdocs\\timesheet\\app\\Views\\EmployeeView.php')
 3 SYSTEMPATH\View\View.php(227): CodeIgniter\View\View->CodeIgniter\View\{closure}()
 4 SYSTEMPATH\Common.php(1173): CodeIgniter\View\View->render('EmployeeView', [], true)
 5 APPPATH\Controllers\Employee.php(51): view('EmployeeView', [...])
 6 SYSTEMPATH\CodeIgniter.php(933): App\Controllers\Employee->edit('1')
 7 SYSTEMPATH\CodeIgniter.php(507): CodeIgniter\CodeIgniter->runController(Object(App\Controllers\Employee))
 8 SYSTEMPATH\CodeIgniter.php(354): CodeIgniter\CodeIgniter->handleRequest(null, Object(Config\Cache), false)
 9 SYSTEMPATH\Boot.php(334): CodeIgniter\CodeIgniter->run()
10 SYSTEMPATH\Boot.php(67): CodeIgniter\Boot::runCodeIgniter(Object(CodeIgniter\CodeIgniter))
11 FCPATH\index.php(59): CodeIgniter\Boot::bootWeb(Object(Config\Paths))
CRITICAL - 2025-06-16 07:10:22 --> TypeError: Unsupported operand types: string + int
[Method: GET, Route: employee/edit/1]
in APPPATH\Views\EmployeeView.php on line 76.
 1 SYSTEMPATH\View\View.php(224): include()
 2 SYSTEMPATH\View\View.php(227): CodeIgniter\View\View->CodeIgniter\View\{closure}()
 3 SYSTEMPATH\Common.php(1173): CodeIgniter\View\View->render('EmployeeView', [], true)
 4 APPPATH\Controllers\Employee.php(51): view('EmployeeView', [...])
 5 SYSTEMPATH\CodeIgniter.php(933): App\Controllers\Employee->edit('1')
 6 SYSTEMPATH\CodeIgniter.php(507): CodeIgniter\CodeIgniter->runController(Object(App\Controllers\Employee))
 7 SYSTEMPATH\CodeIgniter.php(354): CodeIgniter\CodeIgniter->handleRequest(null, Object(Config\Cache), false)
 8 SYSTEMPATH\Boot.php(334): CodeIgniter\CodeIgniter->run()
 9 SYSTEMPATH\Boot.php(67): CodeIgniter\Boot::runCodeIgniter(Object(CodeIgniter\CodeIgniter))
10 FCPATH\index.php(59): CodeIgniter\Boot::bootWeb(Object(Config\Paths))
CRITICAL - 2025-06-16 07:10:44 --> ErrorException: Undefined variable $employee
[Method: GET, Route: employee]
in APPPATH\Views\EmployeeView.php on line 74.
 1 APPPATH\Views\EmployeeView.php(74): CodeIgniter\Debug\Exceptions->errorHandler(2, 'Undefined variable $employee', 'C:\\xampp\\htdocs\\timesheet\\app\\Views\\EmployeeView.php', 74)
 2 SYSTEMPATH\View\View.php(224): include('C:\\xampp\\htdocs\\timesheet\\app\\Views\\EmployeeView.php')
 3 SYSTEMPATH\View\View.php(227): CodeIgniter\View\View->CodeIgniter\View\{closure}()
 4 SYSTEMPATH\Common.php(1173): CodeIgniter\View\View->render('EmployeeView', [], true)
 5 APPPATH\Controllers\Employee.php(12): view('EmployeeView', [...])
 6 SYSTEMPATH\CodeIgniter.php(933): App\Controllers\Employee->index()
 7 SYSTEMPATH\CodeIgniter.php(507): CodeIgniter\CodeIgniter->runController(Object(App\Controllers\Employee))
 8 SYSTEMPATH\CodeIgniter.php(354): CodeIgniter\CodeIgniter->handleRequest(null, Object(Config\Cache), false)
 9 SYSTEMPATH\Boot.php(334): CodeIgniter\CodeIgniter->run()
10 SYSTEMPATH\Boot.php(67): CodeIgniter\Boot::runCodeIgniter(Object(CodeIgniter\CodeIgniter))
11 FCPATH\index.php(59): CodeIgniter\Boot::bootWeb(Object(Config\Paths))
CRITICAL - 2025-06-16 07:14:24 --> TypeError: Unsupported operand types: string + int
[Method: GET, Route: employee/edit/1]
in APPPATH\Views\EmployeeView.php on line 79.
 1 SYSTEMPATH\View\View.php(224): include()
 2 SYSTEMPATH\View\View.php(227): CodeIgniter\View\View->CodeIgniter\View\{closure}()
 3 SYSTEMPATH\Common.php(1173): CodeIgniter\View\View->render('EmployeeView', [], true)
 4 APPPATH\Controllers\Employee.php(43): view('EmployeeView', [...])
 5 SYSTEMPATH\CodeIgniter.php(933): App\Controllers\Employee->edit('1')
 6 SYSTEMPATH\CodeIgniter.php(507): CodeIgniter\CodeIgniter->runController(Object(App\Controllers\Employee))
 7 SYSTEMPATH\CodeIgniter.php(354): CodeIgniter\CodeIgniter->handleRequest(null, Object(Config\Cache), false)
 8 SYSTEMPATH\Boot.php(334): CodeIgniter\CodeIgniter->run()
 9 SYSTEMPATH\Boot.php(67): CodeIgniter\Boot::runCodeIgniter(Object(CodeIgniter\CodeIgniter))
10 FCPATH\index.php(59): CodeIgniter\Boot::bootWeb(Object(Config\Paths))
CRITICAL - 2025-06-16 07:14:35 --> TypeError: Unsupported operand types: string + int
[Method: GET, Route: employee/edit/1]
in APPPATH\Views\EmployeeView.php on line 79.
 1 SYSTEMPATH\View\View.php(224): include()
 2 SYSTEMPATH\View\View.php(227): CodeIgniter\View\View->CodeIgniter\View\{closure}()
 3 SYSTEMPATH\Common.php(1173): CodeIgniter\View\View->render('EmployeeView', [], true)
 4 APPPATH\Controllers\Employee.php(43): view('EmployeeView', [...])
 5 SYSTEMPATH\CodeIgniter.php(933): App\Controllers\Employee->edit('1')
 6 SYSTEMPATH\CodeIgniter.php(507): CodeIgniter\CodeIgniter->runController(Object(App\Controllers\Employee))
 7 SYSTEMPATH\CodeIgniter.php(354): CodeIgniter\CodeIgniter->handleRequest(null, Object(Config\Cache), false)
 8 SYSTEMPATH\Boot.php(334): CodeIgniter\CodeIgniter->run()
 9 SYSTEMPATH\Boot.php(67): CodeIgniter\Boot::runCodeIgniter(Object(CodeIgniter\CodeIgniter))
10 FCPATH\index.php(59): CodeIgniter\Boot::bootWeb(Object(Config\Paths))
CRITICAL - 2025-06-16 10:32:31 --> TypeError: Unsupported operand types: string + int
[Method: GET, Route: employee/edit/1]
in APPPATH\Views\EmployeeView.php on line 99.
 1 SYSTEMPATH\View\View.php(224): include()
 2 SYSTEMPATH\View\View.php(227): CodeIgniter\View\View->CodeIgniter\View\{closure}()
 3 SYSTEMPATH\Common.php(1173): CodeIgniter\View\View->render('EmployeeView', [], true)
 4 APPPATH\Controllers\Employee.php(40): view('EmployeeView', [...])
 5 SYSTEMPATH\CodeIgniter.php(933): App\Controllers\Employee->edit('1')
 6 SYSTEMPATH\CodeIgniter.php(507): CodeIgniter\CodeIgniter->runController(Object(App\Controllers\Employee))
 7 SYSTEMPATH\CodeIgniter.php(354): CodeIgniter\CodeIgniter->handleRequest(null, Object(Config\Cache), false)
 8 SYSTEMPATH\Boot.php(334): CodeIgniter\CodeIgniter->run()
 9 SYSTEMPATH\Boot.php(67): CodeIgniter\Boot::runCodeIgniter(Object(CodeIgniter\CodeIgniter))
10 FCPATH\index.php(59): CodeIgniter\Boot::bootWeb(Object(Config\Paths))
CRITICAL - 2025-06-16 10:34:16 --> ErrorException: Undefined variable $employee
[Method: GET, Route: employee]
in APPPATH\Views\EmployeeView.php on line 97.
 1 APPPATH\Views\EmployeeView.php(97): CodeIgniter\Debug\Exceptions->errorHandler(2, 'Undefined variable $employee', 'C:\\xampp\\htdocs\\timesheet\\app\\Views\\EmployeeView.php', 97)
 2 SYSTEMPATH\View\View.php(224): include('C:\\xampp\\htdocs\\timesheet\\app\\Views\\EmployeeView.php')
 3 SYSTEMPATH\View\View.php(227): CodeIgniter\View\View->CodeIgniter\View\{closure}()
 4 SYSTEMPATH\Common.php(1173): CodeIgniter\View\View->render('EmployeeView', [], true)
 5 APPPATH\Controllers\Employee.php(13): view('EmployeeView', [...])
 6 SYSTEMPATH\CodeIgniter.php(933): App\Controllers\Employee->index()
 7 SYSTEMPATH\CodeIgniter.php(507): CodeIgniter\CodeIgniter->runController(Object(App\Controllers\Employee))
 8 SYSTEMPATH\CodeIgniter.php(354): CodeIgniter\CodeIgniter->handleRequest(null, Object(Config\Cache), false)
 9 SYSTEMPATH\Boot.php(334): CodeIgniter\CodeIgniter->run()
10 SYSTEMPATH\Boot.php(67): CodeIgniter\Boot::runCodeIgniter(Object(CodeIgniter\CodeIgniter))
11 FCPATH\index.php(59): CodeIgniter\Boot::bootWeb(Object(Config\Paths))
CRITICAL - 2025-06-16 10:34:17 --> ErrorException: Undefined variable $employee
[Method: GET, Route: employee]
in APPPATH\Views\EmployeeView.php on line 97.
 1 APPPATH\Views\EmployeeView.php(97): CodeIgniter\Debug\Exceptions->errorHandler(2, 'Undefined variable $employee', 'C:\\xampp\\htdocs\\timesheet\\app\\Views\\EmployeeView.php', 97)
 2 SYSTEMPATH\View\View.php(224): include('C:\\xampp\\htdocs\\timesheet\\app\\Views\\EmployeeView.php')
 3 SYSTEMPATH\View\View.php(227): CodeIgniter\View\View->CodeIgniter\View\{closure}()
 4 SYSTEMPATH\Common.php(1173): CodeIgniter\View\View->render('EmployeeView', [], true)
 5 APPPATH\Controllers\Employee.php(13): view('EmployeeView', [...])
 6 SYSTEMPATH\CodeIgniter.php(933): App\Controllers\Employee->index()
 7 SYSTEMPATH\CodeIgniter.php(507): CodeIgniter\CodeIgniter->runController(Object(App\Controllers\Employee))
 8 SYSTEMPATH\CodeIgniter.php(354): CodeIgniter\CodeIgniter->handleRequest(null, Object(Config\Cache), false)
 9 SYSTEMPATH\Boot.php(334): CodeIgniter\CodeIgniter->run()
10 SYSTEMPATH\Boot.php(67): CodeIgniter\Boot::runCodeIgniter(Object(CodeIgniter\CodeIgniter))
11 FCPATH\index.php(59): CodeIgniter\Boot::bootWeb(Object(Config\Paths))
CRITICAL - 2025-06-16 10:34:35 --> ErrorException: Undefined variable $employes
[Method: GET, Route: employee]
in APPPATH\Views\EmployeeView.php on line 97.
 1 APPPATH\Views\EmployeeView.php(97): CodeIgniter\Debug\Exceptions->errorHandler(2, 'Undefined variable $employes', 'C:\\xampp\\htdocs\\timesheet\\app\\Views\\EmployeeView.php', 97)
 2 SYSTEMPATH\View\View.php(224): include('C:\\xampp\\htdocs\\timesheet\\app\\Views\\EmployeeView.php')
 3 SYSTEMPATH\View\View.php(227): CodeIgniter\View\View->CodeIgniter\View\{closure}()
 4 SYSTEMPATH\Common.php(1173): CodeIgniter\View\View->render('EmployeeView', [], true)
 5 APPPATH\Controllers\Employee.php(13): view('EmployeeView', [...])
 6 SYSTEMPATH\CodeIgniter.php(933): App\Controllers\Employee->index()
 7 SYSTEMPATH\CodeIgniter.php(507): CodeIgniter\CodeIgniter->runController(Object(App\Controllers\Employee))
 8 SYSTEMPATH\CodeIgniter.php(354): CodeIgniter\CodeIgniter->handleRequest(null, Object(Config\Cache), false)
 9 SYSTEMPATH\Boot.php(334): CodeIgniter\CodeIgniter->run()
10 SYSTEMPATH\Boot.php(67): CodeIgniter\Boot::runCodeIgniter(Object(CodeIgniter\CodeIgniter))
11 FCPATH\index.php(59): CodeIgniter\Boot::bootWeb(Object(Config\Paths))
ERROR - 2025-06-16 10:35:49 --> mysqli_sql_exception: Duplicate entry 'galih01' for key 'brilliant_usn' in C:\xampp\htdocs\timesheet\system\Database\MySQLi\Connection.php:327
Stack trace:
#0 C:\xampp\htdocs\timesheet\system\Database\MySQLi\Connection.php(327): mysqli->query('INSERT INTO `em...', 0)
#1 C:\xampp\htdocs\timesheet\system\Database\BaseConnection.php(738): CodeIgniter\Database\MySQLi\Connection->execute('INSERT INTO `em...')
#2 C:\xampp\htdocs\timesheet\system\Database\BaseConnection.php(652): CodeIgniter\Database\BaseConnection->simpleQuery('INSERT INTO `em...')
#3 C:\xampp\htdocs\timesheet\system\Database\BaseBuilder.php(2345): CodeIgniter\Database\BaseConnection->query('INSERT INTO `em...', Array, false)
#4 C:\xampp\htdocs\timesheet\system\Model.php(394): CodeIgniter\Database\BaseBuilder->insert()
#5 C:\xampp\htdocs\timesheet\system\BaseModel.php(843): CodeIgniter\Model->doInsert(Array)
#6 C:\xampp\htdocs\timesheet\system\Model.php(800): CodeIgniter\BaseModel->insert(Array, true)
#7 C:\xampp\htdocs\timesheet\app\Controllers\Employee.php(19): CodeIgniter\Model->insert(Array)
#8 C:\xampp\htdocs\timesheet\system\CodeIgniter.php(933): App\Controllers\Employee->store()
#9 C:\xampp\htdocs\timesheet\system\CodeIgniter.php(507): CodeIgniter\CodeIgniter->runController(Object(App\Controllers\Employee))
#10 C:\xampp\htdocs\timesheet\system\CodeIgniter.php(354): CodeIgniter\CodeIgniter->handleRequest(NULL, Object(Config\Cache), false)
#11 C:\xampp\htdocs\timesheet\system\Boot.php(334): CodeIgniter\CodeIgniter->run()
#12 C:\xampp\htdocs\timesheet\system\Boot.php(67): CodeIgniter\Boot::runCodeIgniter(Object(CodeIgniter\CodeIgniter))
#13 C:\xampp\htdocs\timesheet\public\index.php(59): CodeIgniter\Boot::bootWeb(Object(Config\Paths))
#14 {main}
CRITICAL - 2025-06-16 10:35:49 --> CodeIgniter\Database\Exceptions\DatabaseException: Duplicate entry 'galih01' for key 'brilliant_usn'
[Method: POST, Route: employee/store]
in SYSTEMPATH\Database\BaseConnection.php on line 692.
 1 SYSTEMPATH\Database\BaseBuilder.php(2345): CodeIgniter\Database\BaseConnection->query('INSERT INTO `employee` (`nama_employee`, `id_role`, `alamat_employee`, `dob_employee`, `status_employee`, `username`, `password`, `nohp_employee`, `last_modified`, `author`) VALUES (:nama_employee:, :id_role:, :alamat_employee:, :dob_employee:, :status_employee:, :username:, :password:, :nohp_employee:, :last_modified:, :author:)', [...], false)
 2 SYSTEMPATH\Model.php(394): CodeIgniter\Database\BaseBuilder->insert()
 3 SYSTEMPATH\BaseModel.php(843): CodeIgniter\Model->doInsert([...])
 4 SYSTEMPATH\Model.php(800): CodeIgniter\BaseModel->insert([...], true)
 5 APPPATH\Controllers\Employee.php(19): CodeIgniter\Model->insert([...])
 6 SYSTEMPATH\CodeIgniter.php(933): App\Controllers\Employee->store()
 7 SYSTEMPATH\CodeIgniter.php(507): CodeIgniter\CodeIgniter->runController(Object(App\Controllers\Employee))
 8 SYSTEMPATH\CodeIgniter.php(354): CodeIgniter\CodeIgniter->handleRequest(null, Object(Config\Cache), false)
 9 SYSTEMPATH\Boot.php(334): CodeIgniter\CodeIgniter->run()
10 SYSTEMPATH\Boot.php(67): CodeIgniter\Boot::runCodeIgniter(Object(CodeIgniter\CodeIgniter))
11 FCPATH\index.php(59): CodeIgniter\Boot::bootWeb(Object(Config\Paths))
CRITICAL - 2025-06-16 10:35:49 --> [Caused by] CodeIgniter\Database\Exceptions\DatabaseException: Duplicate entry 'galih01' for key 'brilliant_usn'
in SYSTEMPATH\Database\MySQLi\Connection.php on line 332.
 1 SYSTEMPATH\Database\BaseConnection.php(738): CodeIgniter\Database\MySQLi\Connection->execute('INSERT INTO `employee` (`nama_employee`, `id_role`, `alamat_employee`, `dob_employee`, `status_employee`, `username`, `password`, `nohp_employee`, `last_modified`, `author`) VALUES (\'galih\', \'1\', \'gua hira\', \'2004-03-24\', \'1\', \'galih01\', \'$2y$10$KI1mgc42MSqsv1hx2A7aDeg3EGjBxq4DwTYtEOgpVxmdfk.Fv8Lti\', \'12345\', \'2025-06-16 10:35:49\', 1)')
 2 SYSTEMPATH\Database\BaseConnection.php(652): CodeIgniter\Database\BaseConnection->simpleQuery('INSERT INTO `employee` (`nama_employee`, `id_role`, `alamat_employee`, `dob_employee`, `status_employee`, `username`, `password`, `nohp_employee`, `last_modified`, `author`) VALUES (\'galih\', \'1\', \'gua hira\', \'2004-03-24\', \'1\', \'galih01\', \'$2y$10$KI1mgc42MSqsv1hx2A7aDeg3EGjBxq4DwTYtEOgpVxmdfk.Fv8Lti\', \'12345\', \'2025-06-16 10:35:49\', 1)')
 3 SYSTEMPATH\Database\BaseBuilder.php(2345): CodeIgniter\Database\BaseConnection->query('INSERT INTO `employee` (`nama_employee`, `id_role`, `alamat_employee`, `dob_employee`, `status_employee`, `username`, `password`, `nohp_employee`, `last_modified`, `author`) VALUES (:nama_employee:, :id_role:, :alamat_employee:, :dob_employee:, :status_employee:, :username:, :password:, :nohp_employee:, :last_modified:, :author:)', [...], false)
 4 SYSTEMPATH\Model.php(394): CodeIgniter\Database\BaseBuilder->insert()
 5 SYSTEMPATH\BaseModel.php(843): CodeIgniter\Model->doInsert([...])
 6 SYSTEMPATH\Model.php(800): CodeIgniter\BaseModel->insert([...], true)
 7 APPPATH\Controllers\Employee.php(19): CodeIgniter\Model->insert([...])
 8 SYSTEMPATH\CodeIgniter.php(933): App\Controllers\Employee->store()
 9 SYSTEMPATH\CodeIgniter.php(507): CodeIgniter\CodeIgniter->runController(Object(App\Controllers\Employee))
10 SYSTEMPATH\CodeIgniter.php(354): CodeIgniter\CodeIgniter->handleRequest(null, Object(Config\Cache), false)
11 SYSTEMPATH\Boot.php(334): CodeIgniter\CodeIgniter->run()
12 SYSTEMPATH\Boot.php(67): CodeIgniter\Boot::runCodeIgniter(Object(CodeIgniter\CodeIgniter))
13 FCPATH\index.php(59): CodeIgniter\Boot::bootWeb(Object(Config\Paths))
CRITICAL - 2025-06-16 10:35:49 --> [Caused by] mysqli_sql_exception: Duplicate entry 'galih01' for key 'brilliant_usn'
in SYSTEMPATH\Database\MySQLi\Connection.php on line 327.
 1 SYSTEMPATH\Database\MySQLi\Connection.php(327): mysqli->query('INSERT INTO `employee` (`nama_employee`, `id_role`, `alamat_employee`, `dob_employee`, `status_employee`, `username`, `password`, `nohp_employee`, `last_modified`, `author`) VALUES (\'galih\', \'1\', \'gua hira\', \'2004-03-24\', \'1\', \'galih01\', \'$2y$10$KI1mgc42MSqsv1hx2A7aDeg3EGjBxq4DwTYtEOgpVxmdfk.Fv8Lti\', \'12345\', \'2025-06-16 10:35:49\', 1)', 0)
 2 SYSTEMPATH\Database\BaseConnection.php(738): CodeIgniter\Database\MySQLi\Connection->execute('INSERT INTO `employee` (`nama_employee`, `id_role`, `alamat_employee`, `dob_employee`, `status_employee`, `username`, `password`, `nohp_employee`, `last_modified`, `author`) VALUES (\'galih\', \'1\', \'gua hira\', \'2004-03-24\', \'1\', \'galih01\', \'$2y$10$KI1mgc42MSqsv1hx2A7aDeg3EGjBxq4DwTYtEOgpVxmdfk.Fv8Lti\', \'12345\', \'2025-06-16 10:35:49\', 1)')
 3 SYSTEMPATH\Database\BaseConnection.php(652): CodeIgniter\Database\BaseConnection->simpleQuery('INSERT INTO `employee` (`nama_employee`, `id_role`, `alamat_employee`, `dob_employee`, `status_employee`, `username`, `password`, `nohp_employee`, `last_modified`, `author`) VALUES (\'galih\', \'1\', \'gua hira\', \'2004-03-24\', \'1\', \'galih01\', \'$2y$10$KI1mgc42MSqsv1hx2A7aDeg3EGjBxq4DwTYtEOgpVxmdfk.Fv8Lti\', \'12345\', \'2025-06-16 10:35:49\', 1)')
 4 SYSTEMPATH\Database\BaseBuilder.php(2345): CodeIgniter\Database\BaseConnection->query('INSERT INTO `employee` (`nama_employee`, `id_role`, `alamat_employee`, `dob_employee`, `status_employee`, `username`, `password`, `nohp_employee`, `last_modified`, `author`) VALUES (:nama_employee:, :id_role:, :alamat_employee:, :dob_employee:, :status_employee:, :username:, :password:, :nohp_employee:, :last_modified:, :author:)', [...], false)
 5 SYSTEMPATH\Model.php(394): CodeIgniter\Database\BaseBuilder->insert()
 6 SYSTEMPATH\BaseModel.php(843): CodeIgniter\Model->doInsert([...])
 7 SYSTEMPATH\Model.php(800): CodeIgniter\BaseModel->insert([...], true)
 8 APPPATH\Controllers\Employee.php(19): CodeIgniter\Model->insert([...])
 9 SYSTEMPATH\CodeIgniter.php(933): App\Controllers\Employee->store()
10 SYSTEMPATH\CodeIgniter.php(507): CodeIgniter\CodeIgniter->runController(Object(App\Controllers\Employee))
11 SYSTEMPATH\CodeIgniter.php(354): CodeIgniter\CodeIgniter->handleRequest(null, Object(Config\Cache), false)
12 SYSTEMPATH\Boot.php(334): CodeIgniter\CodeIgniter->run()
13 SYSTEMPATH\Boot.php(67): CodeIgniter\Boot::runCodeIgniter(Object(CodeIgniter\CodeIgniter))
14 FCPATH\index.php(59): CodeIgniter\Boot::bootWeb(Object(Config\Paths))
DEBUG - 2025-06-16 10:46:15 --> Session: Class initialized using 'CodeIgniter\Session\Handlers\FileHandler' driver.
DEBUG - 2025-06-16 10:48:19 --> Session: Class initialized using 'CodeIgniter\Session\Handlers\FileHandler' driver.
