CRITICAL - 2025-07-04 00:47:01 --> CodeIgniter\View\Exceptions\ViewException: Invalid file: "employee/EmployeeAdd.php"
[Method: GET, Route: employee/create]
in SYSTEMPATH\Exceptions\FrameworkException.php on line 39.
 1 SYSTEMPATH\View\View.php(212): CodeIgniter\Exceptions\FrameworkException::forInvalidFile('employee/EmployeeAdd.php')
 2 SYSTEMPATH\Common.php(1173): CodeIgniter\View\View->render('employee/EmployeeAdd', [], true)
 3 APPPATH\Controllers\Employee.php(27): view('employee/EmployeeAdd', [...])
 4 SYSTEMPATH\CodeIgniter.php(933): App\Controllers\Employee->create()
 5 SYSTEMPATH\CodeIgniter.php(507): CodeIgniter\CodeIgniter->runController(Object(App\Controllers\Employee))
 6 SYSTEMPATH\CodeIgniter.php(354): CodeIgniter\CodeIgniter->handleRequest(null, Object(Config\Cache), false)
 7 SYSTEMPATH\Boot.php(334): CodeIgniter\CodeIgniter->run()
 8 SYSTEMPATH\Boot.php(67): CodeIgniter\Boot::runCodeIgniter(Object(CodeIgniter\CodeIgniter))
 9 FCPATH\index.php(59): CodeIgniter\Boot::bootWeb(Object(Config\Paths))
DEBUG - 2025-07-04 01:09:21 --> Session: Class initialized using 'CodeIgniter\Session\Handlers\FileHandler' driver.
ERROR - 2025-07-04 01:10:59 --> mysqli_sql_exception: Column 'nohp_employee' cannot be null in C:\xampp\htdocs\timesheet\system\Database\MySQLi\Connection.php:327
Stack trace:
#0 C:\xampp\htdocs\timesheet\system\Database\MySQLi\Connection.php(327): mysqli->query('INSERT INTO `em...', 0)
#1 C:\xampp\htdocs\timesheet\system\Database\BaseConnection.php(738): CodeIgniter\Database\MySQLi\Connection->execute('INSERT INTO `em...')
#2 C:\xampp\htdocs\timesheet\system\Database\BaseConnection.php(652): CodeIgniter\Database\BaseConnection->simpleQuery('INSERT INTO `em...')
#3 C:\xampp\htdocs\timesheet\system\Database\BaseBuilder.php(2345): CodeIgniter\Database\BaseConnection->query('INSERT INTO `em...', Array, false)
#4 C:\xampp\htdocs\timesheet\system\Model.php(394): CodeIgniter\Database\BaseBuilder->insert()
#5 C:\xampp\htdocs\timesheet\system\BaseModel.php(843): CodeIgniter\Model->doInsert(Array)
#6 C:\xampp\htdocs\timesheet\system\Model.php(800): CodeIgniter\BaseModel->insert(Array, true)
#7 C:\xampp\htdocs\timesheet\app\Controllers\Employee.php(35): CodeIgniter\Model->insert(Array)
#8 C:\xampp\htdocs\timesheet\system\CodeIgniter.php(933): App\Controllers\Employee->store()
#9 C:\xampp\htdocs\timesheet\system\CodeIgniter.php(507): CodeIgniter\CodeIgniter->runController(Object(App\Controllers\Employee))
#10 C:\xampp\htdocs\timesheet\system\CodeIgniter.php(354): CodeIgniter\CodeIgniter->handleRequest(NULL, Object(Config\Cache), false)
#11 C:\xampp\htdocs\timesheet\system\Boot.php(334): CodeIgniter\CodeIgniter->run()
#12 C:\xampp\htdocs\timesheet\system\Boot.php(67): CodeIgniter\Boot::runCodeIgniter(Object(CodeIgniter\CodeIgniter))
#13 C:\xampp\htdocs\timesheet\public\index.php(59): CodeIgniter\Boot::bootWeb(Object(Config\Paths))
#14 {main}
CRITICAL - 2025-07-04 01:10:59 --> CodeIgniter\Database\Exceptions\DatabaseException: Column 'nohp_employee' cannot be null
[Method: POST, Route: employee/store]
in SYSTEMPATH\Database\BaseConnection.php on line 692.
 1 SYSTEMPATH\Database\BaseBuilder.php(2345): CodeIgniter\Database\BaseConnection->query('INSERT INTO `employee` (`nama_employee`, `id_role`, `alamat_employee`, `dob_employee`, `status_employee`, `username`, `password`, `nohp_employee`, `last_modified`, `author`) VALUES (:nama_employee:, :id_role:, :alamat_employee:, :dob_employee:, :status_employee:, :username:, :password:, :nohp_employee:, :last_modified:, :author:)', [...], false)
 2 SYSTEMPATH\Model.php(394): CodeIgniter\Database\BaseBuilder->insert()
 3 SYSTEMPATH\BaseModel.php(843): CodeIgniter\Model->doInsert([...])
 4 SYSTEMPATH\Model.php(800): CodeIgniter\BaseModel->insert([...], true)
 5 APPPATH\Controllers\Employee.php(35): CodeIgniter\Model->insert([...])
 6 SYSTEMPATH\CodeIgniter.php(933): App\Controllers\Employee->store()
 7 SYSTEMPATH\CodeIgniter.php(507): CodeIgniter\CodeIgniter->runController(Object(App\Controllers\Employee))
 8 SYSTEMPATH\CodeIgniter.php(354): CodeIgniter\CodeIgniter->handleRequest(null, Object(Config\Cache), false)
 9 SYSTEMPATH\Boot.php(334): CodeIgniter\CodeIgniter->run()
10 SYSTEMPATH\Boot.php(67): CodeIgniter\Boot::runCodeIgniter(Object(CodeIgniter\CodeIgniter))
11 FCPATH\index.php(59): CodeIgniter\Boot::bootWeb(Object(Config\Paths))
CRITICAL - 2025-07-04 01:10:59 --> [Caused by] CodeIgniter\Database\Exceptions\DatabaseException: Column 'nohp_employee' cannot be null
in SYSTEMPATH\Database\MySQLi\Connection.php on line 332.
 1 SYSTEMPATH\Database\BaseConnection.php(738): CodeIgniter\Database\MySQLi\Connection->execute('INSERT INTO `employee` (`nama_employee`, `id_role`, `alamat_employee`, `dob_employee`, `status_employee`, `username`, `password`, `nohp_employee`, `last_modified`, `author`) VALUES (\'ricky\', \'1\', \'ganteng ganteng serigala\', \'2004-06-08\', \'1\', \'rickgans\', \'$2y$10$3HmhoMauCWBhuUwyAfI1CuSNX92kVODdRcWW3tmPkaUVZtoIa8bSi\', NULL, \'2025-07-04 01:10:59\', 1)')
 2 SYSTEMPATH\Database\BaseConnection.php(652): CodeIgniter\Database\BaseConnection->simpleQuery('INSERT INTO `employee` (`nama_employee`, `id_role`, `alamat_employee`, `dob_employee`, `status_employee`, `username`, `password`, `nohp_employee`, `last_modified`, `author`) VALUES (\'ricky\', \'1\', \'ganteng ganteng serigala\', \'2004-06-08\', \'1\', \'rickgans\', \'$2y$10$3HmhoMauCWBhuUwyAfI1CuSNX92kVODdRcWW3tmPkaUVZtoIa8bSi\', NULL, \'2025-07-04 01:10:59\', 1)')
 3 SYSTEMPATH\Database\BaseBuilder.php(2345): CodeIgniter\Database\BaseConnection->query('INSERT INTO `employee` (`nama_employee`, `id_role`, `alamat_employee`, `dob_employee`, `status_employee`, `username`, `password`, `nohp_employee`, `last_modified`, `author`) VALUES (:nama_employee:, :id_role:, :alamat_employee:, :dob_employee:, :status_employee:, :username:, :password:, :nohp_employee:, :last_modified:, :author:)', [...], false)
 4 SYSTEMPATH\Model.php(394): CodeIgniter\Database\BaseBuilder->insert()
 5 SYSTEMPATH\BaseModel.php(843): CodeIgniter\Model->doInsert([...])
 6 SYSTEMPATH\Model.php(800): CodeIgniter\BaseModel->insert([...], true)
 7 APPPATH\Controllers\Employee.php(35): CodeIgniter\Model->insert([...])
 8 SYSTEMPATH\CodeIgniter.php(933): App\Controllers\Employee->store()
 9 SYSTEMPATH\CodeIgniter.php(507): CodeIgniter\CodeIgniter->runController(Object(App\Controllers\Employee))
10 SYSTEMPATH\CodeIgniter.php(354): CodeIgniter\CodeIgniter->handleRequest(null, Object(Config\Cache), false)
11 SYSTEMPATH\Boot.php(334): CodeIgniter\CodeIgniter->run()
12 SYSTEMPATH\Boot.php(67): CodeIgniter\Boot::runCodeIgniter(Object(CodeIgniter\CodeIgniter))
13 FCPATH\index.php(59): CodeIgniter\Boot::bootWeb(Object(Config\Paths))
CRITICAL - 2025-07-04 01:10:59 --> [Caused by] mysqli_sql_exception: Column 'nohp_employee' cannot be null
in SYSTEMPATH\Database\MySQLi\Connection.php on line 327.
 1 SYSTEMPATH\Database\MySQLi\Connection.php(327): mysqli->query('INSERT INTO `employee` (`nama_employee`, `id_role`, `alamat_employee`, `dob_employee`, `status_employee`, `username`, `password`, `nohp_employee`, `last_modified`, `author`) VALUES (\'ricky\', \'1\', \'ganteng ganteng serigala\', \'2004-06-08\', \'1\', \'rickgans\', \'$2y$10$3HmhoMauCWBhuUwyAfI1CuSNX92kVODdRcWW3tmPkaUVZtoIa8bSi\', NULL, \'2025-07-04 01:10:59\', 1)', 0)
 2 SYSTEMPATH\Database\BaseConnection.php(738): CodeIgniter\Database\MySQLi\Connection->execute('INSERT INTO `employee` (`nama_employee`, `id_role`, `alamat_employee`, `dob_employee`, `status_employee`, `username`, `password`, `nohp_employee`, `last_modified`, `author`) VALUES (\'ricky\', \'1\', \'ganteng ganteng serigala\', \'2004-06-08\', \'1\', \'rickgans\', \'$2y$10$3HmhoMauCWBhuUwyAfI1CuSNX92kVODdRcWW3tmPkaUVZtoIa8bSi\', NULL, \'2025-07-04 01:10:59\', 1)')
 3 SYSTEMPATH\Database\BaseConnection.php(652): CodeIgniter\Database\BaseConnection->simpleQuery('INSERT INTO `employee` (`nama_employee`, `id_role`, `alamat_employee`, `dob_employee`, `status_employee`, `username`, `password`, `nohp_employee`, `last_modified`, `author`) VALUES (\'ricky\', \'1\', \'ganteng ganteng serigala\', \'2004-06-08\', \'1\', \'rickgans\', \'$2y$10$3HmhoMauCWBhuUwyAfI1CuSNX92kVODdRcWW3tmPkaUVZtoIa8bSi\', NULL, \'2025-07-04 01:10:59\', 1)')
 4 SYSTEMPATH\Database\BaseBuilder.php(2345): CodeIgniter\Database\BaseConnection->query('INSERT INTO `employee` (`nama_employee`, `id_role`, `alamat_employee`, `dob_employee`, `status_employee`, `username`, `password`, `nohp_employee`, `last_modified`, `author`) VALUES (:nama_employee:, :id_role:, :alamat_employee:, :dob_employee:, :status_employee:, :username:, :password:, :nohp_employee:, :last_modified:, :author:)', [...], false)
 5 SYSTEMPATH\Model.php(394): CodeIgniter\Database\BaseBuilder->insert()
 6 SYSTEMPATH\BaseModel.php(843): CodeIgniter\Model->doInsert([...])
 7 SYSTEMPATH\Model.php(800): CodeIgniter\BaseModel->insert([...], true)
 8 APPPATH\Controllers\Employee.php(35): CodeIgniter\Model->insert([...])
 9 SYSTEMPATH\CodeIgniter.php(933): App\Controllers\Employee->store()
10 SYSTEMPATH\CodeIgniter.php(507): CodeIgniter\CodeIgniter->runController(Object(App\Controllers\Employee))
11 SYSTEMPATH\CodeIgniter.php(354): CodeIgniter\CodeIgniter->handleRequest(null, Object(Config\Cache), false)
12 SYSTEMPATH\Boot.php(334): CodeIgniter\CodeIgniter->run()
13 SYSTEMPATH\Boot.php(67): CodeIgniter\Boot::runCodeIgniter(Object(CodeIgniter\CodeIgniter))
14 FCPATH\index.php(59): CodeIgniter\Boot::bootWeb(Object(Config\Paths))
DEBUG - 2025-07-04 01:16:21 --> Session: Class initialized using 'CodeIgniter\Session\Handlers\FileHandler' driver.
ERROR - 2025-07-04 01:18:21 --> mysqli_sql_exception: Column 'nohp_employee' cannot be null in C:\xampp\htdocs\timesheet\system\Database\MySQLi\Connection.php:327
Stack trace:
#0 C:\xampp\htdocs\timesheet\system\Database\MySQLi\Connection.php(327): mysqli->query('INSERT INTO `em...', 0)
#1 C:\xampp\htdocs\timesheet\system\Database\BaseConnection.php(738): CodeIgniter\Database\MySQLi\Connection->execute('INSERT INTO `em...')
#2 C:\xampp\htdocs\timesheet\system\Database\BaseConnection.php(652): CodeIgniter\Database\BaseConnection->simpleQuery('INSERT INTO `em...')
#3 C:\xampp\htdocs\timesheet\system\Database\BaseBuilder.php(2345): CodeIgniter\Database\BaseConnection->query('INSERT INTO `em...', Array, false)
#4 C:\xampp\htdocs\timesheet\system\Model.php(394): CodeIgniter\Database\BaseBuilder->insert()
#5 C:\xampp\htdocs\timesheet\system\BaseModel.php(843): CodeIgniter\Model->doInsert(Array)
#6 C:\xampp\htdocs\timesheet\system\Model.php(800): CodeIgniter\BaseModel->insert(Array, true)
#7 C:\xampp\htdocs\timesheet\app\Controllers\Employee.php(35): CodeIgniter\Model->insert(Array)
#8 C:\xampp\htdocs\timesheet\system\CodeIgniter.php(933): App\Controllers\Employee->store()
#9 C:\xampp\htdocs\timesheet\system\CodeIgniter.php(507): CodeIgniter\CodeIgniter->runController(Object(App\Controllers\Employee))
#10 C:\xampp\htdocs\timesheet\system\CodeIgniter.php(354): CodeIgniter\CodeIgniter->handleRequest(NULL, Object(Config\Cache), false)
#11 C:\xampp\htdocs\timesheet\system\Boot.php(334): CodeIgniter\CodeIgniter->run()
#12 C:\xampp\htdocs\timesheet\system\Boot.php(67): CodeIgniter\Boot::runCodeIgniter(Object(CodeIgniter\CodeIgniter))
#13 C:\xampp\htdocs\timesheet\public\index.php(59): CodeIgniter\Boot::bootWeb(Object(Config\Paths))
#14 {main}
CRITICAL - 2025-07-04 01:18:21 --> CodeIgniter\Database\Exceptions\DatabaseException: Column 'nohp_employee' cannot be null
[Method: POST, Route: employee/store]
in SYSTEMPATH\Database\BaseConnection.php on line 692.
 1 SYSTEMPATH\Database\BaseBuilder.php(2345): CodeIgniter\Database\BaseConnection->query('INSERT INTO `employee` (`nama_employee`, `id_role`, `alamat_employee`, `dob_employee`, `status_employee`, `username`, `password`, `nohp_employee`, `last_modified`, `author`) VALUES (:nama_employee:, :id_role:, :alamat_employee:, :dob_employee:, :status_employee:, :username:, :password:, :nohp_employee:, :last_modified:, :author:)', [...], false)
 2 SYSTEMPATH\Model.php(394): CodeIgniter\Database\BaseBuilder->insert()
 3 SYSTEMPATH\BaseModel.php(843): CodeIgniter\Model->doInsert([...])
 4 SYSTEMPATH\Model.php(800): CodeIgniter\BaseModel->insert([...], true)
 5 APPPATH\Controllers\Employee.php(35): CodeIgniter\Model->insert([...])
 6 SYSTEMPATH\CodeIgniter.php(933): App\Controllers\Employee->store()
 7 SYSTEMPATH\CodeIgniter.php(507): CodeIgniter\CodeIgniter->runController(Object(App\Controllers\Employee))
 8 SYSTEMPATH\CodeIgniter.php(354): CodeIgniter\CodeIgniter->handleRequest(null, Object(Config\Cache), false)
 9 SYSTEMPATH\Boot.php(334): CodeIgniter\CodeIgniter->run()
10 SYSTEMPATH\Boot.php(67): CodeIgniter\Boot::runCodeIgniter(Object(CodeIgniter\CodeIgniter))
11 FCPATH\index.php(59): CodeIgniter\Boot::bootWeb(Object(Config\Paths))
CRITICAL - 2025-07-04 01:18:21 --> [Caused by] CodeIgniter\Database\Exceptions\DatabaseException: Column 'nohp_employee' cannot be null
in SYSTEMPATH\Database\MySQLi\Connection.php on line 332.
 1 SYSTEMPATH\Database\BaseConnection.php(738): CodeIgniter\Database\MySQLi\Connection->execute('INSERT INTO `employee` (`nama_employee`, `id_role`, `alamat_employee`, `dob_employee`, `status_employee`, `username`, `password`, `nohp_employee`, `last_modified`, `author`) VALUES (\'ricky\', \'1\', \'sepanjang jalanan ini banyak sekali kenangan indah yang bisa dirasakan hangatnya kembali\', \'2005-07-07\', \'1\', \'rickgans\', \'$2y$10$IEvMfX55Pj4Vgmr3iqtqxuwWEWbhXqdJsgUHKumkmdLyJiKb2sLgC\', NULL, \'2025-07-04 01:18:21\', 1)')
 2 SYSTEMPATH\Database\BaseConnection.php(652): CodeIgniter\Database\BaseConnection->simpleQuery('INSERT INTO `employee` (`nama_employee`, `id_role`, `alamat_employee`, `dob_employee`, `status_employee`, `username`, `password`, `nohp_employee`, `last_modified`, `author`) VALUES (\'ricky\', \'1\', \'sepanjang jalanan ini banyak sekali kenangan indah yang bisa dirasakan hangatnya kembali\', \'2005-07-07\', \'1\', \'rickgans\', \'$2y$10$IEvMfX55Pj4Vgmr3iqtqxuwWEWbhXqdJsgUHKumkmdLyJiKb2sLgC\', NULL, \'2025-07-04 01:18:21\', 1)')
 3 SYSTEMPATH\Database\BaseBuilder.php(2345): CodeIgniter\Database\BaseConnection->query('INSERT INTO `employee` (`nama_employee`, `id_role`, `alamat_employee`, `dob_employee`, `status_employee`, `username`, `password`, `nohp_employee`, `last_modified`, `author`) VALUES (:nama_employee:, :id_role:, :alamat_employee:, :dob_employee:, :status_employee:, :username:, :password:, :nohp_employee:, :last_modified:, :author:)', [...], false)
 4 SYSTEMPATH\Model.php(394): CodeIgniter\Database\BaseBuilder->insert()
 5 SYSTEMPATH\BaseModel.php(843): CodeIgniter\Model->doInsert([...])
 6 SYSTEMPATH\Model.php(800): CodeIgniter\BaseModel->insert([...], true)
 7 APPPATH\Controllers\Employee.php(35): CodeIgniter\Model->insert([...])
 8 SYSTEMPATH\CodeIgniter.php(933): App\Controllers\Employee->store()
 9 SYSTEMPATH\CodeIgniter.php(507): CodeIgniter\CodeIgniter->runController(Object(App\Controllers\Employee))
10 SYSTEMPATH\CodeIgniter.php(354): CodeIgniter\CodeIgniter->handleRequest(null, Object(Config\Cache), false)
11 SYSTEMPATH\Boot.php(334): CodeIgniter\CodeIgniter->run()
12 SYSTEMPATH\Boot.php(67): CodeIgniter\Boot::runCodeIgniter(Object(CodeIgniter\CodeIgniter))
13 FCPATH\index.php(59): CodeIgniter\Boot::bootWeb(Object(Config\Paths))
CRITICAL - 2025-07-04 01:18:21 --> [Caused by] mysqli_sql_exception: Column 'nohp_employee' cannot be null
in SYSTEMPATH\Database\MySQLi\Connection.php on line 327.
 1 SYSTEMPATH\Database\MySQLi\Connection.php(327): mysqli->query('INSERT INTO `employee` (`nama_employee`, `id_role`, `alamat_employee`, `dob_employee`, `status_employee`, `username`, `password`, `nohp_employee`, `last_modified`, `author`) VALUES (\'ricky\', \'1\', \'sepanjang jalanan ini banyak sekali kenangan indah yang bisa dirasakan hangatnya kembali\', \'2005-07-07\', \'1\', \'rickgans\', \'$2y$10$IEvMfX55Pj4Vgmr3iqtqxuwWEWbhXqdJsgUHKumkmdLyJiKb2sLgC\', NULL, \'2025-07-04 01:18:21\', 1)', 0)
 2 SYSTEMPATH\Database\BaseConnection.php(738): CodeIgniter\Database\MySQLi\Connection->execute('INSERT INTO `employee` (`nama_employee`, `id_role`, `alamat_employee`, `dob_employee`, `status_employee`, `username`, `password`, `nohp_employee`, `last_modified`, `author`) VALUES (\'ricky\', \'1\', \'sepanjang jalanan ini banyak sekali kenangan indah yang bisa dirasakan hangatnya kembali\', \'2005-07-07\', \'1\', \'rickgans\', \'$2y$10$IEvMfX55Pj4Vgmr3iqtqxuwWEWbhXqdJsgUHKumkmdLyJiKb2sLgC\', NULL, \'2025-07-04 01:18:21\', 1)')
 3 SYSTEMPATH\Database\BaseConnection.php(652): CodeIgniter\Database\BaseConnection->simpleQuery('INSERT INTO `employee` (`nama_employee`, `id_role`, `alamat_employee`, `dob_employee`, `status_employee`, `username`, `password`, `nohp_employee`, `last_modified`, `author`) VALUES (\'ricky\', \'1\', \'sepanjang jalanan ini banyak sekali kenangan indah yang bisa dirasakan hangatnya kembali\', \'2005-07-07\', \'1\', \'rickgans\', \'$2y$10$IEvMfX55Pj4Vgmr3iqtqxuwWEWbhXqdJsgUHKumkmdLyJiKb2sLgC\', NULL, \'2025-07-04 01:18:21\', 1)')
 4 SYSTEMPATH\Database\BaseBuilder.php(2345): CodeIgniter\Database\BaseConnection->query('INSERT INTO `employee` (`nama_employee`, `id_role`, `alamat_employee`, `dob_employee`, `status_employee`, `username`, `password`, `nohp_employee`, `last_modified`, `author`) VALUES (:nama_employee:, :id_role:, :alamat_employee:, :dob_employee:, :status_employee:, :username:, :password:, :nohp_employee:, :last_modified:, :author:)', [...], false)
 5 SYSTEMPATH\Model.php(394): CodeIgniter\Database\BaseBuilder->insert()
 6 SYSTEMPATH\BaseModel.php(843): CodeIgniter\Model->doInsert([...])
 7 SYSTEMPATH\Model.php(800): CodeIgniter\BaseModel->insert([...], true)
 8 APPPATH\Controllers\Employee.php(35): CodeIgniter\Model->insert([...])
 9 SYSTEMPATH\CodeIgniter.php(933): App\Controllers\Employee->store()
10 SYSTEMPATH\CodeIgniter.php(507): CodeIgniter\CodeIgniter->runController(Object(App\Controllers\Employee))
11 SYSTEMPATH\CodeIgniter.php(354): CodeIgniter\CodeIgniter->handleRequest(null, Object(Config\Cache), false)
12 SYSTEMPATH\Boot.php(334): CodeIgniter\CodeIgniter->run()
13 SYSTEMPATH\Boot.php(67): CodeIgniter\Boot::runCodeIgniter(Object(CodeIgniter\CodeIgniter))
14 FCPATH\index.php(59): CodeIgniter\Boot::bootWeb(Object(Config\Paths))
ERROR - 2025-07-04 01:20:11 --> mysqli_sql_exception: Column 'nohp_employee' cannot be null in C:\xampp\htdocs\timesheet\system\Database\MySQLi\Connection.php:327
Stack trace:
#0 C:\xampp\htdocs\timesheet\system\Database\MySQLi\Connection.php(327): mysqli->query('INSERT INTO `em...', 0)
#1 C:\xampp\htdocs\timesheet\system\Database\BaseConnection.php(738): CodeIgniter\Database\MySQLi\Connection->execute('INSERT INTO `em...')
#2 C:\xampp\htdocs\timesheet\system\Database\BaseConnection.php(652): CodeIgniter\Database\BaseConnection->simpleQuery('INSERT INTO `em...')
#3 C:\xampp\htdocs\timesheet\system\Database\BaseBuilder.php(2345): CodeIgniter\Database\BaseConnection->query('INSERT INTO `em...', Array, false)
#4 C:\xampp\htdocs\timesheet\system\Model.php(394): CodeIgniter\Database\BaseBuilder->insert()
#5 C:\xampp\htdocs\timesheet\system\BaseModel.php(843): CodeIgniter\Model->doInsert(Array)
#6 C:\xampp\htdocs\timesheet\system\Model.php(800): CodeIgniter\BaseModel->insert(Array, true)
#7 C:\xampp\htdocs\timesheet\app\Controllers\Employee.php(35): CodeIgniter\Model->insert(Array)
#8 C:\xampp\htdocs\timesheet\system\CodeIgniter.php(933): App\Controllers\Employee->store()
#9 C:\xampp\htdocs\timesheet\system\CodeIgniter.php(507): CodeIgniter\CodeIgniter->runController(Object(App\Controllers\Employee))
#10 C:\xampp\htdocs\timesheet\system\CodeIgniter.php(354): CodeIgniter\CodeIgniter->handleRequest(NULL, Object(Config\Cache), false)
#11 C:\xampp\htdocs\timesheet\system\Boot.php(334): CodeIgniter\CodeIgniter->run()
#12 C:\xampp\htdocs\timesheet\system\Boot.php(67): CodeIgniter\Boot::runCodeIgniter(Object(CodeIgniter\CodeIgniter))
#13 C:\xampp\htdocs\timesheet\public\index.php(59): CodeIgniter\Boot::bootWeb(Object(Config\Paths))
#14 {main}
CRITICAL - 2025-07-04 01:20:11 --> CodeIgniter\Database\Exceptions\DatabaseException: Column 'nohp_employee' cannot be null
[Method: POST, Route: employee/store]
in SYSTEMPATH\Database\BaseConnection.php on line 692.
 1 SYSTEMPATH\Database\BaseBuilder.php(2345): CodeIgniter\Database\BaseConnection->query('INSERT INTO `employee` (`nama_employee`, `id_role`, `alamat_employee`, `dob_employee`, `status_employee`, `username`, `password`, `nohp_employee`, `last_modified`, `author`) VALUES (:nama_employee:, :id_role:, :alamat_employee:, :dob_employee:, :status_employee:, :username:, :password:, :nohp_employee:, :last_modified:, :author:)', [...], false)
 2 SYSTEMPATH\Model.php(394): CodeIgniter\Database\BaseBuilder->insert()
 3 SYSTEMPATH\BaseModel.php(843): CodeIgniter\Model->doInsert([...])
 4 SYSTEMPATH\Model.php(800): CodeIgniter\BaseModel->insert([...], true)
 5 APPPATH\Controllers\Employee.php(35): CodeIgniter\Model->insert([...])
 6 SYSTEMPATH\CodeIgniter.php(933): App\Controllers\Employee->store()
 7 SYSTEMPATH\CodeIgniter.php(507): CodeIgniter\CodeIgniter->runController(Object(App\Controllers\Employee))
 8 SYSTEMPATH\CodeIgniter.php(354): CodeIgniter\CodeIgniter->handleRequest(null, Object(Config\Cache), false)
 9 SYSTEMPATH\Boot.php(334): CodeIgniter\CodeIgniter->run()
10 SYSTEMPATH\Boot.php(67): CodeIgniter\Boot::runCodeIgniter(Object(CodeIgniter\CodeIgniter))
11 FCPATH\index.php(59): CodeIgniter\Boot::bootWeb(Object(Config\Paths))
CRITICAL - 2025-07-04 01:20:11 --> [Caused by] CodeIgniter\Database\Exceptions\DatabaseException: Column 'nohp_employee' cannot be null
in SYSTEMPATH\Database\MySQLi\Connection.php on line 332.
 1 SYSTEMPATH\Database\BaseConnection.php(738): CodeIgniter\Database\MySQLi\Connection->execute('INSERT INTO `employee` (`nama_employee`, `id_role`, `alamat_employee`, `dob_employee`, `status_employee`, `username`, `password`, `nohp_employee`, `last_modified`, `author`) VALUES (\'ricky\', \'1\', \'sepanjang jalanan ini banyak sekali kenangan indah yang bisa dirasakan hangatnya kembali\', \'2025-07-04\', \'1\', \'rickgans\', \'$2y$10$uoOVWBI6NpdnZn5lz0lIWOqfxDiFYJ7eOWmxug3zUDzq4S.zNxsbO\', NULL, \'2025-07-04 01:20:11\', 1)')
 2 SYSTEMPATH\Database\BaseConnection.php(652): CodeIgniter\Database\BaseConnection->simpleQuery('INSERT INTO `employee` (`nama_employee`, `id_role`, `alamat_employee`, `dob_employee`, `status_employee`, `username`, `password`, `nohp_employee`, `last_modified`, `author`) VALUES (\'ricky\', \'1\', \'sepanjang jalanan ini banyak sekali kenangan indah yang bisa dirasakan hangatnya kembali\', \'2025-07-04\', \'1\', \'rickgans\', \'$2y$10$uoOVWBI6NpdnZn5lz0lIWOqfxDiFYJ7eOWmxug3zUDzq4S.zNxsbO\', NULL, \'2025-07-04 01:20:11\', 1)')
 3 SYSTEMPATH\Database\BaseBuilder.php(2345): CodeIgniter\Database\BaseConnection->query('INSERT INTO `employee` (`nama_employee`, `id_role`, `alamat_employee`, `dob_employee`, `status_employee`, `username`, `password`, `nohp_employee`, `last_modified`, `author`) VALUES (:nama_employee:, :id_role:, :alamat_employee:, :dob_employee:, :status_employee:, :username:, :password:, :nohp_employee:, :last_modified:, :author:)', [...], false)
 4 SYSTEMPATH\Model.php(394): CodeIgniter\Database\BaseBuilder->insert()
 5 SYSTEMPATH\BaseModel.php(843): CodeIgniter\Model->doInsert([...])
 6 SYSTEMPATH\Model.php(800): CodeIgniter\BaseModel->insert([...], true)
 7 APPPATH\Controllers\Employee.php(35): CodeIgniter\Model->insert([...])
 8 SYSTEMPATH\CodeIgniter.php(933): App\Controllers\Employee->store()
 9 SYSTEMPATH\CodeIgniter.php(507): CodeIgniter\CodeIgniter->runController(Object(App\Controllers\Employee))
10 SYSTEMPATH\CodeIgniter.php(354): CodeIgniter\CodeIgniter->handleRequest(null, Object(Config\Cache), false)
11 SYSTEMPATH\Boot.php(334): CodeIgniter\CodeIgniter->run()
12 SYSTEMPATH\Boot.php(67): CodeIgniter\Boot::runCodeIgniter(Object(CodeIgniter\CodeIgniter))
13 FCPATH\index.php(59): CodeIgniter\Boot::bootWeb(Object(Config\Paths))
CRITICAL - 2025-07-04 01:20:11 --> [Caused by] mysqli_sql_exception: Column 'nohp_employee' cannot be null
in SYSTEMPATH\Database\MySQLi\Connection.php on line 327.
 1 SYSTEMPATH\Database\MySQLi\Connection.php(327): mysqli->query('INSERT INTO `employee` (`nama_employee`, `id_role`, `alamat_employee`, `dob_employee`, `status_employee`, `username`, `password`, `nohp_employee`, `last_modified`, `author`) VALUES (\'ricky\', \'1\', \'sepanjang jalanan ini banyak sekali kenangan indah yang bisa dirasakan hangatnya kembali\', \'2025-07-04\', \'1\', \'rickgans\', \'$2y$10$uoOVWBI6NpdnZn5lz0lIWOqfxDiFYJ7eOWmxug3zUDzq4S.zNxsbO\', NULL, \'2025-07-04 01:20:11\', 1)', 0)
 2 SYSTEMPATH\Database\BaseConnection.php(738): CodeIgniter\Database\MySQLi\Connection->execute('INSERT INTO `employee` (`nama_employee`, `id_role`, `alamat_employee`, `dob_employee`, `status_employee`, `username`, `password`, `nohp_employee`, `last_modified`, `author`) VALUES (\'ricky\', \'1\', \'sepanjang jalanan ini banyak sekali kenangan indah yang bisa dirasakan hangatnya kembali\', \'2025-07-04\', \'1\', \'rickgans\', \'$2y$10$uoOVWBI6NpdnZn5lz0lIWOqfxDiFYJ7eOWmxug3zUDzq4S.zNxsbO\', NULL, \'2025-07-04 01:20:11\', 1)')
 3 SYSTEMPATH\Database\BaseConnection.php(652): CodeIgniter\Database\BaseConnection->simpleQuery('INSERT INTO `employee` (`nama_employee`, `id_role`, `alamat_employee`, `dob_employee`, `status_employee`, `username`, `password`, `nohp_employee`, `last_modified`, `author`) VALUES (\'ricky\', \'1\', \'sepanjang jalanan ini banyak sekali kenangan indah yang bisa dirasakan hangatnya kembali\', \'2025-07-04\', \'1\', \'rickgans\', \'$2y$10$uoOVWBI6NpdnZn5lz0lIWOqfxDiFYJ7eOWmxug3zUDzq4S.zNxsbO\', NULL, \'2025-07-04 01:20:11\', 1)')
 4 SYSTEMPATH\Database\BaseBuilder.php(2345): CodeIgniter\Database\BaseConnection->query('INSERT INTO `employee` (`nama_employee`, `id_role`, `alamat_employee`, `dob_employee`, `status_employee`, `username`, `password`, `nohp_employee`, `last_modified`, `author`) VALUES (:nama_employee:, :id_role:, :alamat_employee:, :dob_employee:, :status_employee:, :username:, :password:, :nohp_employee:, :last_modified:, :author:)', [...], false)
 5 SYSTEMPATH\Model.php(394): CodeIgniter\Database\BaseBuilder->insert()
 6 SYSTEMPATH\BaseModel.php(843): CodeIgniter\Model->doInsert([...])
 7 SYSTEMPATH\Model.php(800): CodeIgniter\BaseModel->insert([...], true)
 8 APPPATH\Controllers\Employee.php(35): CodeIgniter\Model->insert([...])
 9 SYSTEMPATH\CodeIgniter.php(933): App\Controllers\Employee->store()
10 SYSTEMPATH\CodeIgniter.php(507): CodeIgniter\CodeIgniter->runController(Object(App\Controllers\Employee))
11 SYSTEMPATH\CodeIgniter.php(354): CodeIgniter\CodeIgniter->handleRequest(null, Object(Config\Cache), false)
12 SYSTEMPATH\Boot.php(334): CodeIgniter\CodeIgniter->run()
13 SYSTEMPATH\Boot.php(67): CodeIgniter\Boot::runCodeIgniter(Object(CodeIgniter\CodeIgniter))
14 FCPATH\index.php(59): CodeIgniter\Boot::bootWeb(Object(Config\Paths))
DEBUG - 2025-07-04 01:22:54 --> Session: Class initialized using 'CodeIgniter\Session\Handlers\FileHandler' driver.
CRITICAL - 2025-07-04 01:29:23 --> CodeIgniter\View\Exceptions\ViewException: Invalid file: "ProjectView.php"
[Method: GET, Route: project]
in SYSTEMPATH\Exceptions\FrameworkException.php on line 39.
 1 SYSTEMPATH\View\View.php(212): CodeIgniter\Exceptions\FrameworkException::forInvalidFile('ProjectView.php')
 2 SYSTEMPATH\Common.php(1173): CodeIgniter\View\View->render('ProjectView', [], true)
 3 APPPATH\Controllers\Project.php(23): view('ProjectView', [...])
 4 SYSTEMPATH\CodeIgniter.php(933): App\Controllers\Project->index()
 5 SYSTEMPATH\CodeIgniter.php(507): CodeIgniter\CodeIgniter->runController(Object(App\Controllers\Project))
 6 SYSTEMPATH\CodeIgniter.php(354): CodeIgniter\CodeIgniter->handleRequest(null, Object(Config\Cache), false)
 7 SYSTEMPATH\Boot.php(334): CodeIgniter\CodeIgniter->run()
 8 SYSTEMPATH\Boot.php(67): CodeIgniter\Boot::runCodeIgniter(Object(CodeIgniter\CodeIgniter))
 9 FCPATH\index.php(59): CodeIgniter\Boot::bootWeb(Object(Config\Paths))
CRITICAL - 2025-07-04 20:26:01 --> CodeIgniter\View\Exceptions\ViewException: Invalid file: "ProjectView.php"
[Method: GET, Route: project]
in SYSTEMPATH\Exceptions\FrameworkException.php on line 39.
 1 SYSTEMPATH\View\View.php(212): CodeIgniter\Exceptions\FrameworkException::forInvalidFile('ProjectView.php')
 2 SYSTEMPATH\Common.php(1173): CodeIgniter\View\View->render('ProjectView', [], true)
 3 APPPATH\Controllers\Project.php(23): view('ProjectView', [...])
 4 SYSTEMPATH\CodeIgniter.php(933): App\Controllers\Project->index()
 5 SYSTEMPATH\CodeIgniter.php(507): CodeIgniter\CodeIgniter->runController(Object(App\Controllers\Project))
 6 SYSTEMPATH\CodeIgniter.php(354): CodeIgniter\CodeIgniter->handleRequest(null, Object(Config\Cache), false)
 7 SYSTEMPATH\Boot.php(334): CodeIgniter\CodeIgniter->run()
 8 SYSTEMPATH\Boot.php(67): CodeIgniter\Boot::runCodeIgniter(Object(CodeIgniter\CodeIgniter))
 9 FCPATH\index.php(59): CodeIgniter\Boot::bootWeb(Object(Config\Paths))
CRITICAL - 2025-07-04 20:40:09 --> ErrorException: Undefined variable $sort
[Method: GET, Route: client]
in APPPATH\Views\client\clientDashboard.php on line 84.
 1 APPPATH\Views\client\clientDashboard.php(84): CodeIgniter\Debug\Exceptions->errorHandler(2, 'Undefined variable $sort', 'C:\\xampp\\htdocs\\timesheet\\app\\Views\\client\\clientDashboard.php', 84)
 2 SYSTEMPATH\View\View.php(224): include('C:\\xampp\\htdocs\\timesheet\\app\\Views\\client\\clientDashboard.php')
 3 SYSTEMPATH\View\View.php(227): CodeIgniter\View\View->CodeIgniter\View\{closure}()
 4 SYSTEMPATH\Common.php(1173): CodeIgniter\View\View->render('client/clientDashboard', [], true)
 5 APPPATH\Controllers\Client.php(15): view('client/clientDashboard', [...])
 6 SYSTEMPATH\CodeIgniter.php(933): App\Controllers\Client->index()
 7 SYSTEMPATH\CodeIgniter.php(507): CodeIgniter\CodeIgniter->runController(Object(App\Controllers\Client))
 8 SYSTEMPATH\CodeIgniter.php(354): CodeIgniter\CodeIgniter->handleRequest(null, Object(Config\Cache), false)
 9 SYSTEMPATH\Boot.php(334): CodeIgniter\CodeIgniter->run()
10 SYSTEMPATH\Boot.php(67): CodeIgniter\Boot::runCodeIgniter(Object(CodeIgniter\CodeIgniter))
11 FCPATH\index.php(59): CodeIgniter\Boot::bootWeb(Object(Config\Paths))
DEBUG - 2025-07-04 21:06:22 --> Session: Class initialized using 'CodeIgniter\Session\Handlers\FileHandler' driver.
DEBUG - 2025-07-04 21:06:24 --> Session: Class initialized using 'CodeIgniter\Session\Handlers\FileHandler' driver.
DEBUG - 2025-07-04 21:07:39 --> Session: Class initialized using 'CodeIgniter\Session\Handlers\FileHandler' driver.
DEBUG - 2025-07-04 21:07:41 --> Session: Class initialized using 'CodeIgniter\Session\Handlers\FileHandler' driver.
DEBUG - 2025-07-04 21:09:04 --> Session: Class initialized using 'CodeIgniter\Session\Handlers\FileHandler' driver.
DEBUG - 2025-07-04 21:09:06 --> Session: Class initialized using 'CodeIgniter\Session\Handlers\FileHandler' driver.
DEBUG - 2025-07-04 21:09:07 --> Session: Class initialized using 'CodeIgniter\Session\Handlers\FileHandler' driver.
DEBUG - 2025-07-04 21:09:39 --> Session: Class initialized using 'CodeIgniter\Session\Handlers\FileHandler' driver.
DEBUG - 2025-07-04 21:09:41 --> Session: Class initialized using 'CodeIgniter\Session\Handlers\FileHandler' driver.
DEBUG - 2025-07-04 21:10:25 --> Session: Class initialized using 'CodeIgniter\Session\Handlers\FileHandler' driver.
DEBUG - 2025-07-04 21:10:26 --> Session: Class initialized using 'CodeIgniter\Session\Handlers\FileHandler' driver.
CRITICAL - 2025-07-04 21:14:36 --> CodeIgniter\Filters\Exceptions\FilterException: "authGuard" filter must have a matching alias defined.
[Method: GET, Route: dashboardAdmin]
in SYSTEMPATH\Filters\Filters.php on line 590.
 1 SYSTEMPATH\Filters\Filters.php(590): CodeIgniter\Filters\Exceptions\FilterException::forNoAlias('authGuard')
 2 SYSTEMPATH\Filters\Filters.php(641): CodeIgniter\Filters\Filters->enableFilter('authGuard', 'before')
 3 SYSTEMPATH\CodeIgniter.php(467): CodeIgniter\Filters\Filters->enableFilters([...], 'before')
 4 SYSTEMPATH\CodeIgniter.php(354): CodeIgniter\CodeIgniter->handleRequest(null, Object(Config\Cache), false)
 5 SYSTEMPATH\Boot.php(334): CodeIgniter\CodeIgniter->run()
 6 SYSTEMPATH\Boot.php(67): CodeIgniter\Boot::runCodeIgniter(Object(CodeIgniter\CodeIgniter))
 7 FCPATH\index.php(59): CodeIgniter\Boot::bootWeb(Object(Config\Paths))
CRITICAL - 2025-07-04 21:15:23 --> CodeIgniter\Filters\Exceptions\FilterException: "authGuard" filter must have a matching alias defined.
[Method: GET, Route: dashboardAdmin]
in SYSTEMPATH\Filters\Filters.php on line 590.
 1 SYSTEMPATH\Filters\Filters.php(590): CodeIgniter\Filters\Exceptions\FilterException::forNoAlias('authGuard')
 2 SYSTEMPATH\Filters\Filters.php(641): CodeIgniter\Filters\Filters->enableFilter('authGuard', 'before')
 3 SYSTEMPATH\CodeIgniter.php(467): CodeIgniter\Filters\Filters->enableFilters([...], 'before')
 4 SYSTEMPATH\CodeIgniter.php(354): CodeIgniter\CodeIgniter->handleRequest(null, Object(Config\Cache), false)
 5 SYSTEMPATH\Boot.php(334): CodeIgniter\CodeIgniter->run()
 6 SYSTEMPATH\Boot.php(67): CodeIgniter\Boot::runCodeIgniter(Object(CodeIgniter\CodeIgniter))
 7 FCPATH\index.php(59): CodeIgniter\Boot::bootWeb(Object(Config\Paths))
DEBUG - 2025-07-04 21:15:35 --> Session: Class initialized using 'CodeIgniter\Session\Handlers\FileHandler' driver.
DEBUG - 2025-07-04 21:15:37 --> Session: Class initialized using 'CodeIgniter\Session\Handlers\FileHandler' driver.
DEBUG - 2025-07-04 21:15:38 --> Session: Class initialized using 'CodeIgniter\Session\Handlers\FileHandler' driver.
DEBUG - 2025-07-04 21:15:40 --> Session: Class initialized using 'CodeIgniter\Session\Handlers\FileHandler' driver.
CRITICAL - 2025-07-04 21:15:40 --> CodeIgniter\View\Exceptions\ViewException: Invalid file: "Cobadashboard.php"
[Method: GET, Route: cobadashboard]
in SYSTEMPATH\Exceptions\FrameworkException.php on line 39.
 1 SYSTEMPATH\View\View.php(212): CodeIgniter\Exceptions\FrameworkException::forInvalidFile('Cobadashboard.php')
 2 SYSTEMPATH\Common.php(1173): CodeIgniter\View\View->render('Cobadashboard', [], true)
 3 APPPATH\Controllers\Cobadashboard.php(38): view('Cobadashboard', [...])
 4 SYSTEMPATH\CodeIgniter.php(933): App\Controllers\Cobadashboard->index()
 5 SYSTEMPATH\CodeIgniter.php(507): CodeIgniter\CodeIgniter->runController(Object(App\Controllers\Cobadashboard))
 6 SYSTEMPATH\CodeIgniter.php(354): CodeIgniter\CodeIgniter->handleRequest(null, Object(Config\Cache), false)
 7 SYSTEMPATH\Boot.php(334): CodeIgniter\CodeIgniter->run()
 8 SYSTEMPATH\Boot.php(67): CodeIgniter\Boot::runCodeIgniter(Object(CodeIgniter\CodeIgniter))
 9 FCPATH\index.php(59): CodeIgniter\Boot::bootWeb(Object(Config\Paths))
DEBUG - 2025-07-04 21:17:26 --> Session: Class initialized using 'CodeIgniter\Session\Handlers\FileHandler' driver.
DEBUG - 2025-07-04 21:17:28 --> Session: Class initialized using 'CodeIgniter\Session\Handlers\FileHandler' driver.
DEBUG - 2025-07-04 21:18:24 --> Session: Class initialized using 'CodeIgniter\Session\Handlers\FileHandler' driver.
DEBUG - 2025-07-04 21:18:25 --> Session: Class initialized using 'CodeIgniter\Session\Handlers\FileHandler' driver.
DEBUG - 2025-07-04 21:22:13 --> Session: Class initialized using 'CodeIgniter\Session\Handlers\FileHandler' driver.
DEBUG - 2025-07-04 21:22:14 --> Session: Class initialized using 'CodeIgniter\Session\Handlers\FileHandler' driver.
DEBUG - 2025-07-04 21:22:16 --> Session: Class initialized using 'CodeIgniter\Session\Handlers\FileHandler' driver.
CRITICAL - 2025-07-04 22:19:35 --> ErrorException: Undefined variable $sort
[Method: GET, Route: project]
in APPPATH\Views\project\projectDashboard.php on line 90.
 1 APPPATH\Views\project\projectDashboard.php(90): CodeIgniter\Debug\Exceptions->errorHandler(2, 'Undefined variable $sort', 'C:\\xampp\\htdocs\\timesheet\\app\\Views\\project\\projectDashboard.php', 90)
 2 SYSTEMPATH\View\View.php(224): include('C:\\xampp\\htdocs\\timesheet\\app\\Views\\project\\projectDashboard.php')
 3 SYSTEMPATH\View\View.php(227): CodeIgniter\View\View->CodeIgniter\View\{closure}()
 4 SYSTEMPATH\Common.php(1173): CodeIgniter\View\View->render('project/projectDashboard', [], true)
 5 APPPATH\Controllers\Project.php(23): view('project/projectDashboard', [...])
 6 SYSTEMPATH\CodeIgniter.php(933): App\Controllers\Project->index()
 7 SYSTEMPATH\CodeIgniter.php(507): CodeIgniter\CodeIgniter->runController(Object(App\Controllers\Project))
 8 SYSTEMPATH\CodeIgniter.php(354): CodeIgniter\CodeIgniter->handleRequest(null, Object(Config\Cache), false)
 9 SYSTEMPATH\Boot.php(334): CodeIgniter\CodeIgniter->run()
10 SYSTEMPATH\Boot.php(67): CodeIgniter\Boot::runCodeIgniter(Object(CodeIgniter\CodeIgniter))
11 FCPATH\index.php(59): CodeIgniter\Boot::bootWeb(Object(Config\Paths))
CRITICAL - 2025-07-04 22:21:15 --> ErrorException: Undefined variable $sort
[Method: GET, Route: project]
in APPPATH\Views\project\projectDashboard.php on line 90.
 1 APPPATH\Views\project\projectDashboard.php(90): CodeIgniter\Debug\Exceptions->errorHandler(2, 'Undefined variable $sort', 'C:\\xampp\\htdocs\\timesheet\\app\\Views\\project\\projectDashboard.php', 90)
 2 SYSTEMPATH\View\View.php(224): include('C:\\xampp\\htdocs\\timesheet\\app\\Views\\project\\projectDashboard.php')
 3 SYSTEMPATH\View\View.php(227): CodeIgniter\View\View->CodeIgniter\View\{closure}()
 4 SYSTEMPATH\Common.php(1173): CodeIgniter\View\View->render('project/projectDashboard', [], true)
 5 APPPATH\Controllers\Project.php(23): view('project/projectDashboard', [...])
 6 SYSTEMPATH\CodeIgniter.php(933): App\Controllers\Project->index()
 7 SYSTEMPATH\CodeIgniter.php(507): CodeIgniter\CodeIgniter->runController(Object(App\Controllers\Project))
 8 SYSTEMPATH\CodeIgniter.php(354): CodeIgniter\CodeIgniter->handleRequest(null, Object(Config\Cache), false)
 9 SYSTEMPATH\Boot.php(334): CodeIgniter\CodeIgniter->run()
10 SYSTEMPATH\Boot.php(67): CodeIgniter\Boot::runCodeIgniter(Object(CodeIgniter\CodeIgniter))
11 FCPATH\index.php(59): CodeIgniter\Boot::bootWeb(Object(Config\Paths))
CRITICAL - 2025-07-04 23:31:40 --> ErrorException: Undefined variable $e
[Method: GET, Route: role]
in APPPATH\Views\role\roleDashboard.php on line 103.
 1 APPPATH\Views\role\roleDashboard.php(103): CodeIgniter\Debug\Exceptions->errorHandler(2, 'Undefined variable $e', 'C:\\xampp\\htdocs\\timesheet\\app\\Views\\role\\roleDashboard.php', 103)
 2 SYSTEMPATH\View\View.php(224): include('C:\\xampp\\htdocs\\timesheet\\app\\Views\\role\\roleDashboard.php')
 3 SYSTEMPATH\View\View.php(227): CodeIgniter\View\View->CodeIgniter\View\{closure}()
 4 SYSTEMPATH\Common.php(1173): CodeIgniter\View\View->render('role/roleDashboard', [], true)
 5 APPPATH\Controllers\Role.php(15): view('role/roleDashboard', [...])
 6 SYSTEMPATH\CodeIgniter.php(933): App\Controllers\Role->index()
 7 SYSTEMPATH\CodeIgniter.php(507): CodeIgniter\CodeIgniter->runController(Object(App\Controllers\Role))
 8 SYSTEMPATH\CodeIgniter.php(354): CodeIgniter\CodeIgniter->handleRequest(null, Object(Config\Cache), false)
 9 SYSTEMPATH\Boot.php(334): CodeIgniter\CodeIgniter->run()
10 SYSTEMPATH\Boot.php(67): CodeIgniter\Boot::runCodeIgniter(Object(CodeIgniter\CodeIgniter))
11 FCPATH\index.php(59): CodeIgniter\Boot::bootWeb(Object(Config\Paths))
CRITICAL - 2025-07-04 23:32:07 --> ErrorException: Undefined array key "id_project"
[Method: GET, Route: role]
in APPPATH\Views\role\roleDashboard.php on line 103.
 1 APPPATH\Views\role\roleDashboard.php(103): CodeIgniter\Debug\Exceptions->errorHandler(2, 'Undefined array key "id_project"', 'C:\\xampp\\htdocs\\timesheet\\app\\Views\\role\\roleDashboard.php', 103)
 2 SYSTEMPATH\View\View.php(224): include('C:\\xampp\\htdocs\\timesheet\\app\\Views\\role\\roleDashboard.php')
 3 SYSTEMPATH\View\View.php(227): CodeIgniter\View\View->CodeIgniter\View\{closure}()
 4 SYSTEMPATH\Common.php(1173): CodeIgniter\View\View->render('role/roleDashboard', [], true)
 5 APPPATH\Controllers\Role.php(15): view('role/roleDashboard', [...])
 6 SYSTEMPATH\CodeIgniter.php(933): App\Controllers\Role->index()
 7 SYSTEMPATH\CodeIgniter.php(507): CodeIgniter\CodeIgniter->runController(Object(App\Controllers\Role))
 8 SYSTEMPATH\CodeIgniter.php(354): CodeIgniter\CodeIgniter->handleRequest(null, Object(Config\Cache), false)
 9 SYSTEMPATH\Boot.php(334): CodeIgniter\CodeIgniter->run()
10 SYSTEMPATH\Boot.php(67): CodeIgniter\Boot::runCodeIgniter(Object(CodeIgniter\CodeIgniter))
11 FCPATH\index.php(59): CodeIgniter\Boot::bootWeb(Object(Config\Paths))
CRITICAL - 2025-07-04 23:38:24 --> ErrorException: Undefined array key "nama_role"
[Method: GET, Route: role/edit/1]
in APPPATH\Views\role\RoleForm.php on line 85.
 1 APPPATH\Views\role\RoleForm.php(85): CodeIgniter\Debug\Exceptions->errorHandler(2, 'Undefined array key "nama_role"', 'C:\\xampp\\htdocs\\timesheet\\app\\Views\\role\\RoleForm.php', 85)
 2 SYSTEMPATH\View\View.php(224): include('C:\\xampp\\htdocs\\timesheet\\app\\Views\\role\\RoleForm.php')
 3 SYSTEMPATH\View\View.php(227): CodeIgniter\View\View->CodeIgniter\View\{closure}()
 4 SYSTEMPATH\Common.php(1173): CodeIgniter\View\View->render('role/RoleForm', [], true)
 5 APPPATH\Controllers\Role.php(32): view('role/RoleForm', [...])
 6 SYSTEMPATH\CodeIgniter.php(933): App\Controllers\Role->edit('1')
 7 SYSTEMPATH\CodeIgniter.php(507): CodeIgniter\CodeIgniter->runController(Object(App\Controllers\Role))
 8 SYSTEMPATH\CodeIgniter.php(354): CodeIgniter\CodeIgniter->handleRequest(null, Object(Config\Cache), false)
 9 SYSTEMPATH\Boot.php(334): CodeIgniter\CodeIgniter->run()
10 SYSTEMPATH\Boot.php(67): CodeIgniter\Boot::runCodeIgniter(Object(CodeIgniter\CodeIgniter))
11 FCPATH\index.php(59): CodeIgniter\Boot::bootWeb(Object(Config\Paths))
