CRITICAL - 2025-06-18 18:51:55 --> ErrorException: Undefined array key "nama_project"
[Method: GET, Route: project]
in APPPATH\Views\ProjectView.php on line 122.
 1 APPPATH\Views\ProjectView.php(122): CodeIgniter\Debug\Exceptions->errorHandler(2, 'Undefined array key "nama_project"', 'C:\\xampp\\htdocs\\timesheet\\app\\Views\\ProjectView.php', 122)
 2 SYSTEMPATH\View\View.php(224): include('C:\\xampp\\htdocs\\timesheet\\app\\Views\\ProjectView.php')
 3 SYSTEMPATH\View\View.php(227): CodeIgniter\View\View->CodeIgniter\View\{closure}()
 4 SYSTEMPATH\Common.php(1173): CodeIgniter\View\View->render('ProjectView', [], true)
 5 APPPATH\Controllers\Project.php(23): view('ProjectView', [...])
 6 SYSTEMPATH\CodeIgniter.php(933): App\Controllers\Project->index()
 7 SYSTEMPATH\CodeIgniter.php(507): CodeIgniter\CodeIgniter->runController(Object(App\Controllers\Project))
 8 SYSTEMPATH\CodeIgniter.php(354): CodeIgniter\CodeIgniter->handleRequest(null, Object(Config\Cache), false)
 9 SYSTEMPATH\Boot.php(334): CodeIgniter\CodeIgniter->run()
10 SYSTEMPATH\Boot.php(67): CodeIgniter\Boot::runCodeIgniter(Object(CodeIgniter\CodeIgniter))
11 FCPATH\index.php(59): CodeIgniter\Boot::bootWeb(Object(Config\Paths))
ERROR - 2025-06-18 18:59:27 --> mysqli_sql_exception: Column 'deskripsi_project' cannot be null in C:\xampp\htdocs\timesheet\system\Database\MySQLi\Connection.php:327
Stack trace:
#0 C:\xampp\htdocs\timesheet\system\Database\MySQLi\Connection.php(327): mysqli->query('INSERT INTO `pr...', 0)
#1 C:\xampp\htdocs\timesheet\system\Database\BaseConnection.php(738): CodeIgniter\Database\MySQLi\Connection->execute('INSERT INTO `pr...')
#2 C:\xampp\htdocs\timesheet\system\Database\BaseConnection.php(652): CodeIgniter\Database\BaseConnection->simpleQuery('INSERT INTO `pr...')
#3 C:\xampp\htdocs\timesheet\system\Database\BaseBuilder.php(2345): CodeIgniter\Database\BaseConnection->query('INSERT INTO `pr...', Array, false)
#4 C:\xampp\htdocs\timesheet\system\Model.php(394): CodeIgniter\Database\BaseBuilder->insert()
#5 C:\xampp\htdocs\timesheet\system\BaseModel.php(843): CodeIgniter\Model->doInsert(Array)
#6 C:\xampp\htdocs\timesheet\system\Model.php(800): CodeIgniter\BaseModel->insert(Array, true)
#7 C:\xampp\htdocs\timesheet\app\Controllers\Project.php(29): CodeIgniter\Model->insert(Array)
#8 C:\xampp\htdocs\timesheet\system\CodeIgniter.php(933): App\Controllers\Project->store()
#9 C:\xampp\htdocs\timesheet\system\CodeIgniter.php(507): CodeIgniter\CodeIgniter->runController(Object(App\Controllers\Project))
#10 C:\xampp\htdocs\timesheet\system\CodeIgniter.php(354): CodeIgniter\CodeIgniter->handleRequest(NULL, Object(Config\Cache), false)
#11 C:\xampp\htdocs\timesheet\system\Boot.php(334): CodeIgniter\CodeIgniter->run()
#12 C:\xampp\htdocs\timesheet\system\Boot.php(67): CodeIgniter\Boot::runCodeIgniter(Object(CodeIgniter\CodeIgniter))
#13 C:\xampp\htdocs\timesheet\public\index.php(59): CodeIgniter\Boot::bootWeb(Object(Config\Paths))
#14 {main}
CRITICAL - 2025-06-18 18:59:27 --> CodeIgniter\Database\Exceptions\DatabaseException: Column 'deskripsi_project' cannot be null
[Method: POST, Route: project/store]
in SYSTEMPATH\Database\BaseConnection.php on line 692.
 1 SYSTEMPATH\Database\BaseBuilder.php(2345): CodeIgniter\Database\BaseConnection->query('INSERT INTO `project` (`nama_project`, `deskripsi_project`, `status_project`, `startdate_project`, `enddate_project`, `deadline_project`, `budget_project`, `id_client`, `id_employee`, `last_modified`, `author`) VALUES (:nama_project:, :deskripsi_project:, :status_project:, :startdate_project:, :enddate_project:, :deadline_project:, :budget_project:, :id_client:, :id_employee:, :last_modified:, :author:)', [...], false)
 2 SYSTEMPATH\Model.php(394): CodeIgniter\Database\BaseBuilder->insert()
 3 SYSTEMPATH\BaseModel.php(843): CodeIgniter\Model->doInsert([...])
 4 SYSTEMPATH\Model.php(800): CodeIgniter\BaseModel->insert([...], true)
 5 APPPATH\Controllers\Project.php(29): CodeIgniter\Model->insert([...])
 6 SYSTEMPATH\CodeIgniter.php(933): App\Controllers\Project->store()
 7 SYSTEMPATH\CodeIgniter.php(507): CodeIgniter\CodeIgniter->runController(Object(App\Controllers\Project))
 8 SYSTEMPATH\CodeIgniter.php(354): CodeIgniter\CodeIgniter->handleRequest(null, Object(Config\Cache), false)
 9 SYSTEMPATH\Boot.php(334): CodeIgniter\CodeIgniter->run()
10 SYSTEMPATH\Boot.php(67): CodeIgniter\Boot::runCodeIgniter(Object(CodeIgniter\CodeIgniter))
11 FCPATH\index.php(59): CodeIgniter\Boot::bootWeb(Object(Config\Paths))
CRITICAL - 2025-06-18 18:59:27 --> [Caused by] CodeIgniter\Database\Exceptions\DatabaseException: Column 'deskripsi_project' cannot be null
in SYSTEMPATH\Database\MySQLi\Connection.php on line 332.
 1 SYSTEMPATH\Database\BaseConnection.php(738): CodeIgniter\Database\MySQLi\Connection->execute('INSERT INTO `project` (`nama_project`, `deskripsi_project`, `status_project`, `startdate_project`, `enddate_project`, `deadline_project`, `budget_project`, `id_client`, `id_employee`, `last_modified`, `author`) VALUES (\'SOP keliling dunia\', NULL, \'1\', \'2025-06-19\', \'2025-12-31\', \'2026-01-01\', \'10000000\', \'4\', \'1\', \'2025-06-18 18:59:26\', 1)')
 2 SYSTEMPATH\Database\BaseConnection.php(652): CodeIgniter\Database\BaseConnection->simpleQuery('INSERT INTO `project` (`nama_project`, `deskripsi_project`, `status_project`, `startdate_project`, `enddate_project`, `deadline_project`, `budget_project`, `id_client`, `id_employee`, `last_modified`, `author`) VALUES (\'SOP keliling dunia\', NULL, \'1\', \'2025-06-19\', \'2025-12-31\', \'2026-01-01\', \'10000000\', \'4\', \'1\', \'2025-06-18 18:59:26\', 1)')
 3 SYSTEMPATH\Database\BaseBuilder.php(2345): CodeIgniter\Database\BaseConnection->query('INSERT INTO `project` (`nama_project`, `deskripsi_project`, `status_project`, `startdate_project`, `enddate_project`, `deadline_project`, `budget_project`, `id_client`, `id_employee`, `last_modified`, `author`) VALUES (:nama_project:, :deskripsi_project:, :status_project:, :startdate_project:, :enddate_project:, :deadline_project:, :budget_project:, :id_client:, :id_employee:, :last_modified:, :author:)', [...], false)
 4 SYSTEMPATH\Model.php(394): CodeIgniter\Database\BaseBuilder->insert()
 5 SYSTEMPATH\BaseModel.php(843): CodeIgniter\Model->doInsert([...])
 6 SYSTEMPATH\Model.php(800): CodeIgniter\BaseModel->insert([...], true)
 7 APPPATH\Controllers\Project.php(29): CodeIgniter\Model->insert([...])
 8 SYSTEMPATH\CodeIgniter.php(933): App\Controllers\Project->store()
 9 SYSTEMPATH\CodeIgniter.php(507): CodeIgniter\CodeIgniter->runController(Object(App\Controllers\Project))
10 SYSTEMPATH\CodeIgniter.php(354): CodeIgniter\CodeIgniter->handleRequest(null, Object(Config\Cache), false)
11 SYSTEMPATH\Boot.php(334): CodeIgniter\CodeIgniter->run()
12 SYSTEMPATH\Boot.php(67): CodeIgniter\Boot::runCodeIgniter(Object(CodeIgniter\CodeIgniter))
13 FCPATH\index.php(59): CodeIgniter\Boot::bootWeb(Object(Config\Paths))
CRITICAL - 2025-06-18 18:59:27 --> [Caused by] mysqli_sql_exception: Column 'deskripsi_project' cannot be null
in SYSTEMPATH\Database\MySQLi\Connection.php on line 327.
 1 SYSTEMPATH\Database\MySQLi\Connection.php(327): mysqli->query('INSERT INTO `project` (`nama_project`, `deskripsi_project`, `status_project`, `startdate_project`, `enddate_project`, `deadline_project`, `budget_project`, `id_client`, `id_employee`, `last_modified`, `author`) VALUES (\'SOP keliling dunia\', NULL, \'1\', \'2025-06-19\', \'2025-12-31\', \'2026-01-01\', \'10000000\', \'4\', \'1\', \'2025-06-18 18:59:26\', 1)', 0)
 2 SYSTEMPATH\Database\BaseConnection.php(738): CodeIgniter\Database\MySQLi\Connection->execute('INSERT INTO `project` (`nama_project`, `deskripsi_project`, `status_project`, `startdate_project`, `enddate_project`, `deadline_project`, `budget_project`, `id_client`, `id_employee`, `last_modified`, `author`) VALUES (\'SOP keliling dunia\', NULL, \'1\', \'2025-06-19\', \'2025-12-31\', \'2026-01-01\', \'10000000\', \'4\', \'1\', \'2025-06-18 18:59:26\', 1)')
 3 SYSTEMPATH\Database\BaseConnection.php(652): CodeIgniter\Database\BaseConnection->simpleQuery('INSERT INTO `project` (`nama_project`, `deskripsi_project`, `status_project`, `startdate_project`, `enddate_project`, `deadline_project`, `budget_project`, `id_client`, `id_employee`, `last_modified`, `author`) VALUES (\'SOP keliling dunia\', NULL, \'1\', \'2025-06-19\', \'2025-12-31\', \'2026-01-01\', \'10000000\', \'4\', \'1\', \'2025-06-18 18:59:26\', 1)')
 4 SYSTEMPATH\Database\BaseBuilder.php(2345): CodeIgniter\Database\BaseConnection->query('INSERT INTO `project` (`nama_project`, `deskripsi_project`, `status_project`, `startdate_project`, `enddate_project`, `deadline_project`, `budget_project`, `id_client`, `id_employee`, `last_modified`, `author`) VALUES (:nama_project:, :deskripsi_project:, :status_project:, :startdate_project:, :enddate_project:, :deadline_project:, :budget_project:, :id_client:, :id_employee:, :last_modified:, :author:)', [...], false)
 5 SYSTEMPATH\Model.php(394): CodeIgniter\Database\BaseBuilder->insert()
 6 SYSTEMPATH\BaseModel.php(843): CodeIgniter\Model->doInsert([...])
 7 SYSTEMPATH\Model.php(800): CodeIgniter\BaseModel->insert([...], true)
 8 APPPATH\Controllers\Project.php(29): CodeIgniter\Model->insert([...])
 9 SYSTEMPATH\CodeIgniter.php(933): App\Controllers\Project->store()
10 SYSTEMPATH\CodeIgniter.php(507): CodeIgniter\CodeIgniter->runController(Object(App\Controllers\Project))
11 SYSTEMPATH\CodeIgniter.php(354): CodeIgniter\CodeIgniter->handleRequest(null, Object(Config\Cache), false)
12 SYSTEMPATH\Boot.php(334): CodeIgniter\CodeIgniter->run()
13 SYSTEMPATH\Boot.php(67): CodeIgniter\Boot::runCodeIgniter(Object(CodeIgniter\CodeIgniter))
14 FCPATH\index.php(59): CodeIgniter\Boot::bootWeb(Object(Config\Paths))
ERROR - 2025-06-18 19:02:43 --> mysqli_sql_exception: Column 'deskripsi_project' cannot be null in C:\xampp\htdocs\timesheet\system\Database\MySQLi\Connection.php:327
Stack trace:
#0 C:\xampp\htdocs\timesheet\system\Database\MySQLi\Connection.php(327): mysqli->query('INSERT INTO `pr...', 0)
#1 C:\xampp\htdocs\timesheet\system\Database\BaseConnection.php(738): CodeIgniter\Database\MySQLi\Connection->execute('INSERT INTO `pr...')
#2 C:\xampp\htdocs\timesheet\system\Database\BaseConnection.php(652): CodeIgniter\Database\BaseConnection->simpleQuery('INSERT INTO `pr...')
#3 C:\xampp\htdocs\timesheet\system\Database\BaseBuilder.php(2345): CodeIgniter\Database\BaseConnection->query('INSERT INTO `pr...', Array, false)
#4 C:\xampp\htdocs\timesheet\system\Model.php(394): CodeIgniter\Database\BaseBuilder->insert()
#5 C:\xampp\htdocs\timesheet\system\BaseModel.php(843): CodeIgniter\Model->doInsert(Array)
#6 C:\xampp\htdocs\timesheet\system\Model.php(800): CodeIgniter\BaseModel->insert(Array, true)
#7 C:\xampp\htdocs\timesheet\app\Controllers\Project.php(29): CodeIgniter\Model->insert(Array)
#8 C:\xampp\htdocs\timesheet\system\CodeIgniter.php(933): App\Controllers\Project->store()
#9 C:\xampp\htdocs\timesheet\system\CodeIgniter.php(507): CodeIgniter\CodeIgniter->runController(Object(App\Controllers\Project))
#10 C:\xampp\htdocs\timesheet\system\CodeIgniter.php(354): CodeIgniter\CodeIgniter->handleRequest(NULL, Object(Config\Cache), false)
#11 C:\xampp\htdocs\timesheet\system\Boot.php(334): CodeIgniter\CodeIgniter->run()
#12 C:\xampp\htdocs\timesheet\system\Boot.php(67): CodeIgniter\Boot::runCodeIgniter(Object(CodeIgniter\CodeIgniter))
#13 C:\xampp\htdocs\timesheet\public\index.php(59): CodeIgniter\Boot::bootWeb(Object(Config\Paths))
#14 {main}
CRITICAL - 2025-06-18 19:02:43 --> CodeIgniter\Database\Exceptions\DatabaseException: Column 'deskripsi_project' cannot be null
[Method: POST, Route: project/store]
in SYSTEMPATH\Database\BaseConnection.php on line 692.
 1 SYSTEMPATH\Database\BaseBuilder.php(2345): CodeIgniter\Database\BaseConnection->query('INSERT INTO `project` (`nama_project`, `deskripsi_project`, `status_project`, `startdate_project`, `enddate_project`, `deadline_project`, `budget_project`, `id_client`, `id_employee`, `last_modified`, `author`) VALUES (:nama_project:, :deskripsi_project:, :status_project:, :startdate_project:, :enddate_project:, :deadline_project:, :budget_project:, :id_client:, :id_employee:, :last_modified:, :author:)', [...], false)
 2 SYSTEMPATH\Model.php(394): CodeIgniter\Database\BaseBuilder->insert()
 3 SYSTEMPATH\BaseModel.php(843): CodeIgniter\Model->doInsert([...])
 4 SYSTEMPATH\Model.php(800): CodeIgniter\BaseModel->insert([...], true)
 5 APPPATH\Controllers\Project.php(29): CodeIgniter\Model->insert([...])
 6 SYSTEMPATH\CodeIgniter.php(933): App\Controllers\Project->store()
 7 SYSTEMPATH\CodeIgniter.php(507): CodeIgniter\CodeIgniter->runController(Object(App\Controllers\Project))
 8 SYSTEMPATH\CodeIgniter.php(354): CodeIgniter\CodeIgniter->handleRequest(null, Object(Config\Cache), false)
 9 SYSTEMPATH\Boot.php(334): CodeIgniter\CodeIgniter->run()
10 SYSTEMPATH\Boot.php(67): CodeIgniter\Boot::runCodeIgniter(Object(CodeIgniter\CodeIgniter))
11 FCPATH\index.php(59): CodeIgniter\Boot::bootWeb(Object(Config\Paths))
CRITICAL - 2025-06-18 19:02:43 --> [Caused by] CodeIgniter\Database\Exceptions\DatabaseException: Column 'deskripsi_project' cannot be null
in SYSTEMPATH\Database\MySQLi\Connection.php on line 332.
 1 SYSTEMPATH\Database\BaseConnection.php(738): CodeIgniter\Database\MySQLi\Connection->execute('INSERT INTO `project` (`nama_project`, `deskripsi_project`, `status_project`, `startdate_project`, `enddate_project`, `deadline_project`, `budget_project`, `id_client`, `id_employee`, `last_modified`, `author`) VALUES (\'SOP keliling dunia\', NULL, \'1\', \'2025-06-19\', \'2025-12-31\', \'2026-01-01\', \'10000000\', \'4\', \'1\', \'2025-06-18 19:02:43\', 1)')
 2 SYSTEMPATH\Database\BaseConnection.php(652): CodeIgniter\Database\BaseConnection->simpleQuery('INSERT INTO `project` (`nama_project`, `deskripsi_project`, `status_project`, `startdate_project`, `enddate_project`, `deadline_project`, `budget_project`, `id_client`, `id_employee`, `last_modified`, `author`) VALUES (\'SOP keliling dunia\', NULL, \'1\', \'2025-06-19\', \'2025-12-31\', \'2026-01-01\', \'10000000\', \'4\', \'1\', \'2025-06-18 19:02:43\', 1)')
 3 SYSTEMPATH\Database\BaseBuilder.php(2345): CodeIgniter\Database\BaseConnection->query('INSERT INTO `project` (`nama_project`, `deskripsi_project`, `status_project`, `startdate_project`, `enddate_project`, `deadline_project`, `budget_project`, `id_client`, `id_employee`, `last_modified`, `author`) VALUES (:nama_project:, :deskripsi_project:, :status_project:, :startdate_project:, :enddate_project:, :deadline_project:, :budget_project:, :id_client:, :id_employee:, :last_modified:, :author:)', [...], false)
 4 SYSTEMPATH\Model.php(394): CodeIgniter\Database\BaseBuilder->insert()
 5 SYSTEMPATH\BaseModel.php(843): CodeIgniter\Model->doInsert([...])
 6 SYSTEMPATH\Model.php(800): CodeIgniter\BaseModel->insert([...], true)
 7 APPPATH\Controllers\Project.php(29): CodeIgniter\Model->insert([...])
 8 SYSTEMPATH\CodeIgniter.php(933): App\Controllers\Project->store()
 9 SYSTEMPATH\CodeIgniter.php(507): CodeIgniter\CodeIgniter->runController(Object(App\Controllers\Project))
10 SYSTEMPATH\CodeIgniter.php(354): CodeIgniter\CodeIgniter->handleRequest(null, Object(Config\Cache), false)
11 SYSTEMPATH\Boot.php(334): CodeIgniter\CodeIgniter->run()
12 SYSTEMPATH\Boot.php(67): CodeIgniter\Boot::runCodeIgniter(Object(CodeIgniter\CodeIgniter))
13 FCPATH\index.php(59): CodeIgniter\Boot::bootWeb(Object(Config\Paths))
CRITICAL - 2025-06-18 19:02:43 --> [Caused by] mysqli_sql_exception: Column 'deskripsi_project' cannot be null
in SYSTEMPATH\Database\MySQLi\Connection.php on line 327.
 1 SYSTEMPATH\Database\MySQLi\Connection.php(327): mysqli->query('INSERT INTO `project` (`nama_project`, `deskripsi_project`, `status_project`, `startdate_project`, `enddate_project`, `deadline_project`, `budget_project`, `id_client`, `id_employee`, `last_modified`, `author`) VALUES (\'SOP keliling dunia\', NULL, \'1\', \'2025-06-19\', \'2025-12-31\', \'2026-01-01\', \'10000000\', \'4\', \'1\', \'2025-06-18 19:02:43\', 1)', 0)
 2 SYSTEMPATH\Database\BaseConnection.php(738): CodeIgniter\Database\MySQLi\Connection->execute('INSERT INTO `project` (`nama_project`, `deskripsi_project`, `status_project`, `startdate_project`, `enddate_project`, `deadline_project`, `budget_project`, `id_client`, `id_employee`, `last_modified`, `author`) VALUES (\'SOP keliling dunia\', NULL, \'1\', \'2025-06-19\', \'2025-12-31\', \'2026-01-01\', \'10000000\', \'4\', \'1\', \'2025-06-18 19:02:43\', 1)')
 3 SYSTEMPATH\Database\BaseConnection.php(652): CodeIgniter\Database\BaseConnection->simpleQuery('INSERT INTO `project` (`nama_project`, `deskripsi_project`, `status_project`, `startdate_project`, `enddate_project`, `deadline_project`, `budget_project`, `id_client`, `id_employee`, `last_modified`, `author`) VALUES (\'SOP keliling dunia\', NULL, \'1\', \'2025-06-19\', \'2025-12-31\', \'2026-01-01\', \'10000000\', \'4\', \'1\', \'2025-06-18 19:02:43\', 1)')
 4 SYSTEMPATH\Database\BaseBuilder.php(2345): CodeIgniter\Database\BaseConnection->query('INSERT INTO `project` (`nama_project`, `deskripsi_project`, `status_project`, `startdate_project`, `enddate_project`, `deadline_project`, `budget_project`, `id_client`, `id_employee`, `last_modified`, `author`) VALUES (:nama_project:, :deskripsi_project:, :status_project:, :startdate_project:, :enddate_project:, :deadline_project:, :budget_project:, :id_client:, :id_employee:, :last_modified:, :author:)', [...], false)
 5 SYSTEMPATH\Model.php(394): CodeIgniter\Database\BaseBuilder->insert()
 6 SYSTEMPATH\BaseModel.php(843): CodeIgniter\Model->doInsert([...])
 7 SYSTEMPATH\Model.php(800): CodeIgniter\BaseModel->insert([...], true)
 8 APPPATH\Controllers\Project.php(29): CodeIgniter\Model->insert([...])
 9 SYSTEMPATH\CodeIgniter.php(933): App\Controllers\Project->store()
10 SYSTEMPATH\CodeIgniter.php(507): CodeIgniter\CodeIgniter->runController(Object(App\Controllers\Project))
11 SYSTEMPATH\CodeIgniter.php(354): CodeIgniter\CodeIgniter->handleRequest(null, Object(Config\Cache), false)
12 SYSTEMPATH\Boot.php(334): CodeIgniter\CodeIgniter->run()
13 SYSTEMPATH\Boot.php(67): CodeIgniter\Boot::runCodeIgniter(Object(CodeIgniter\CodeIgniter))
14 FCPATH\index.php(59): CodeIgniter\Boot::bootWeb(Object(Config\Paths))
ERROR - 2025-06-18 19:02:48 --> mysqli_sql_exception: Column 'deskripsi_project' cannot be null in C:\xampp\htdocs\timesheet\system\Database\MySQLi\Connection.php:327
Stack trace:
#0 C:\xampp\htdocs\timesheet\system\Database\MySQLi\Connection.php(327): mysqli->query('INSERT INTO `pr...', 0)
#1 C:\xampp\htdocs\timesheet\system\Database\BaseConnection.php(738): CodeIgniter\Database\MySQLi\Connection->execute('INSERT INTO `pr...')
#2 C:\xampp\htdocs\timesheet\system\Database\BaseConnection.php(652): CodeIgniter\Database\BaseConnection->simpleQuery('INSERT INTO `pr...')
#3 C:\xampp\htdocs\timesheet\system\Database\BaseBuilder.php(2345): CodeIgniter\Database\BaseConnection->query('INSERT INTO `pr...', Array, false)
#4 C:\xampp\htdocs\timesheet\system\Model.php(394): CodeIgniter\Database\BaseBuilder->insert()
#5 C:\xampp\htdocs\timesheet\system\BaseModel.php(843): CodeIgniter\Model->doInsert(Array)
#6 C:\xampp\htdocs\timesheet\system\Model.php(800): CodeIgniter\BaseModel->insert(Array, true)
#7 C:\xampp\htdocs\timesheet\app\Controllers\Project.php(29): CodeIgniter\Model->insert(Array)
#8 C:\xampp\htdocs\timesheet\system\CodeIgniter.php(933): App\Controllers\Project->store()
#9 C:\xampp\htdocs\timesheet\system\CodeIgniter.php(507): CodeIgniter\CodeIgniter->runController(Object(App\Controllers\Project))
#10 C:\xampp\htdocs\timesheet\system\CodeIgniter.php(354): CodeIgniter\CodeIgniter->handleRequest(NULL, Object(Config\Cache), false)
#11 C:\xampp\htdocs\timesheet\system\Boot.php(334): CodeIgniter\CodeIgniter->run()
#12 C:\xampp\htdocs\timesheet\system\Boot.php(67): CodeIgniter\Boot::runCodeIgniter(Object(CodeIgniter\CodeIgniter))
#13 C:\xampp\htdocs\timesheet\public\index.php(59): CodeIgniter\Boot::bootWeb(Object(Config\Paths))
#14 {main}
CRITICAL - 2025-06-18 19:02:48 --> CodeIgniter\Database\Exceptions\DatabaseException: Column 'deskripsi_project' cannot be null
[Method: POST, Route: project/store]
in SYSTEMPATH\Database\BaseConnection.php on line 692.
 1 SYSTEMPATH\Database\BaseBuilder.php(2345): CodeIgniter\Database\BaseConnection->query('INSERT INTO `project` (`nama_project`, `deskripsi_project`, `status_project`, `startdate_project`, `enddate_project`, `deadline_project`, `budget_project`, `id_client`, `id_employee`, `last_modified`, `author`) VALUES (:nama_project:, :deskripsi_project:, :status_project:, :startdate_project:, :enddate_project:, :deadline_project:, :budget_project:, :id_client:, :id_employee:, :last_modified:, :author:)', [...], false)
 2 SYSTEMPATH\Model.php(394): CodeIgniter\Database\BaseBuilder->insert()
 3 SYSTEMPATH\BaseModel.php(843): CodeIgniter\Model->doInsert([...])
 4 SYSTEMPATH\Model.php(800): CodeIgniter\BaseModel->insert([...], true)
 5 APPPATH\Controllers\Project.php(29): CodeIgniter\Model->insert([...])
 6 SYSTEMPATH\CodeIgniter.php(933): App\Controllers\Project->store()
 7 SYSTEMPATH\CodeIgniter.php(507): CodeIgniter\CodeIgniter->runController(Object(App\Controllers\Project))
 8 SYSTEMPATH\CodeIgniter.php(354): CodeIgniter\CodeIgniter->handleRequest(null, Object(Config\Cache), false)
 9 SYSTEMPATH\Boot.php(334): CodeIgniter\CodeIgniter->run()
10 SYSTEMPATH\Boot.php(67): CodeIgniter\Boot::runCodeIgniter(Object(CodeIgniter\CodeIgniter))
11 FCPATH\index.php(59): CodeIgniter\Boot::bootWeb(Object(Config\Paths))
CRITICAL - 2025-06-18 19:02:48 --> [Caused by] CodeIgniter\Database\Exceptions\DatabaseException: Column 'deskripsi_project' cannot be null
in SYSTEMPATH\Database\MySQLi\Connection.php on line 332.
 1 SYSTEMPATH\Database\BaseConnection.php(738): CodeIgniter\Database\MySQLi\Connection->execute('INSERT INTO `project` (`nama_project`, `deskripsi_project`, `status_project`, `startdate_project`, `enddate_project`, `deadline_project`, `budget_project`, `id_client`, `id_employee`, `last_modified`, `author`) VALUES (\'SOP keliling dunia\', NULL, \'1\', \'2025-06-19\', \'2025-12-31\', \'2026-01-01\', \'10000000\', \'4\', \'1\', \'2025-06-18 19:02:47\', 1)')
 2 SYSTEMPATH\Database\BaseConnection.php(652): CodeIgniter\Database\BaseConnection->simpleQuery('INSERT INTO `project` (`nama_project`, `deskripsi_project`, `status_project`, `startdate_project`, `enddate_project`, `deadline_project`, `budget_project`, `id_client`, `id_employee`, `last_modified`, `author`) VALUES (\'SOP keliling dunia\', NULL, \'1\', \'2025-06-19\', \'2025-12-31\', \'2026-01-01\', \'10000000\', \'4\', \'1\', \'2025-06-18 19:02:47\', 1)')
 3 SYSTEMPATH\Database\BaseBuilder.php(2345): CodeIgniter\Database\BaseConnection->query('INSERT INTO `project` (`nama_project`, `deskripsi_project`, `status_project`, `startdate_project`, `enddate_project`, `deadline_project`, `budget_project`, `id_client`, `id_employee`, `last_modified`, `author`) VALUES (:nama_project:, :deskripsi_project:, :status_project:, :startdate_project:, :enddate_project:, :deadline_project:, :budget_project:, :id_client:, :id_employee:, :last_modified:, :author:)', [...], false)
 4 SYSTEMPATH\Model.php(394): CodeIgniter\Database\BaseBuilder->insert()
 5 SYSTEMPATH\BaseModel.php(843): CodeIgniter\Model->doInsert([...])
 6 SYSTEMPATH\Model.php(800): CodeIgniter\BaseModel->insert([...], true)
 7 APPPATH\Controllers\Project.php(29): CodeIgniter\Model->insert([...])
 8 SYSTEMPATH\CodeIgniter.php(933): App\Controllers\Project->store()
 9 SYSTEMPATH\CodeIgniter.php(507): CodeIgniter\CodeIgniter->runController(Object(App\Controllers\Project))
10 SYSTEMPATH\CodeIgniter.php(354): CodeIgniter\CodeIgniter->handleRequest(null, Object(Config\Cache), false)
11 SYSTEMPATH\Boot.php(334): CodeIgniter\CodeIgniter->run()
12 SYSTEMPATH\Boot.php(67): CodeIgniter\Boot::runCodeIgniter(Object(CodeIgniter\CodeIgniter))
13 FCPATH\index.php(59): CodeIgniter\Boot::bootWeb(Object(Config\Paths))
CRITICAL - 2025-06-18 19:02:48 --> [Caused by] mysqli_sql_exception: Column 'deskripsi_project' cannot be null
in SYSTEMPATH\Database\MySQLi\Connection.php on line 327.
 1 SYSTEMPATH\Database\MySQLi\Connection.php(327): mysqli->query('INSERT INTO `project` (`nama_project`, `deskripsi_project`, `status_project`, `startdate_project`, `enddate_project`, `deadline_project`, `budget_project`, `id_client`, `id_employee`, `last_modified`, `author`) VALUES (\'SOP keliling dunia\', NULL, \'1\', \'2025-06-19\', \'2025-12-31\', \'2026-01-01\', \'10000000\', \'4\', \'1\', \'2025-06-18 19:02:47\', 1)', 0)
 2 SYSTEMPATH\Database\BaseConnection.php(738): CodeIgniter\Database\MySQLi\Connection->execute('INSERT INTO `project` (`nama_project`, `deskripsi_project`, `status_project`, `startdate_project`, `enddate_project`, `deadline_project`, `budget_project`, `id_client`, `id_employee`, `last_modified`, `author`) VALUES (\'SOP keliling dunia\', NULL, \'1\', \'2025-06-19\', \'2025-12-31\', \'2026-01-01\', \'10000000\', \'4\', \'1\', \'2025-06-18 19:02:47\', 1)')
 3 SYSTEMPATH\Database\BaseConnection.php(652): CodeIgniter\Database\BaseConnection->simpleQuery('INSERT INTO `project` (`nama_project`, `deskripsi_project`, `status_project`, `startdate_project`, `enddate_project`, `deadline_project`, `budget_project`, `id_client`, `id_employee`, `last_modified`, `author`) VALUES (\'SOP keliling dunia\', NULL, \'1\', \'2025-06-19\', \'2025-12-31\', \'2026-01-01\', \'10000000\', \'4\', \'1\', \'2025-06-18 19:02:47\', 1)')
 4 SYSTEMPATH\Database\BaseBuilder.php(2345): CodeIgniter\Database\BaseConnection->query('INSERT INTO `project` (`nama_project`, `deskripsi_project`, `status_project`, `startdate_project`, `enddate_project`, `deadline_project`, `budget_project`, `id_client`, `id_employee`, `last_modified`, `author`) VALUES (:nama_project:, :deskripsi_project:, :status_project:, :startdate_project:, :enddate_project:, :deadline_project:, :budget_project:, :id_client:, :id_employee:, :last_modified:, :author:)', [...], false)
 5 SYSTEMPATH\Model.php(394): CodeIgniter\Database\BaseBuilder->insert()
 6 SYSTEMPATH\BaseModel.php(843): CodeIgniter\Model->doInsert([...])
 7 SYSTEMPATH\Model.php(800): CodeIgniter\BaseModel->insert([...], true)
 8 APPPATH\Controllers\Project.php(29): CodeIgniter\Model->insert([...])
 9 SYSTEMPATH\CodeIgniter.php(933): App\Controllers\Project->store()
10 SYSTEMPATH\CodeIgniter.php(507): CodeIgniter\CodeIgniter->runController(Object(App\Controllers\Project))
11 SYSTEMPATH\CodeIgniter.php(354): CodeIgniter\CodeIgniter->handleRequest(null, Object(Config\Cache), false)
12 SYSTEMPATH\Boot.php(334): CodeIgniter\CodeIgniter->run()
13 SYSTEMPATH\Boot.php(67): CodeIgniter\Boot::runCodeIgniter(Object(CodeIgniter\CodeIgniter))
14 FCPATH\index.php(59): CodeIgniter\Boot::bootWeb(Object(Config\Paths))
CRITICAL - 2025-06-18 19:04:04 --> ErrorException: Undefined variable $employee
[Method: GET, Route: project/edit/2]
in APPPATH\Views\ProjectView.php on line 48.
 1 APPPATH\Views\ProjectView.php(48): CodeIgniter\Debug\Exceptions->errorHandler(2, 'Undefined variable $employee', 'C:\\xampp\\htdocs\\timesheet\\app\\Views\\ProjectView.php', 48)
 2 SYSTEMPATH\View\View.php(224): include('C:\\xampp\\htdocs\\timesheet\\app\\Views\\ProjectView.php')
 3 SYSTEMPATH\View\View.php(227): CodeIgniter\View\View->CodeIgniter\View\{closure}()
 4 SYSTEMPATH\Common.php(1173): CodeIgniter\View\View->render('ProjectView', [], true)
 5 APPPATH\Controllers\Project.php(57): view('ProjectView', [...])
 6 SYSTEMPATH\CodeIgniter.php(933): App\Controllers\Project->edit('2')
 7 SYSTEMPATH\CodeIgniter.php(507): CodeIgniter\CodeIgniter->runController(Object(App\Controllers\Project))
 8 SYSTEMPATH\CodeIgniter.php(354): CodeIgniter\CodeIgniter->handleRequest(null, Object(Config\Cache), false)
 9 SYSTEMPATH\Boot.php(334): CodeIgniter\CodeIgniter->run()
10 SYSTEMPATH\Boot.php(67): CodeIgniter\Boot::runCodeIgniter(Object(CodeIgniter\CodeIgniter))
11 FCPATH\index.php(59): CodeIgniter\Boot::bootWeb(Object(Config\Paths))
ERROR - 2025-06-18 19:10:52 --> mysqli_sql_exception: Cannot add or update a child row: a foreign key constraint fails (`timesheet`.`project`, CONSTRAINT `fk_project_employee` FOREIGN KEY (`id_employee`) REFERENCES `employee` (`id_employee`)) in C:\xampp\htdocs\timesheet\system\Database\MySQLi\Connection.php:327
Stack trace:
#0 C:\xampp\htdocs\timesheet\system\Database\MySQLi\Connection.php(327): mysqli->query('UPDATE `project...', 0)
#1 C:\xampp\htdocs\timesheet\system\Database\BaseConnection.php(738): CodeIgniter\Database\MySQLi\Connection->execute('UPDATE `project...')
#2 C:\xampp\htdocs\timesheet\system\Database\BaseConnection.php(652): CodeIgniter\Database\BaseConnection->simpleQuery('UPDATE `project...')
#3 C:\xampp\htdocs\timesheet\system\Database\BaseBuilder.php(2521): CodeIgniter\Database\BaseConnection->query('UPDATE `project...', Array, false)
#4 C:\xampp\htdocs\timesheet\system\Model.php(461): CodeIgniter\Database\BaseBuilder->update()
#5 C:\xampp\htdocs\timesheet\system\BaseModel.php(1031): CodeIgniter\Model->doUpdate(Array, Array)
#6 C:\xampp\htdocs\timesheet\system\Model.php(863): CodeIgniter\BaseModel->update(Array, Array)
#7 C:\xampp\htdocs\timesheet\app\Controllers\Project.php(63): CodeIgniter\Model->update('2', Array)
#8 C:\xampp\htdocs\timesheet\system\CodeIgniter.php(933): App\Controllers\Project->update('2')
#9 C:\xampp\htdocs\timesheet\system\CodeIgniter.php(507): CodeIgniter\CodeIgniter->runController(Object(App\Controllers\Project))
#10 C:\xampp\htdocs\timesheet\system\CodeIgniter.php(354): CodeIgniter\CodeIgniter->handleRequest(NULL, Object(Config\Cache), false)
#11 C:\xampp\htdocs\timesheet\system\Boot.php(334): CodeIgniter\CodeIgniter->run()
#12 C:\xampp\htdocs\timesheet\system\Boot.php(67): CodeIgniter\Boot::runCodeIgniter(Object(CodeIgniter\CodeIgniter))
#13 C:\xampp\htdocs\timesheet\public\index.php(59): CodeIgniter\Boot::bootWeb(Object(Config\Paths))
#14 {main}
CRITICAL - 2025-06-18 19:10:52 --> CodeIgniter\Database\Exceptions\DatabaseException: Cannot add or update a child row: a foreign key constraint fails (`timesheet`.`project`, CONSTRAINT `fk_project_employee` FOREIGN KEY (`id_employee`) REFERENCES `employee` (`id_employee`))
[Method: POST, Route: project/update/2]
in SYSTEMPATH\Database\BaseConnection.php on line 692.
 1 SYSTEMPATH\Database\BaseBuilder.php(2521): CodeIgniter\Database\BaseConnection->query('UPDATE `project` SET `nama_project` = :nama_project:, `deskripsi_project` = :deskripsi_project:, `status_project` = :status_project:, `startdate_project` = :startdate_project:, `enddate_project` = :enddate_project:, `deadline_project` = :deadline_project:, `budget_project` = :budget_project:, `id_client` = :id_client:, `id_employee` = :id_employee:, `last_modified` = :last_modified:
WHERE `project`.`id_project` IN :project.id_project:', [...], false)
 2 SYSTEMPATH\Model.php(461): CodeIgniter\Database\BaseBuilder->update()
 3 SYSTEMPATH\BaseModel.php(1031): CodeIgniter\Model->doUpdate([...], [...])
 4 SYSTEMPATH\Model.php(863): CodeIgniter\BaseModel->update([...], [...])
 5 APPPATH\Controllers\Project.php(63): CodeIgniter\Model->update('2', [...])
 6 SYSTEMPATH\CodeIgniter.php(933): App\Controllers\Project->update('2')
 7 SYSTEMPATH\CodeIgniter.php(507): CodeIgniter\CodeIgniter->runController(Object(App\Controllers\Project))
 8 SYSTEMPATH\CodeIgniter.php(354): CodeIgniter\CodeIgniter->handleRequest(null, Object(Config\Cache), false)
 9 SYSTEMPATH\Boot.php(334): CodeIgniter\CodeIgniter->run()
10 SYSTEMPATH\Boot.php(67): CodeIgniter\Boot::runCodeIgniter(Object(CodeIgniter\CodeIgniter))
11 FCPATH\index.php(59): CodeIgniter\Boot::bootWeb(Object(Config\Paths))
CRITICAL - 2025-06-18 19:10:52 --> [Caused by] CodeIgniter\Database\Exceptions\DatabaseException: Cannot add or update a child row: a foreign key constraint fails (`timesheet`.`project`, CONSTRAINT `fk_project_employee` FOREIGN KEY (`id_employee`) REFERENCES `employee` (`id_employee`))
in SYSTEMPATH\Database\MySQLi\Connection.php on line 332.
 1 SYSTEMPATH\Database\BaseConnection.php(738): CodeIgniter\Database\MySQLi\Connection->execute('UPDATE `project` SET `nama_project` = \'aplikasi e-clears\', `deskripsi_project` = \'aplikasi e-clears\', `status_project` = \'2\', `startdate_project` = \'2025-01-01\', `enddate_project` = \'2026-01-01\', `deadline_project` = \'2026-01-31\', `budget_project` = \'1000000000\', `id_client` = \'2\', `id_employee` = \'1.000.000.000\', `last_modified` = \'2025-06-18 19:10:52\'
WHERE `project`.`id_project` IN (\'2\')')
 2 SYSTEMPATH\Database\BaseConnection.php(652): CodeIgniter\Database\BaseConnection->simpleQuery('UPDATE `project` SET `nama_project` = \'aplikasi e-clears\', `deskripsi_project` = \'aplikasi e-clears\', `status_project` = \'2\', `startdate_project` = \'2025-01-01\', `enddate_project` = \'2026-01-01\', `deadline_project` = \'2026-01-31\', `budget_project` = \'1000000000\', `id_client` = \'2\', `id_employee` = \'1.000.000.000\', `last_modified` = \'2025-06-18 19:10:52\'
WHERE `project`.`id_project` IN (\'2\')')
 3 SYSTEMPATH\Database\BaseBuilder.php(2521): CodeIgniter\Database\BaseConnection->query('UPDATE `project` SET `nama_project` = :nama_project:, `deskripsi_project` = :deskripsi_project:, `status_project` = :status_project:, `startdate_project` = :startdate_project:, `enddate_project` = :enddate_project:, `deadline_project` = :deadline_project:, `budget_project` = :budget_project:, `id_client` = :id_client:, `id_employee` = :id_employee:, `last_modified` = :last_modified:
WHERE `project`.`id_project` IN :project.id_project:', [...], false)
 4 SYSTEMPATH\Model.php(461): CodeIgniter\Database\BaseBuilder->update()
 5 SYSTEMPATH\BaseModel.php(1031): CodeIgniter\Model->doUpdate([...], [...])
 6 SYSTEMPATH\Model.php(863): CodeIgniter\BaseModel->update([...], [...])
 7 APPPATH\Controllers\Project.php(63): CodeIgniter\Model->update('2', [...])
 8 SYSTEMPATH\CodeIgniter.php(933): App\Controllers\Project->update('2')
 9 SYSTEMPATH\CodeIgniter.php(507): CodeIgniter\CodeIgniter->runController(Object(App\Controllers\Project))
10 SYSTEMPATH\CodeIgniter.php(354): CodeIgniter\CodeIgniter->handleRequest(null, Object(Config\Cache), false)
11 SYSTEMPATH\Boot.php(334): CodeIgniter\CodeIgniter->run()
12 SYSTEMPATH\Boot.php(67): CodeIgniter\Boot::runCodeIgniter(Object(CodeIgniter\CodeIgniter))
13 FCPATH\index.php(59): CodeIgniter\Boot::bootWeb(Object(Config\Paths))
CRITICAL - 2025-06-18 19:10:52 --> [Caused by] mysqli_sql_exception: Cannot add or update a child row: a foreign key constraint fails (`timesheet`.`project`, CONSTRAINT `fk_project_employee` FOREIGN KEY (`id_employee`) REFERENCES `employee` (`id_employee`))
in SYSTEMPATH\Database\MySQLi\Connection.php on line 327.
 1 SYSTEMPATH\Database\MySQLi\Connection.php(327): mysqli->query('UPDATE `project` SET `nama_project` = \'aplikasi e-clears\', `deskripsi_project` = \'aplikasi e-clears\', `status_project` = \'2\', `startdate_project` = \'2025-01-01\', `enddate_project` = \'2026-01-01\', `deadline_project` = \'2026-01-31\', `budget_project` = \'1000000000\', `id_client` = \'2\', `id_employee` = \'1.000.000.000\', `last_modified` = \'2025-06-18 19:10:52\'
WHERE `project`.`id_project` IN (\'2\')', 0)
 2 SYSTEMPATH\Database\BaseConnection.php(738): CodeIgniter\Database\MySQLi\Connection->execute('UPDATE `project` SET `nama_project` = \'aplikasi e-clears\', `deskripsi_project` = \'aplikasi e-clears\', `status_project` = \'2\', `startdate_project` = \'2025-01-01\', `enddate_project` = \'2026-01-01\', `deadline_project` = \'2026-01-31\', `budget_project` = \'1000000000\', `id_client` = \'2\', `id_employee` = \'1.000.000.000\', `last_modified` = \'2025-06-18 19:10:52\'
WHERE `project`.`id_project` IN (\'2\')')
 3 SYSTEMPATH\Database\BaseConnection.php(652): CodeIgniter\Database\BaseConnection->simpleQuery('UPDATE `project` SET `nama_project` = \'aplikasi e-clears\', `deskripsi_project` = \'aplikasi e-clears\', `status_project` = \'2\', `startdate_project` = \'2025-01-01\', `enddate_project` = \'2026-01-01\', `deadline_project` = \'2026-01-31\', `budget_project` = \'1000000000\', `id_client` = \'2\', `id_employee` = \'1.000.000.000\', `last_modified` = \'2025-06-18 19:10:52\'
WHERE `project`.`id_project` IN (\'2\')')
 4 SYSTEMPATH\Database\BaseBuilder.php(2521): CodeIgniter\Database\BaseConnection->query('UPDATE `project` SET `nama_project` = :nama_project:, `deskripsi_project` = :deskripsi_project:, `status_project` = :status_project:, `startdate_project` = :startdate_project:, `enddate_project` = :enddate_project:, `deadline_project` = :deadline_project:, `budget_project` = :budget_project:, `id_client` = :id_client:, `id_employee` = :id_employee:, `last_modified` = :last_modified:
WHERE `project`.`id_project` IN :project.id_project:', [...], false)
 5 SYSTEMPATH\Model.php(461): CodeIgniter\Database\BaseBuilder->update()
 6 SYSTEMPATH\BaseModel.php(1031): CodeIgniter\Model->doUpdate([...], [...])
 7 SYSTEMPATH\Model.php(863): CodeIgniter\BaseModel->update([...], [...])
 8 APPPATH\Controllers\Project.php(63): CodeIgniter\Model->update('2', [...])
 9 SYSTEMPATH\CodeIgniter.php(933): App\Controllers\Project->update('2')
10 SYSTEMPATH\CodeIgniter.php(507): CodeIgniter\CodeIgniter->runController(Object(App\Controllers\Project))
11 SYSTEMPATH\CodeIgniter.php(354): CodeIgniter\CodeIgniter->handleRequest(null, Object(Config\Cache), false)
12 SYSTEMPATH\Boot.php(334): CodeIgniter\CodeIgniter->run()
13 SYSTEMPATH\Boot.php(67): CodeIgniter\Boot::runCodeIgniter(Object(CodeIgniter\CodeIgniter))
14 FCPATH\index.php(59): CodeIgniter\Boot::bootWeb(Object(Config\Paths))
DEBUG - 2025-06-18 19:12:54 --> Session: Class initialized using 'CodeIgniter\Session\Handlers\FileHandler' driver.
DEBUG - 2025-06-18 19:13:18 --> Session: Class initialized using 'CodeIgniter\Session\Handlers\FileHandler' driver.
