DEBUG - 2025-07-07 13:00:11 --> Session: Class initialized using 'CodeIgniter\Session\Handlers\FileHandler' driver.
DEBUG - 2025-07-07 13:00:11 --> Session: Class initialized using 'CodeIgniter\Session\Handlers\FileHandler' driver.
DEBUG - 2025-07-07 13:00:14 --> Session: Class initialized using 'CodeIgniter\Session\Handlers\FileHandler' driver.
CRITICAL - 2025-07-07 13:02:21 --> ErrorException: Undefined variable $r
[Method: GET, Route: project]
in APPPATH\Views\project\projectDashboard.php on line 120.
 1 APPPATH\Views\project\projectDashboard.php(120): CodeIgniter\Debug\Exceptions->errorHandler(2, 'Undefined variable $r', 'C:\\xampp\\htdocs\\timesheet\\app\\Views\\project\\projectDashboard.php', 120)
 2 SYSTEMPATH\View\View.php(224): include('C:\\xampp\\htdocs\\timesheet\\app\\Views\\project\\projectDashboard.php')
 3 SYSTEMPATH\View\View.php(227): CodeIgniter\View\View->CodeIgniter\View\{closure}()
 4 SYSTEMPATH\Common.php(1173): CodeIgniter\View\View->render('project/projectDashboard', [], true)
 5 APPPATH\Controllers\Project.php(23): view('project/projectDashboard', [...])
 6 SYSTEMPATH\CodeIgniter.php(933): App\Controllers\Project->index()
 7 SYSTEMPATH\CodeIgniter.php(507): CodeIgniter\CodeIgniter->runController(Object(App\Controllers\Project))
 8 SYSTEMPATH\CodeIgniter.php(354): CodeIgniter\CodeIgniter->handleRequest(null, Object(Config\Cache), false)
 9 SYSTEMPATH\Boot.php(334): CodeIgniter\CodeIgniter->run()
10 SYSTEMPATH\Boot.php(67): CodeIgniter\Boot::runCodeIgniter(Object(CodeIgniter\CodeIgniter))
11 FCPATH\index.php(59): CodeIgniter\Boot::bootWeb(Object(Config\Paths))
CRITICAL - 2025-07-07 13:49:44 --> ErrorException: Undefined variable $isEdit
[Method: GET, Route: project/edit/2]
in APPPATH\Views\project\ProjectForm.php on line 70.
 1 APPPATH\Views\project\ProjectForm.php(70): CodeIgniter\Debug\Exceptions->errorHandler(2, 'Undefined variable $isEdit', 'C:\\xampp\\htdocs\\timesheet\\app\\Views\\project\\ProjectForm.php', 70)
 2 SYSTEMPATH\View\View.php(224): include('C:\\xampp\\htdocs\\timesheet\\app\\Views\\project\\ProjectForm.php')
 3 SYSTEMPATH\View\View.php(227): CodeIgniter\View\View->CodeIgniter\View\{closure}()
 4 SYSTEMPATH\Common.php(1173): CodeIgniter\View\View->render('project/ProjectForm', [], true)
 5 APPPATH\Controllers\Project.php(71): view('project/ProjectForm', [...])
 6 SYSTEMPATH\CodeIgniter.php(933): App\Controllers\Project->edit('2')
 7 SYSTEMPATH\CodeIgniter.php(507): CodeIgniter\CodeIgniter->runController(Object(App\Controllers\Project))
 8 SYSTEMPATH\CodeIgniter.php(354): CodeIgniter\CodeIgniter->handleRequest(null, Object(Config\Cache), false)
 9 SYSTEMPATH\Boot.php(334): CodeIgniter\CodeIgniter->run()
10 SYSTEMPATH\Boot.php(67): CodeIgniter\Boot::runCodeIgniter(Object(CodeIgniter\CodeIgniter))
11 FCPATH\index.php(59): CodeIgniter\Boot::bootWeb(Object(Config\Paths))
CRITICAL - 2025-07-07 13:54:33 --> ErrorException: Undefined variable $e
[Method: GET, Route: project/edit/3]
in APPPATH\Views\project\ProjectForm.php on line 77.
 1 APPPATH\Views\project\ProjectForm.php(77): CodeIgniter\Debug\Exceptions->errorHandler(2, 'Undefined variable $e', 'C:\\xampp\\htdocs\\timesheet\\app\\Views\\project\\ProjectForm.php', 77)
 2 SYSTEMPATH\View\View.php(224): include('C:\\xampp\\htdocs\\timesheet\\app\\Views\\project\\ProjectForm.php')
 3 SYSTEMPATH\View\View.php(227): CodeIgniter\View\View->CodeIgniter\View\{closure}()
 4 SYSTEMPATH\Common.php(1173): CodeIgniter\View\View->render('project/ProjectForm', [], true)
 5 APPPATH\Controllers\Project.php(71): view('project/ProjectForm', [...])
 6 SYSTEMPATH\CodeIgniter.php(933): App\Controllers\Project->edit('3')
 7 SYSTEMPATH\CodeIgniter.php(507): CodeIgniter\CodeIgniter->runController(Object(App\Controllers\Project))
 8 SYSTEMPATH\CodeIgniter.php(354): CodeIgniter\CodeIgniter->handleRequest(null, Object(Config\Cache), false)
 9 SYSTEMPATH\Boot.php(334): CodeIgniter\CodeIgniter->run()
10 SYSTEMPATH\Boot.php(67): CodeIgniter\Boot::runCodeIgniter(Object(CodeIgniter\CodeIgniter))
11 FCPATH\index.php(59): CodeIgniter\Boot::bootWeb(Object(Config\Paths))
