DEBUG - 2025-07-09 19:40:12 --> Session: Class initialized using 'CodeIgniter\Session\Handlers\FileHandler' driver.
DEBUG - 2025-07-09 19:46:40 --> Session: Class initialized using 'CodeIgniter\Session\Handlers\FileHandler' driver.
DEBUG - 2025-07-09 19:46:42 --> Session: Class initialized using 'CodeIgniter\Session\Handlers\FileHandler' driver.
DEBUG - 2025-07-09 19:47:14 --> Session: Class initialized using 'CodeIgniter\Session\Handlers\FileHandler' driver.
DEBUG - 2025-07-09 19:47:15 --> Session: Class initialized using 'CodeIgniter\Session\Handlers\FileHandler' driver.
DEBUG - 2025-07-09 19:47:17 --> Session: Class initialized using 'CodeIgniter\Session\Handlers\FileHandler' driver.
DEBUG - 2025-07-09 19:50:35 --> Session: Class initialized using 'CodeIgniter\Session\Handlers\FileHandler' driver.
DEBUG - 2025-07-09 19:50:38 --> Session: Class initialized using 'CodeIgniter\Session\Handlers\FileHandler' driver.
DEBUG - 2025-07-09 19:51:40 --> Session: Class initialized using 'CodeIgniter\Session\Handlers\FileHandler' driver.
DEBUG - 2025-07-09 19:51:41 --> Session: Class initialized using 'CodeIgniter\Session\Handlers\FileHandler' driver.
DEBUG - 2025-07-09 19:51:45 --> Session: Class initialized using 'CodeIgniter\Session\Handlers\FileHandler' driver.
DEBUG - 2025-07-09 19:52:13 --> Session: Class initialized using 'CodeIgniter\Session\Handlers\FileHandler' driver.
DEBUG - 2025-07-09 19:52:15 --> Session: Class initialized using 'CodeIgniter\Session\Handlers\FileHandler' driver.
DEBUG - 2025-07-09 19:52:21 --> Session: Class initialized using 'CodeIgniter\Session\Handlers\FileHandler' driver.
DEBUG - 2025-07-09 19:52:23 --> Session: Class initialized using 'CodeIgniter\Session\Handlers\FileHandler' driver.
DEBUG - 2025-07-09 19:52:49 --> Session: Class initialized using 'CodeIgniter\Session\Handlers\FileHandler' driver.
DEBUG - 2025-07-09 19:52:51 --> Session: Class initialized using 'CodeIgniter\Session\Handlers\FileHandler' driver.
DEBUG - 2025-07-09 19:52:51 --> Session: Class initialized using 'CodeIgniter\Session\Handlers\FileHandler' driver.
CRITICAL - 2025-07-09 19:52:51 --> ErrorException: Undefined variable $total_employee
[Method: GET, Route: dashboarduser]
in APPPATH\Views\dashboardUser.php on line 91.
 1 APPPATH\Views\dashboardUser.php(91): CodeIgniter\Debug\Exceptions->errorHandler(2, 'Undefined variable $total_employee', 'C:\\xampp\\htdocs\\timesheet\\app\\Views\\dashboardUser.php', 91)
 2 SYSTEMPATH\View\View.php(224): include('C:\\xampp\\htdocs\\timesheet\\app\\Views\\dashboardUser.php')
 3 SYSTEMPATH\View\View.php(227): CodeIgniter\View\View->CodeIgniter\View\{closure}()
 4 SYSTEMPATH\Common.php(1173): CodeIgniter\View\View->render('dashboardUser', [], true)
 5 APPPATH\Controllers\DashboardUser.php(21): view('dashboardUser', [...])
 6 SYSTEMPATH\CodeIgniter.php(933): App\Controllers\DashboardUser->index()
 7 SYSTEMPATH\CodeIgniter.php(507): CodeIgniter\CodeIgniter->runController(Object(App\Controllers\DashboardUser))
 8 SYSTEMPATH\CodeIgniter.php(354): CodeIgniter\CodeIgniter->handleRequest(null, Object(Config\Cache), false)
 9 SYSTEMPATH\Boot.php(334): CodeIgniter\CodeIgniter->run()
10 SYSTEMPATH\Boot.php(67): CodeIgniter\Boot::runCodeIgniter(Object(CodeIgniter\CodeIgniter))
11 FCPATH\index.php(59): CodeIgniter\Boot::bootWeb(Object(Config\Paths))
DEBUG - 2025-07-09 19:53:09 --> Session: Class initialized using 'CodeIgniter\Session\Handlers\FileHandler' driver.
DEBUG - 2025-07-09 19:53:11 --> Session: Class initialized using 'CodeIgniter\Session\Handlers\FileHandler' driver.
DEBUG - 2025-07-09 19:53:25 --> Session: Class initialized using 'CodeIgniter\Session\Handlers\FileHandler' driver.
DEBUG - 2025-07-09 19:53:27 --> Session: Class initialized using 'CodeIgniter\Session\Handlers\FileHandler' driver.
DEBUG - 2025-07-09 19:53:27 --> Session: Class initialized using 'CodeIgniter\Session\Handlers\FileHandler' driver.
CRITICAL - 2025-07-09 19:53:27 --> ErrorException: Undefined variable $total_employee
[Method: GET, Route: dashboarduser]
in APPPATH\Views\dashboardUser.php on line 91.
 1 APPPATH\Views\dashboardUser.php(91): CodeIgniter\Debug\Exceptions->errorHandler(2, 'Undefined variable $total_employee', 'C:\\xampp\\htdocs\\timesheet\\app\\Views\\dashboardUser.php', 91)
 2 SYSTEMPATH\View\View.php(224): include('C:\\xampp\\htdocs\\timesheet\\app\\Views\\dashboardUser.php')
 3 SYSTEMPATH\View\View.php(227): CodeIgniter\View\View->CodeIgniter\View\{closure}()
 4 SYSTEMPATH\Common.php(1173): CodeIgniter\View\View->render('dashboardUser', [], true)
 5 APPPATH\Controllers\DashboardUser.php(21): view('dashboardUser', [...])
 6 SYSTEMPATH\CodeIgniter.php(933): App\Controllers\DashboardUser->index()
 7 SYSTEMPATH\CodeIgniter.php(507): CodeIgniter\CodeIgniter->runController(Object(App\Controllers\DashboardUser))
 8 SYSTEMPATH\CodeIgniter.php(354): CodeIgniter\CodeIgniter->handleRequest(null, Object(Config\Cache), false)
 9 SYSTEMPATH\Boot.php(334): CodeIgniter\CodeIgniter->run()
10 SYSTEMPATH\Boot.php(67): CodeIgniter\Boot::runCodeIgniter(Object(CodeIgniter\CodeIgniter))
11 FCPATH\index.php(59): CodeIgniter\Boot::bootWeb(Object(Config\Paths))
DEBUG - 2025-07-09 20:05:38 --> Session: Class initialized using 'CodeIgniter\Session\Handlers\FileHandler' driver.
ERROR - 2025-07-09 20:05:42 --> Error connecting to the database: mysqli_sql_exception: No connection could be made because the target machine actively refused it in C:\xampp\htdocs\timesheet\system\Database\MySQLi\Connection.php:201
Stack trace:
#0 C:\xampp\htdocs\timesheet\system\Database\MySQLi\Connection.php(201): mysqli->real_connect('localhost', 'root', Object(SensitiveParameterValue), 'timesheet', 3306, '', 0)
#1 C:\xampp\htdocs\timesheet\system\Database\BaseConnection.php(421): CodeIgniter\Database\MySQLi\Connection->connect(false)
#2 C:\xampp\htdocs\timesheet\system\Database\BaseConnection.php(620): CodeIgniter\Database\BaseConnection->initialize()
#3 C:\xampp\htdocs\timesheet\system\Database\BaseBuilder.php(1733): CodeIgniter\Database\BaseConnection->query('SELECT COUNT(*)...', Array, false)
#4 C:\xampp\htdocs\timesheet\system\Model.php(676): CodeIgniter\Database\BaseBuilder->countAllResults(true)
#5 C:\xampp\htdocs\timesheet\app\Controllers\DashboardUser.php(28): CodeIgniter\Model->countAllResults()
#6 C:\xampp\htdocs\timesheet\system\CodeIgniter.php(933): App\Controllers\DashboardUser->index()
#7 C:\xampp\htdocs\timesheet\system\CodeIgniter.php(507): CodeIgniter\CodeIgniter->runController(Object(App\Controllers\DashboardUser))
#8 C:\xampp\htdocs\timesheet\system\CodeIgniter.php(354): CodeIgniter\CodeIgniter->handleRequest(NULL, Object(Config\Cache), false)
#9 C:\xampp\htdocs\timesheet\system\Boot.php(334): CodeIgniter\CodeIgniter->run()
#10 C:\xampp\htdocs\timesheet\system\Boot.php(67): CodeIgniter\Boot::runCodeIgniter(Object(CodeIgniter\CodeIgniter))
#11 C:\xampp\htdocs\timesheet\public\index.php(59): CodeIgniter\Boot::bootWeb(Object(Config\Paths))
#12 {main}

Next CodeIgniter\Database\Exceptions\DatabaseException: No connection could be made because the target machine actively refused it in C:\xampp\htdocs\timesheet\system\Database\MySQLi\Connection.php:246
Stack trace:
#0 C:\xampp\htdocs\timesheet\system\Database\BaseConnection.php(421): CodeIgniter\Database\MySQLi\Connection->connect(false)
#1 C:\xampp\htdocs\timesheet\system\Database\BaseConnection.php(620): CodeIgniter\Database\BaseConnection->initialize()
#2 C:\xampp\htdocs\timesheet\system\Database\BaseBuilder.php(1733): CodeIgniter\Database\BaseConnection->query('SELECT COUNT(*)...', Array, false)
#3 C:\xampp\htdocs\timesheet\system\Model.php(676): CodeIgniter\Database\BaseBuilder->countAllResults(true)
#4 C:\xampp\htdocs\timesheet\app\Controllers\DashboardUser.php(28): CodeIgniter\Model->countAllResults()
#5 C:\xampp\htdocs\timesheet\system\CodeIgniter.php(933): App\Controllers\DashboardUser->index()
#6 C:\xampp\htdocs\timesheet\system\CodeIgniter.php(507): CodeIgniter\CodeIgniter->runController(Object(App\Controllers\DashboardUser))
#7 C:\xampp\htdocs\timesheet\system\CodeIgniter.php(354): CodeIgniter\CodeIgniter->handleRequest(NULL, Object(Config\Cache), false)
#8 C:\xampp\htdocs\timesheet\system\Boot.php(334): CodeIgniter\CodeIgniter->run()
#9 C:\xampp\htdocs\timesheet\system\Boot.php(67): CodeIgniter\Boot::runCodeIgniter(Object(CodeIgniter\CodeIgniter))
#10 C:\xampp\htdocs\timesheet\public\index.php(59): CodeIgniter\Boot::bootWeb(Object(Config\Paths))
#11 {main}
CRITICAL - 2025-07-09 20:05:42 --> CodeIgniter\Database\Exceptions\DatabaseException: Unable to connect to the database.
Main connection [MySQLi]: No connection could be made because the target machine actively refused it
[Method: GET, Route: dashboarduser]
in SYSTEMPATH\Database\BaseConnection.php on line 467.
 1 SYSTEMPATH\Database\BaseConnection.php(620): CodeIgniter\Database\BaseConnection->initialize()
 2 SYSTEMPATH\Database\BaseBuilder.php(1733): CodeIgniter\Database\BaseConnection->query('SELECT COUNT(*) AS `numrows`
FROM `sheet`
WHERE `id_employee` = :id_employee:', [...], false)
 3 SYSTEMPATH\Model.php(676): CodeIgniter\Database\BaseBuilder->countAllResults(true)
 4 APPPATH\Controllers\DashboardUser.php(28): CodeIgniter\Model->countAllResults()
 5 SYSTEMPATH\CodeIgniter.php(933): App\Controllers\DashboardUser->index()
 6 SYSTEMPATH\CodeIgniter.php(507): CodeIgniter\CodeIgniter->runController(Object(App\Controllers\DashboardUser))
 7 SYSTEMPATH\CodeIgniter.php(354): CodeIgniter\CodeIgniter->handleRequest(null, Object(Config\Cache), false)
 8 SYSTEMPATH\Boot.php(334): CodeIgniter\CodeIgniter->run()
 9 SYSTEMPATH\Boot.php(67): CodeIgniter\Boot::runCodeIgniter(Object(CodeIgniter\CodeIgniter))
10 FCPATH\index.php(59): CodeIgniter\Boot::bootWeb(Object(Config\Paths))
DEBUG - 2025-07-09 20:05:58 --> Session: Class initialized using 'CodeIgniter\Session\Handlers\FileHandler' driver.
CRITICAL - 2025-07-09 20:05:58 --> ErrorException: Undefined variable $sheets
[Method: GET, Route: dashboarduser]
in APPPATH\Views\dashboardUser.php on line 171.
 1 APPPATH\Views\dashboardUser.php(171): CodeIgniter\Debug\Exceptions->errorHandler(2, 'Undefined variable $sheets', 'C:\\xampp\\htdocs\\timesheet\\app\\Views\\dashboardUser.php', 171)
 2 SYSTEMPATH\View\View.php(224): include('C:\\xampp\\htdocs\\timesheet\\app\\Views\\dashboardUser.php')
 3 SYSTEMPATH\View\View.php(227): CodeIgniter\View\View->CodeIgniter\View\{closure}()
 4 SYSTEMPATH\Common.php(1173): CodeIgniter\View\View->render('dashboardUser', [], true)
 5 APPPATH\Controllers\DashboardUser.php(47): view('dashboardUser', [...])
 6 SYSTEMPATH\CodeIgniter.php(933): App\Controllers\DashboardUser->index()
 7 SYSTEMPATH\CodeIgniter.php(507): CodeIgniter\CodeIgniter->runController(Object(App\Controllers\DashboardUser))
 8 SYSTEMPATH\CodeIgniter.php(354): CodeIgniter\CodeIgniter->handleRequest(null, Object(Config\Cache), false)
 9 SYSTEMPATH\Boot.php(334): CodeIgniter\CodeIgniter->run()
10 SYSTEMPATH\Boot.php(67): CodeIgniter\Boot::runCodeIgniter(Object(CodeIgniter\CodeIgniter))
11 FCPATH\index.php(59): CodeIgniter\Boot::bootWeb(Object(Config\Paths))
DEBUG - 2025-07-09 20:09:23 --> Session: Class initialized using 'CodeIgniter\Session\Handlers\FileHandler' driver.
DEBUG - 2025-07-09 20:10:04 --> Session: Class initialized using 'CodeIgniter\Session\Handlers\FileHandler' driver.
DEBUG - 2025-07-09 20:12:43 --> Session: Class initialized using 'CodeIgniter\Session\Handlers\FileHandler' driver.
DEBUG - 2025-07-09 20:21:13 --> Session: Class initialized using 'CodeIgniter\Session\Handlers\FileHandler' driver.
DEBUG - 2025-07-09 20:25:22 --> Session: Class initialized using 'CodeIgniter\Session\Handlers\FileHandler' driver.
DEBUG - 2025-07-09 20:26:52 --> Session: Class initialized using 'CodeIgniter\Session\Handlers\FileHandler' driver.
DEBUG - 2025-07-09 20:27:20 --> Session: Class initialized using 'CodeIgniter\Session\Handlers\FileHandler' driver.
DEBUG - 2025-07-09 20:27:20 --> Session: Class initialized using 'CodeIgniter\Session\Handlers\FileHandler' driver.
DEBUG - 2025-07-09 20:28:07 --> Session: Class initialized using 'CodeIgniter\Session\Handlers\FileHandler' driver.
DEBUG - 2025-07-09 20:28:07 --> Session: Class initialized using 'CodeIgniter\Session\Handlers\FileHandler' driver.
DEBUG - 2025-07-09 20:28:16 --> Session: Class initialized using 'CodeIgniter\Session\Handlers\FileHandler' driver.
DEBUG - 2025-07-09 20:28:16 --> Session: Class initialized using 'CodeIgniter\Session\Handlers\FileHandler' driver.
DEBUG - 2025-07-09 20:28:41 --> Session: Class initialized using 'CodeIgniter\Session\Handlers\FileHandler' driver.
DEBUG - 2025-07-09 20:28:54 --> Session: Class initialized using 'CodeIgniter\Session\Handlers\FileHandler' driver.
DEBUG - 2025-07-09 20:29:04 --> Session: Class initialized using 'CodeIgniter\Session\Handlers\FileHandler' driver.
DEBUG - 2025-07-09 20:29:04 --> Session: Class initialized using 'CodeIgniter\Session\Handlers\FileHandler' driver.
DEBUG - 2025-07-09 20:29:13 --> Session: Class initialized using 'CodeIgniter\Session\Handlers\FileHandler' driver.
DEBUG - 2025-07-09 20:29:14 --> Session: Class initialized using 'CodeIgniter\Session\Handlers\FileHandler' driver.
DEBUG - 2025-07-09 20:29:14 --> Session: Class initialized using 'CodeIgniter\Session\Handlers\FileHandler' driver.
DEBUG - 2025-07-09 20:29:15 --> Session: Class initialized using 'CodeIgniter\Session\Handlers\FileHandler' driver.
DEBUG - 2025-07-09 20:30:54 --> Session: Class initialized using 'CodeIgniter\Session\Handlers\FileHandler' driver.
DEBUG - 2025-07-09 20:31:04 --> Session: Class initialized using 'CodeIgniter\Session\Handlers\FileHandler' driver.
DEBUG - 2025-07-09 20:33:03 --> Session: Class initialized using 'CodeIgniter\Session\Handlers\FileHandler' driver.
DEBUG - 2025-07-09 20:35:16 --> Session: Class initialized using 'CodeIgniter\Session\Handlers\FileHandler' driver.
CRITICAL - 2025-07-09 20:35:16 --> Error: Object of class App\Models\SheetModel could not be converted to string
[Method: GET, Route: dashboarduser]
in APPPATH\Controllers\DashboardUser.php on line 27.
 1 SYSTEMPATH\CodeIgniter.php(933): App\Controllers\DashboardUser->index()
 2 SYSTEMPATH\CodeIgniter.php(507): CodeIgniter\CodeIgniter->runController(Object(App\Controllers\DashboardUser))
 3 SYSTEMPATH\CodeIgniter.php(354): CodeIgniter\CodeIgniter->handleRequest(null, Object(Config\Cache), false)
 4 SYSTEMPATH\Boot.php(334): CodeIgniter\CodeIgniter->run()
 5 SYSTEMPATH\Boot.php(67): CodeIgniter\Boot::runCodeIgniter(Object(CodeIgniter\CodeIgniter))
 6 FCPATH\index.php(59): CodeIgniter\Boot::bootWeb(Object(Config\Paths))
DEBUG - 2025-07-09 20:36:31 --> Session: Class initialized using 'CodeIgniter\Session\Handlers\FileHandler' driver.
DEBUG - 2025-07-09 20:36:33 --> Session: Class initialized using 'CodeIgniter\Session\Handlers\FileHandler' driver.
DEBUG - 2025-07-09 20:36:33 --> Session: Class initialized using 'CodeIgniter\Session\Handlers\FileHandler' driver.
CRITICAL - 2025-07-09 20:36:33 --> Error: Object of class App\Models\SheetModel could not be converted to string
[Method: GET, Route: dashboarduser]
in APPPATH\Controllers\DashboardUser.php on line 27.
 1 SYSTEMPATH\CodeIgniter.php(933): App\Controllers\DashboardUser->index()
 2 SYSTEMPATH\CodeIgniter.php(507): CodeIgniter\CodeIgniter->runController(Object(App\Controllers\DashboardUser))
 3 SYSTEMPATH\CodeIgniter.php(354): CodeIgniter\CodeIgniter->handleRequest(null, Object(Config\Cache), false)
 4 SYSTEMPATH\Boot.php(334): CodeIgniter\CodeIgniter->run()
 5 SYSTEMPATH\Boot.php(67): CodeIgniter\Boot::runCodeIgniter(Object(CodeIgniter\CodeIgniter))
 6 FCPATH\index.php(59): CodeIgniter\Boot::bootWeb(Object(Config\Paths))
DEBUG - 2025-07-09 20:36:40 --> Session: Class initialized using 'CodeIgniter\Session\Handlers\FileHandler' driver.
DEBUG - 2025-07-09 20:37:10 --> Session: Class initialized using 'CodeIgniter\Session\Handlers\FileHandler' driver.
DEBUG - 2025-07-09 20:37:10 --> Session: Class initialized using 'CodeIgniter\Session\Handlers\FileHandler' driver.
DEBUG - 2025-07-09 20:37:20 --> Session: Class initialized using 'CodeIgniter\Session\Handlers\FileHandler' driver.
DEBUG - 2025-07-09 20:37:20 --> Session: Class initialized using 'CodeIgniter\Session\Handlers\FileHandler' driver.
CRITICAL - 2025-07-09 20:37:20 --> ErrorException: Undefined array key "nama_project"
[Method: GET, Route: dashboarduser]
in APPPATH\Views\dashboardUser.php on line 141.
 1 APPPATH\Views\dashboardUser.php(141): CodeIgniter\Debug\Exceptions->errorHandler(2, 'Undefined array key "nama_project"', 'C:\\xampp\\htdocs\\timesheet\\app\\Views\\dashboardUser.php', 141)
 2 SYSTEMPATH\View\View.php(224): include('C:\\xampp\\htdocs\\timesheet\\app\\Views\\dashboardUser.php')
 3 SYSTEMPATH\View\View.php(227): CodeIgniter\View\View->CodeIgniter\View\{closure}()
 4 SYSTEMPATH\Common.php(1173): CodeIgniter\View\View->render('dashboardUser', [], true)
 5 APPPATH\Controllers\DashboardUser.php(47): view('dashboardUser', [...])
 6 SYSTEMPATH\CodeIgniter.php(933): App\Controllers\DashboardUser->index()
 7 SYSTEMPATH\CodeIgniter.php(507): CodeIgniter\CodeIgniter->runController(Object(App\Controllers\DashboardUser))
 8 SYSTEMPATH\CodeIgniter.php(354): CodeIgniter\CodeIgniter->handleRequest(null, Object(Config\Cache), false)
 9 SYSTEMPATH\Boot.php(334): CodeIgniter\CodeIgniter->run()
10 SYSTEMPATH\Boot.php(67): CodeIgniter\Boot::runCodeIgniter(Object(CodeIgniter\CodeIgniter))
11 FCPATH\index.php(59): CodeIgniter\Boot::bootWeb(Object(Config\Paths))
DEBUG - 2025-07-09 20:38:55 --> Session: Class initialized using 'CodeIgniter\Session\Handlers\FileHandler' driver.
DEBUG - 2025-07-09 20:42:12 --> Session: Class initialized using 'CodeIgniter\Session\Handlers\FileHandler' driver.
DEBUG - 2025-07-09 20:42:31 --> Session: Class initialized using 'CodeIgniter\Session\Handlers\FileHandler' driver.
DEBUG - 2025-07-09 20:49:08 --> Session: Class initialized using 'CodeIgniter\Session\Handlers\FileHandler' driver.
DEBUG - 2025-07-09 20:49:30 --> Session: Class initialized using 'CodeIgniter\Session\Handlers\FileHandler' driver.
DEBUG - 2025-07-09 20:54:41 --> Session: Class initialized using 'CodeIgniter\Session\Handlers\FileHandler' driver.
DEBUG - 2025-07-09 20:58:49 --> Session: Class initialized using 'CodeIgniter\Session\Handlers\FileHandler' driver.
DEBUG - 2025-07-09 20:59:23 --> Session: Class initialized using 'CodeIgniter\Session\Handlers\FileHandler' driver.
DEBUG - 2025-07-09 20:59:32 --> Session: Class initialized using 'CodeIgniter\Session\Handlers\FileHandler' driver.
DEBUG - 2025-07-09 21:01:13 --> Session: Class initialized using 'CodeIgniter\Session\Handlers\FileHandler' driver.
DEBUG - 2025-07-09 21:02:10 --> Session: Class initialized using 'CodeIgniter\Session\Handlers\FileHandler' driver.
DEBUG - 2025-07-09 21:03:08 --> Session: Class initialized using 'CodeIgniter\Session\Handlers\FileHandler' driver.
DEBUG - 2025-07-09 21:04:23 --> Session: Class initialized using 'CodeIgniter\Session\Handlers\FileHandler' driver.
DEBUG - 2025-07-09 21:05:38 --> Session: Class initialized using 'CodeIgniter\Session\Handlers\FileHandler' driver.
DEBUG - 2025-07-09 21:06:56 --> Session: Class initialized using 'CodeIgniter\Session\Handlers\FileHandler' driver.
DEBUG - 2025-07-09 21:07:20 --> Session: Class initialized using 'CodeIgniter\Session\Handlers\FileHandler' driver.
DEBUG - 2025-07-09 21:43:28 --> Session: Class initialized using 'CodeIgniter\Session\Handlers\FileHandler' driver.
DEBUG - 2025-07-09 21:43:54 --> Session: Class initialized using 'CodeIgniter\Session\Handlers\FileHandler' driver.
DEBUG - 2025-07-09 21:52:23 --> Session: Class initialized using 'CodeIgniter\Session\Handlers\FileHandler' driver.
DEBUG - 2025-07-09 21:52:25 --> Session: Class initialized using 'CodeIgniter\Session\Handlers\FileHandler' driver.
DEBUG - 2025-07-09 21:52:31 --> Session: Class initialized using 'CodeIgniter\Session\Handlers\FileHandler' driver.
DEBUG - 2025-07-09 21:54:10 --> Session: Class initialized using 'CodeIgniter\Session\Handlers\FileHandler' driver.
DEBUG - 2025-07-09 22:00:14 --> Session: Class initialized using 'CodeIgniter\Session\Handlers\FileHandler' driver.
DEBUG - 2025-07-09 22:00:24 --> Session: Class initialized using 'CodeIgniter\Session\Handlers\FileHandler' driver.
DEBUG - 2025-07-09 22:01:29 --> Session: Class initialized using 'CodeIgniter\Session\Handlers\FileHandler' driver.
DEBUG - 2025-07-09 22:01:39 --> Session: Class initialized using 'CodeIgniter\Session\Handlers\FileHandler' driver.
DEBUG - 2025-07-09 22:01:42 --> Session: Class initialized using 'CodeIgniter\Session\Handlers\FileHandler' driver.
DEBUG - 2025-07-09 22:05:59 --> Session: Class initialized using 'CodeIgniter\Session\Handlers\FileHandler' driver.
DEBUG - 2025-07-09 22:06:03 --> Session: Class initialized using 'CodeIgniter\Session\Handlers\FileHandler' driver.
DEBUG - 2025-07-09 22:06:05 --> Session: Class initialized using 'CodeIgniter\Session\Handlers\FileHandler' driver.
DEBUG - 2025-07-09 22:08:31 --> Session: Class initialized using 'CodeIgniter\Session\Handlers\FileHandler' driver.
DEBUG - 2025-07-09 22:08:35 --> Session: Class initialized using 'CodeIgniter\Session\Handlers\FileHandler' driver.
DEBUG - 2025-07-09 22:08:38 --> Session: Class initialized using 'CodeIgniter\Session\Handlers\FileHandler' driver.
DEBUG - 2025-07-09 22:10:22 --> Session: Class initialized using 'CodeIgniter\Session\Handlers\FileHandler' driver.
DEBUG - 2025-07-09 22:11:46 --> Session: Class initialized using 'CodeIgniter\Session\Handlers\FileHandler' driver.
DEBUG - 2025-07-09 22:12:04 --> Session: Class initialized using 'CodeIgniter\Session\Handlers\FileHandler' driver.
DEBUG - 2025-07-09 22:12:07 --> Session: Class initialized using 'CodeIgniter\Session\Handlers\FileHandler' driver.
DEBUG - 2025-07-09 22:12:41 --> Session: Class initialized using 'CodeIgniter\Session\Handlers\FileHandler' driver.
DEBUG - 2025-07-09 22:12:54 --> Session: Class initialized using 'CodeIgniter\Session\Handlers\FileHandler' driver.
DEBUG - 2025-07-09 22:13:21 --> Session: Class initialized using 'CodeIgniter\Session\Handlers\FileHandler' driver.
DEBUG - 2025-07-09 22:13:56 --> Session: Class initialized using 'CodeIgniter\Session\Handlers\FileHandler' driver.
DEBUG - 2025-07-09 22:14:59 --> Session: Class initialized using 'CodeIgniter\Session\Handlers\FileHandler' driver.
DEBUG - 2025-07-09 22:15:05 --> Session: Class initialized using 'CodeIgniter\Session\Handlers\FileHandler' driver.
DEBUG - 2025-07-09 22:16:07 --> Session: Class initialized using 'CodeIgniter\Session\Handlers\FileHandler' driver.
DEBUG - 2025-07-09 22:16:10 --> Session: Class initialized using 'CodeIgniter\Session\Handlers\FileHandler' driver.
CRITICAL - 2025-07-09 22:16:10 --> ErrorException: Undefined array key "nama_employee"
[Method: GET, Route: sheet/user/3]
in APPPATH\Views\sheet\user\SheetDetailUser.php on line 71.
 1 APPPATH\Views\sheet\user\SheetDetailUser.php(71): CodeIgniter\Debug\Exceptions->errorHandler(2, 'Undefined array key "nama_employee"', 'C:\\xampp\\htdocs\\timesheet\\app\\Views\\sheet\\user\\SheetDetailUser.php', 71)
 2 SYSTEMPATH\View\View.php(224): include('C:\\xampp\\htdocs\\timesheet\\app\\Views\\sheet\\user\\SheetDetailUser.php')
 3 SYSTEMPATH\View\View.php(227): CodeIgniter\View\View->CodeIgniter\View\{closure}()
 4 SYSTEMPATH\Common.php(1173): CodeIgniter\View\View->render('sheet/user/SheetDetailUser', [], true)
 5 APPPATH\Controllers\SheetUser.php(32): view('sheet/user/SheetDetailUser', [...])
 6 SYSTEMPATH\CodeIgniter.php(933): App\Controllers\SheetUser->detail('3')
 7 SYSTEMPATH\CodeIgniter.php(507): CodeIgniter\CodeIgniter->runController(Object(App\Controllers\SheetUser))
 8 SYSTEMPATH\CodeIgniter.php(354): CodeIgniter\CodeIgniter->handleRequest(null, Object(Config\Cache), false)
 9 SYSTEMPATH\Boot.php(334): CodeIgniter\CodeIgniter->run()
10 SYSTEMPATH\Boot.php(67): CodeIgniter\Boot::runCodeIgniter(Object(CodeIgniter\CodeIgniter))
11 FCPATH\index.php(59): CodeIgniter\Boot::bootWeb(Object(Config\Paths))
DEBUG - 2025-07-09 22:16:24 --> Session: Class initialized using 'CodeIgniter\Session\Handlers\FileHandler' driver.
DEBUG - 2025-07-09 22:17:29 --> Session: Class initialized using 'CodeIgniter\Session\Handlers\FileHandler' driver.
CRITICAL - 2025-07-09 22:17:29 --> ErrorException: Undefined array key "nama_employee"
[Method: GET, Route: sheet/user/3]
in APPPATH\Views\sheet\user\SheetDetailUser.php on line 71.
 1 APPPATH\Views\sheet\user\SheetDetailUser.php(71): CodeIgniter\Debug\Exceptions->errorHandler(2, 'Undefined array key "nama_employee"', 'C:\\xampp\\htdocs\\timesheet\\app\\Views\\sheet\\user\\SheetDetailUser.php', 71)
 2 SYSTEMPATH\View\View.php(224): include('C:\\xampp\\htdocs\\timesheet\\app\\Views\\sheet\\user\\SheetDetailUser.php')
 3 SYSTEMPATH\View\View.php(227): CodeIgniter\View\View->CodeIgniter\View\{closure}()
 4 SYSTEMPATH\Common.php(1173): CodeIgniter\View\View->render('sheet/user/SheetDetailUser', [], true)
 5 APPPATH\Controllers\SheetUser.php(32): view('sheet/user/SheetDetailUser', [...])
 6 SYSTEMPATH\CodeIgniter.php(933): App\Controllers\SheetUser->detail('3')
 7 SYSTEMPATH\CodeIgniter.php(507): CodeIgniter\CodeIgniter->runController(Object(App\Controllers\SheetUser))
 8 SYSTEMPATH\CodeIgniter.php(354): CodeIgniter\CodeIgniter->handleRequest(null, Object(Config\Cache), false)
 9 SYSTEMPATH\Boot.php(334): CodeIgniter\CodeIgniter->run()
10 SYSTEMPATH\Boot.php(67): CodeIgniter\Boot::runCodeIgniter(Object(CodeIgniter\CodeIgniter))
11 FCPATH\index.php(59): CodeIgniter\Boot::bootWeb(Object(Config\Paths))
DEBUG - 2025-07-09 22:21:06 --> Session: Class initialized using 'CodeIgniter\Session\Handlers\FileHandler' driver.
DEBUG - 2025-07-09 22:21:15 --> Session: Class initialized using 'CodeIgniter\Session\Handlers\FileHandler' driver.
DEBUG - 2025-07-09 22:21:19 --> Session: Class initialized using 'CodeIgniter\Session\Handlers\FileHandler' driver.
DEBUG - 2025-07-09 22:21:22 --> Session: Class initialized using 'CodeIgniter\Session\Handlers\FileHandler' driver.
DEBUG - 2025-07-09 22:21:28 --> Session: Class initialized using 'CodeIgniter\Session\Handlers\FileHandler' driver.
DEBUG - 2025-07-09 22:38:55 --> Session: Class initialized using 'CodeIgniter\Session\Handlers\FileHandler' driver.
DEBUG - 2025-07-09 22:39:02 --> Session: Class initialized using 'CodeIgniter\Session\Handlers\FileHandler' driver.
DEBUG - 2025-07-09 22:39:07 --> Session: Class initialized using 'CodeIgniter\Session\Handlers\FileHandler' driver.
DEBUG - 2025-07-09 22:39:10 --> Session: Class initialized using 'CodeIgniter\Session\Handlers\FileHandler' driver.
DEBUG - 2025-07-09 22:39:49 --> Session: Class initialized using 'CodeIgniter\Session\Handlers\FileHandler' driver.
DEBUG - 2025-07-09 22:39:51 --> Session: Class initialized using 'CodeIgniter\Session\Handlers\FileHandler' driver.
DEBUG - 2025-07-09 22:39:52 --> Session: Class initialized using 'CodeIgniter\Session\Handlers\FileHandler' driver.
DEBUG - 2025-07-09 22:39:55 --> Session: Class initialized using 'CodeIgniter\Session\Handlers\FileHandler' driver.
DEBUG - 2025-07-09 22:40:20 --> Session: Class initialized using 'CodeIgniter\Session\Handlers\FileHandler' driver.
DEBUG - 2025-07-09 22:40:23 --> Session: Class initialized using 'CodeIgniter\Session\Handlers\FileHandler' driver.
DEBUG - 2025-07-09 22:40:38 --> Session: Class initialized using 'CodeIgniter\Session\Handlers\FileHandler' driver.
DEBUG - 2025-07-09 22:40:39 --> Session: Class initialized using 'CodeIgniter\Session\Handlers\FileHandler' driver.
DEBUG - 2025-07-09 22:40:41 --> Session: Class initialized using 'CodeIgniter\Session\Handlers\FileHandler' driver.
DEBUG - 2025-07-09 22:41:07 --> Session: Class initialized using 'CodeIgniter\Session\Handlers\FileHandler' driver.
DEBUG - 2025-07-09 22:41:26 --> Session: Class initialized using 'CodeIgniter\Session\Handlers\FileHandler' driver.
DEBUG - 2025-07-09 22:42:15 --> Session: Class initialized using 'CodeIgniter\Session\Handlers\FileHandler' driver.
DEBUG - 2025-07-09 22:44:18 --> Session: Class initialized using 'CodeIgniter\Session\Handlers\FileHandler' driver.
DEBUG - 2025-07-09 22:44:43 --> Session: Class initialized using 'CodeIgniter\Session\Handlers\FileHandler' driver.
DEBUG - 2025-07-09 22:45:59 --> Session: Class initialized using 'CodeIgniter\Session\Handlers\FileHandler' driver.
DEBUG - 2025-07-09 22:46:31 --> Session: Class initialized using 'CodeIgniter\Session\Handlers\FileHandler' driver.
DEBUG - 2025-07-09 22:46:46 --> Session: Class initialized using 'CodeIgniter\Session\Handlers\FileHandler' driver.
DEBUG - 2025-07-09 22:48:51 --> Session: Class initialized using 'CodeIgniter\Session\Handlers\FileHandler' driver.
CRITICAL - 2025-07-09 22:48:51 --> ErrorException: Undefined variable $e
[Method: GET, Route: sheet/user/3]
in APPPATH\Views\sheet\user\SheetDetailUser.php on line 105.
 1 APPPATH\Views\sheet\user\SheetDetailUser.php(105): CodeIgniter\Debug\Exceptions->errorHandler(2, 'Undefined variable $e', 'C:\\xampp\\htdocs\\timesheet\\app\\Views\\sheet\\user\\SheetDetailUser.php', 105)
 2 SYSTEMPATH\View\View.php(224): include('C:\\xampp\\htdocs\\timesheet\\app\\Views\\sheet\\user\\SheetDetailUser.php')
 3 SYSTEMPATH\View\View.php(227): CodeIgniter\View\View->CodeIgniter\View\{closure}()
 4 SYSTEMPATH\Common.php(1173): CodeIgniter\View\View->render('sheet/user/SheetDetailUser', [], true)
 5 APPPATH\Controllers\SheetUser.php(33): view('sheet/user/SheetDetailUser', [...])
 6 SYSTEMPATH\CodeIgniter.php(933): App\Controllers\SheetUser->detail('3')
 7 SYSTEMPATH\CodeIgniter.php(507): CodeIgniter\CodeIgniter->runController(Object(App\Controllers\SheetUser))
 8 SYSTEMPATH\CodeIgniter.php(354): CodeIgniter\CodeIgniter->handleRequest(null, Object(Config\Cache), false)
 9 SYSTEMPATH\Boot.php(334): CodeIgniter\CodeIgniter->run()
10 SYSTEMPATH\Boot.php(67): CodeIgniter\Boot::runCodeIgniter(Object(CodeIgniter\CodeIgniter))
11 FCPATH\index.php(59): CodeIgniter\Boot::bootWeb(Object(Config\Paths))
DEBUG - 2025-07-09 22:50:31 --> Session: Class initialized using 'CodeIgniter\Session\Handlers\FileHandler' driver.
DEBUG - 2025-07-09 23:00:46 --> Session: Class initialized using 'CodeIgniter\Session\Handlers\FileHandler' driver.
DEBUG - 2025-07-09 23:02:24 --> Session: Class initialized using 'CodeIgniter\Session\Handlers\FileHandler' driver.
DEBUG - 2025-07-09 23:02:28 --> Session: Class initialized using 'CodeIgniter\Session\Handlers\FileHandler' driver.
CRITICAL - 2025-07-09 23:02:28 --> ErrorException: Undefined array key "nama_employee"
[Method: GET, Route: sheet/user/edit/3]
in APPPATH\Views\sheet\user\SheetForm.php on line 81.
 1 APPPATH\Views\sheet\user\SheetForm.php(81): CodeIgniter\Debug\Exceptions->errorHandler(2, 'Undefined array key "nama_employee"', 'C:\\xampp\\htdocs\\timesheet\\app\\Views\\sheet\\user\\SheetForm.php', 81)
 2 SYSTEMPATH\View\View.php(224): include('C:\\xampp\\htdocs\\timesheet\\app\\Views\\sheet\\user\\SheetForm.php')
 3 SYSTEMPATH\View\View.php(227): CodeIgniter\View\View->CodeIgniter\View\{closure}()
 4 SYSTEMPATH\Common.php(1173): CodeIgniter\View\View->render('sheet/user/SheetForm', [], true)
 5 APPPATH\Controllers\SheetUser.php(79): view('sheet/user/SheetForm', [...])
 6 SYSTEMPATH\CodeIgniter.php(933): App\Controllers\SheetUser->edit('3')
 7 SYSTEMPATH\CodeIgniter.php(507): CodeIgniter\CodeIgniter->runController(Object(App\Controllers\SheetUser))
 8 SYSTEMPATH\CodeIgniter.php(354): CodeIgniter\CodeIgniter->handleRequest(null, Object(Config\Cache), false)
 9 SYSTEMPATH\Boot.php(334): CodeIgniter\CodeIgniter->run()
10 SYSTEMPATH\Boot.php(67): CodeIgniter\Boot::runCodeIgniter(Object(CodeIgniter\CodeIgniter))
11 FCPATH\index.php(59): CodeIgniter\Boot::bootWeb(Object(Config\Paths))
DEBUG - 2025-07-09 23:03:33 --> Session: Class initialized using 'CodeIgniter\Session\Handlers\FileHandler' driver.
CRITICAL - 2025-07-09 23:03:33 --> ErrorException: Undefined array key "nama_employee"
[Method: GET, Route: sheet/user/create]
in APPPATH\Views\sheet\user\SheetForm.php on line 81.
 1 APPPATH\Views\sheet\user\SheetForm.php(81): CodeIgniter\Debug\Exceptions->errorHandler(2, 'Undefined array key "nama_employee"', 'C:\\xampp\\htdocs\\timesheet\\app\\Views\\sheet\\user\\SheetForm.php', 81)
 2 SYSTEMPATH\View\View.php(224): include('C:\\xampp\\htdocs\\timesheet\\app\\Views\\sheet\\user\\SheetForm.php')
 3 SYSTEMPATH\View\View.php(227): CodeIgniter\View\View->CodeIgniter\View\{closure}()
 4 SYSTEMPATH\Common.php(1173): CodeIgniter\View\View->render('sheet/user/SheetForm', [], true)
 5 APPPATH\Controllers\SheetUser.php(43): view('sheet/user/SheetForm', [...])
 6 SYSTEMPATH\CodeIgniter.php(933): App\Controllers\SheetUser->create()
 7 SYSTEMPATH\CodeIgniter.php(507): CodeIgniter\CodeIgniter->runController(Object(App\Controllers\SheetUser))
 8 SYSTEMPATH\CodeIgniter.php(354): CodeIgniter\CodeIgniter->handleRequest(null, Object(Config\Cache), false)
 9 SYSTEMPATH\Boot.php(334): CodeIgniter\CodeIgniter->run()
10 SYSTEMPATH\Boot.php(67): CodeIgniter\Boot::runCodeIgniter(Object(CodeIgniter\CodeIgniter))
11 FCPATH\index.php(59): CodeIgniter\Boot::bootWeb(Object(Config\Paths))
DEBUG - 2025-07-09 23:09:50 --> Session: Class initialized using 'CodeIgniter\Session\Handlers\FileHandler' driver.
DEBUG - 2025-07-09 23:10:21 --> Session: Class initialized using 'CodeIgniter\Session\Handlers\FileHandler' driver.
DEBUG - 2025-07-09 23:10:38 --> Session: Class initialized using 'CodeIgniter\Session\Handlers\FileHandler' driver.
DEBUG - 2025-07-09 23:13:17 --> Session: Class initialized using 'CodeIgniter\Session\Handlers\FileHandler' driver.
DEBUG - 2025-07-09 23:14:12 --> Session: Class initialized using 'CodeIgniter\Session\Handlers\FileHandler' driver.
DEBUG - 2025-07-09 23:14:35 --> Session: Class initialized using 'CodeIgniter\Session\Handlers\FileHandler' driver.
DEBUG - 2025-07-09 23:14:36 --> Session: Class initialized using 'CodeIgniter\Session\Handlers\FileHandler' driver.
DEBUG - 2025-07-09 23:14:38 --> Session: Class initialized using 'CodeIgniter\Session\Handlers\FileHandler' driver.
DEBUG - 2025-07-09 23:14:42 --> Session: Class initialized using 'CodeIgniter\Session\Handlers\FileHandler' driver.
DEBUG - 2025-07-09 23:14:45 --> Session: Class initialized using 'CodeIgniter\Session\Handlers\FileHandler' driver.
DEBUG - 2025-07-09 23:14:50 --> Session: Class initialized using 'CodeIgniter\Session\Handlers\FileHandler' driver.
DEBUG - 2025-07-09 23:14:53 --> Session: Class initialized using 'CodeIgniter\Session\Handlers\FileHandler' driver.
DEBUG - 2025-07-09 23:14:56 --> Session: Class initialized using 'CodeIgniter\Session\Handlers\FileHandler' driver.
DEBUG - 2025-07-09 23:17:41 --> Session: Class initialized using 'CodeIgniter\Session\Handlers\FileHandler' driver.
DEBUG - 2025-07-09 23:17:49 --> Session: Class initialized using 'CodeIgniter\Session\Handlers\FileHandler' driver.
DEBUG - 2025-07-09 23:17:50 --> Session: Class initialized using 'CodeIgniter\Session\Handlers\FileHandler' driver.
DEBUG - 2025-07-09 23:17:52 --> Session: Class initialized using 'CodeIgniter\Session\Handlers\FileHandler' driver.
DEBUG - 2025-07-09 23:17:58 --> Session: Class initialized using 'CodeIgniter\Session\Handlers\FileHandler' driver.
DEBUG - 2025-07-09 23:18:44 --> Session: Class initialized using 'CodeIgniter\Session\Handlers\FileHandler' driver.
DEBUG - 2025-07-09 23:18:46 --> Session: Class initialized using 'CodeIgniter\Session\Handlers\FileHandler' driver.
DEBUG - 2025-07-09 23:18:49 --> Session: Class initialized using 'CodeIgniter\Session\Handlers\FileHandler' driver.
DEBUG - 2025-07-09 23:20:47 --> Session: Class initialized using 'CodeIgniter\Session\Handlers\FileHandler' driver.
DEBUG - 2025-07-09 23:20:49 --> Session: Class initialized using 'CodeIgniter\Session\Handlers\FileHandler' driver.
DEBUG - 2025-07-09 23:20:51 --> Session: Class initialized using 'CodeIgniter\Session\Handlers\FileHandler' driver.
DEBUG - 2025-07-09 23:21:05 --> Session: Class initialized using 'CodeIgniter\Session\Handlers\FileHandler' driver.
DEBUG - 2025-07-09 23:21:07 --> Session: Class initialized using 'CodeIgniter\Session\Handlers\FileHandler' driver.
DEBUG - 2025-07-09 23:21:15 --> Session: Class initialized using 'CodeIgniter\Session\Handlers\FileHandler' driver.
DEBUG - 2025-07-09 23:21:16 --> Session: Class initialized using 'CodeIgniter\Session\Handlers\FileHandler' driver.
DEBUG - 2025-07-09 23:21:51 --> Session: Class initialized using 'CodeIgniter\Session\Handlers\FileHandler' driver.
DEBUG - 2025-07-09 23:39:41 --> Session: Class initialized using 'CodeIgniter\Session\Handlers\FileHandler' driver.
DEBUG - 2025-07-09 23:45:28 --> Session: Class initialized using 'CodeIgniter\Session\Handlers\FileHandler' driver.
ERROR - 2025-07-09 23:45:28 --> mysqli_sql_exception: Column 'id_project' cannot be null in C:\xampp\htdocs\timesheet\system\Database\MySQLi\Connection.php:327
Stack trace:
#0 C:\xampp\htdocs\timesheet\system\Database\MySQLi\Connection.php(327): mysqli->query('INSERT INTO `sh...', 0)
#1 C:\xampp\htdocs\timesheet\system\Database\BaseConnection.php(738): CodeIgniter\Database\MySQLi\Connection->execute('INSERT INTO `sh...')
#2 C:\xampp\htdocs\timesheet\system\Database\BaseConnection.php(652): CodeIgniter\Database\BaseConnection->simpleQuery('INSERT INTO `sh...')
#3 C:\xampp\htdocs\timesheet\system\Database\BaseBuilder.php(2345): CodeIgniter\Database\BaseConnection->query('INSERT INTO `sh...', Array, false)
#4 C:\xampp\htdocs\timesheet\system\Model.php(394): CodeIgniter\Database\BaseBuilder->insert()
#5 C:\xampp\htdocs\timesheet\system\BaseModel.php(843): CodeIgniter\Model->doInsert(Array)
#6 C:\xampp\htdocs\timesheet\system\Model.php(800): CodeIgniter\BaseModel->insert(Array, true)
#7 C:\xampp\htdocs\timesheet\app\Controllers\SheetUser.php(50): CodeIgniter\Model->insert(Array)
#8 C:\xampp\htdocs\timesheet\system\CodeIgniter.php(933): App\Controllers\SheetUser->store()
#9 C:\xampp\htdocs\timesheet\system\CodeIgniter.php(507): CodeIgniter\CodeIgniter->runController(Object(App\Controllers\SheetUser))
#10 C:\xampp\htdocs\timesheet\system\CodeIgniter.php(354): CodeIgniter\CodeIgniter->handleRequest(NULL, Object(Config\Cache), false)
#11 C:\xampp\htdocs\timesheet\system\Boot.php(334): CodeIgniter\CodeIgniter->run()
#12 C:\xampp\htdocs\timesheet\system\Boot.php(67): CodeIgniter\Boot::runCodeIgniter(Object(CodeIgniter\CodeIgniter))
#13 C:\xampp\htdocs\timesheet\public\index.php(59): CodeIgniter\Boot::bootWeb(Object(Config\Paths))
#14 {main}
CRITICAL - 2025-07-09 23:45:28 --> CodeIgniter\Database\Exceptions\DatabaseException: Column 'id_project' cannot be null
[Method: POST, Route: sheet/user/store]
in SYSTEMPATH\Database\BaseConnection.php on line 692.
 1 SYSTEMPATH\Database\BaseBuilder.php(2345): CodeIgniter\Database\BaseConnection->query('INSERT INTO `sheet` (`date_sheet`, `hours_sheet`, `activity`, `result_path`, `id_employee`, `id_project`, `last_modified`, `author`) VALUES (:date_sheet:, :hours_sheet:, :activity:, :result_path:, :id_employee:, :id_project:, :last_modified:, :author:)', [...], false)
 2 SYSTEMPATH\Model.php(394): CodeIgniter\Database\BaseBuilder->insert()
 3 SYSTEMPATH\BaseModel.php(843): CodeIgniter\Model->doInsert([...])
 4 SYSTEMPATH\Model.php(800): CodeIgniter\BaseModel->insert([...], true)
 5 APPPATH\Controllers\SheetUser.php(50): CodeIgniter\Model->insert([...])
 6 SYSTEMPATH\CodeIgniter.php(933): App\Controllers\SheetUser->store()
 7 SYSTEMPATH\CodeIgniter.php(507): CodeIgniter\CodeIgniter->runController(Object(App\Controllers\SheetUser))
 8 SYSTEMPATH\CodeIgniter.php(354): CodeIgniter\CodeIgniter->handleRequest(null, Object(Config\Cache), false)
 9 SYSTEMPATH\Boot.php(334): CodeIgniter\CodeIgniter->run()
10 SYSTEMPATH\Boot.php(67): CodeIgniter\Boot::runCodeIgniter(Object(CodeIgniter\CodeIgniter))
11 FCPATH\index.php(59): CodeIgniter\Boot::bootWeb(Object(Config\Paths))
CRITICAL - 2025-07-09 23:45:28 --> [Caused by] CodeIgniter\Database\Exceptions\DatabaseException: Column 'id_project' cannot be null
in SYSTEMPATH\Database\MySQLi\Connection.php on line 332.
 1 SYSTEMPATH\Database\BaseConnection.php(738): CodeIgniter\Database\MySQLi\Connection->execute('INSERT INTO `sheet` (`date_sheet`, `hours_sheet`, `activity`, `result_path`, `id_employee`, `id_project`, `last_modified`, `author`) VALUES (\'2025-07-10\', \'4\', \'menyelesaikan beberapa fitur user\', \'ini udah sampe timesheet add/edit, tapi nama project belum muncul\', \'14\', NULL, \'2025-07-09 23:45:28\', \'14\')')
 2 SYSTEMPATH\Database\BaseConnection.php(652): CodeIgniter\Database\BaseConnection->simpleQuery('INSERT INTO `sheet` (`date_sheet`, `hours_sheet`, `activity`, `result_path`, `id_employee`, `id_project`, `last_modified`, `author`) VALUES (\'2025-07-10\', \'4\', \'menyelesaikan beberapa fitur user\', \'ini udah sampe timesheet add/edit, tapi nama project belum muncul\', \'14\', NULL, \'2025-07-09 23:45:28\', \'14\')')
 3 SYSTEMPATH\Database\BaseBuilder.php(2345): CodeIgniter\Database\BaseConnection->query('INSERT INTO `sheet` (`date_sheet`, `hours_sheet`, `activity`, `result_path`, `id_employee`, `id_project`, `last_modified`, `author`) VALUES (:date_sheet:, :hours_sheet:, :activity:, :result_path:, :id_employee:, :id_project:, :last_modified:, :author:)', [...], false)
 4 SYSTEMPATH\Model.php(394): CodeIgniter\Database\BaseBuilder->insert()
 5 SYSTEMPATH\BaseModel.php(843): CodeIgniter\Model->doInsert([...])
 6 SYSTEMPATH\Model.php(800): CodeIgniter\BaseModel->insert([...], true)
 7 APPPATH\Controllers\SheetUser.php(50): CodeIgniter\Model->insert([...])
 8 SYSTEMPATH\CodeIgniter.php(933): App\Controllers\SheetUser->store()
 9 SYSTEMPATH\CodeIgniter.php(507): CodeIgniter\CodeIgniter->runController(Object(App\Controllers\SheetUser))
10 SYSTEMPATH\CodeIgniter.php(354): CodeIgniter\CodeIgniter->handleRequest(null, Object(Config\Cache), false)
11 SYSTEMPATH\Boot.php(334): CodeIgniter\CodeIgniter->run()
12 SYSTEMPATH\Boot.php(67): CodeIgniter\Boot::runCodeIgniter(Object(CodeIgniter\CodeIgniter))
13 FCPATH\index.php(59): CodeIgniter\Boot::bootWeb(Object(Config\Paths))
CRITICAL - 2025-07-09 23:45:28 --> [Caused by] mysqli_sql_exception: Column 'id_project' cannot be null
in SYSTEMPATH\Database\MySQLi\Connection.php on line 327.
 1 SYSTEMPATH\Database\MySQLi\Connection.php(327): mysqli->query('INSERT INTO `sheet` (`date_sheet`, `hours_sheet`, `activity`, `result_path`, `id_employee`, `id_project`, `last_modified`, `author`) VALUES (\'2025-07-10\', \'4\', \'menyelesaikan beberapa fitur user\', \'ini udah sampe timesheet add/edit, tapi nama project belum muncul\', \'14\', NULL, \'2025-07-09 23:45:28\', \'14\')', 0)
 2 SYSTEMPATH\Database\BaseConnection.php(738): CodeIgniter\Database\MySQLi\Connection->execute('INSERT INTO `sheet` (`date_sheet`, `hours_sheet`, `activity`, `result_path`, `id_employee`, `id_project`, `last_modified`, `author`) VALUES (\'2025-07-10\', \'4\', \'menyelesaikan beberapa fitur user\', \'ini udah sampe timesheet add/edit, tapi nama project belum muncul\', \'14\', NULL, \'2025-07-09 23:45:28\', \'14\')')
 3 SYSTEMPATH\Database\BaseConnection.php(652): CodeIgniter\Database\BaseConnection->simpleQuery('INSERT INTO `sheet` (`date_sheet`, `hours_sheet`, `activity`, `result_path`, `id_employee`, `id_project`, `last_modified`, `author`) VALUES (\'2025-07-10\', \'4\', \'menyelesaikan beberapa fitur user\', \'ini udah sampe timesheet add/edit, tapi nama project belum muncul\', \'14\', NULL, \'2025-07-09 23:45:28\', \'14\')')
 4 SYSTEMPATH\Database\BaseBuilder.php(2345): CodeIgniter\Database\BaseConnection->query('INSERT INTO `sheet` (`date_sheet`, `hours_sheet`, `activity`, `result_path`, `id_employee`, `id_project`, `last_modified`, `author`) VALUES (:date_sheet:, :hours_sheet:, :activity:, :result_path:, :id_employee:, :id_project:, :last_modified:, :author:)', [...], false)
 5 SYSTEMPATH\Model.php(394): CodeIgniter\Database\BaseBuilder->insert()
 6 SYSTEMPATH\BaseModel.php(843): CodeIgniter\Model->doInsert([...])
 7 SYSTEMPATH\Model.php(800): CodeIgniter\BaseModel->insert([...], true)
 8 APPPATH\Controllers\SheetUser.php(50): CodeIgniter\Model->insert([...])
 9 SYSTEMPATH\CodeIgniter.php(933): App\Controllers\SheetUser->store()
10 SYSTEMPATH\CodeIgniter.php(507): CodeIgniter\CodeIgniter->runController(Object(App\Controllers\SheetUser))
11 SYSTEMPATH\CodeIgniter.php(354): CodeIgniter\CodeIgniter->handleRequest(null, Object(Config\Cache), false)
12 SYSTEMPATH\Boot.php(334): CodeIgniter\CodeIgniter->run()
13 SYSTEMPATH\Boot.php(67): CodeIgniter\Boot::runCodeIgniter(Object(CodeIgniter\CodeIgniter))
14 FCPATH\index.php(59): CodeIgniter\Boot::bootWeb(Object(Config\Paths))
DEBUG - 2025-07-09 23:47:16 --> Session: Class initialized using 'CodeIgniter\Session\Handlers\FileHandler' driver.
DEBUG - 2025-07-09 23:47:21 --> Session: Class initialized using 'CodeIgniter\Session\Handlers\FileHandler' driver.
DEBUG - 2025-07-09 23:47:38 --> Session: Class initialized using 'CodeIgniter\Session\Handlers\FileHandler' driver.
ERROR - 2025-07-09 23:47:38 --> mysqli_sql_exception: Cannot add or update a child row: a foreign key constraint fails (`timesheet`.`sheet`, CONSTRAINT `fk_sheet_employee` FOREIGN KEY (`id_employee`) REFERENCES `employee` (`id_employee`)) in C:\xampp\htdocs\timesheet\system\Database\MySQLi\Connection.php:327
Stack trace:
#0 C:\xampp\htdocs\timesheet\system\Database\MySQLi\Connection.php(327): mysqli->query('INSERT INTO `sh...', 0)
#1 C:\xampp\htdocs\timesheet\system\Database\BaseConnection.php(738): CodeIgniter\Database\MySQLi\Connection->execute('INSERT INTO `sh...')
#2 C:\xampp\htdocs\timesheet\system\Database\BaseConnection.php(652): CodeIgniter\Database\BaseConnection->simpleQuery('INSERT INTO `sh...')
#3 C:\xampp\htdocs\timesheet\system\Database\BaseBuilder.php(2345): CodeIgniter\Database\BaseConnection->query('INSERT INTO `sh...', Array, false)
#4 C:\xampp\htdocs\timesheet\system\Model.php(394): CodeIgniter\Database\BaseBuilder->insert()
#5 C:\xampp\htdocs\timesheet\system\BaseModel.php(843): CodeIgniter\Model->doInsert(Array)
#6 C:\xampp\htdocs\timesheet\system\Model.php(800): CodeIgniter\BaseModel->insert(Array, true)
#7 C:\xampp\htdocs\timesheet\app\Controllers\SheetUser.php(50): CodeIgniter\Model->insert(Array)
#8 C:\xampp\htdocs\timesheet\system\CodeIgniter.php(933): App\Controllers\SheetUser->store()
#9 C:\xampp\htdocs\timesheet\system\CodeIgniter.php(507): CodeIgniter\CodeIgniter->runController(Object(App\Controllers\SheetUser))
#10 C:\xampp\htdocs\timesheet\system\CodeIgniter.php(354): CodeIgniter\CodeIgniter->handleRequest(NULL, Object(Config\Cache), false)
#11 C:\xampp\htdocs\timesheet\system\Boot.php(334): CodeIgniter\CodeIgniter->run()
#12 C:\xampp\htdocs\timesheet\system\Boot.php(67): CodeIgniter\Boot::runCodeIgniter(Object(CodeIgniter\CodeIgniter))
#13 C:\xampp\htdocs\timesheet\public\index.php(59): CodeIgniter\Boot::bootWeb(Object(Config\Paths))
#14 {main}
CRITICAL - 2025-07-09 23:47:38 --> CodeIgniter\Database\Exceptions\DatabaseException: Cannot add or update a child row: a foreign key constraint fails (`timesheet`.`sheet`, CONSTRAINT `fk_sheet_employee` FOREIGN KEY (`id_employee`) REFERENCES `employee` (`id_employee`))
[Method: POST, Route: sheet/user/store]
in SYSTEMPATH\Database\BaseConnection.php on line 692.
 1 SYSTEMPATH\Database\BaseBuilder.php(2345): CodeIgniter\Database\BaseConnection->query('INSERT INTO `sheet` (`date_sheet`, `hours_sheet`, `activity`, `result_path`, `last_modified`, `author`) VALUES (:date_sheet:, :hours_sheet:, :activity:, :result_path:, :last_modified:, :author:)', [...], false)
 2 SYSTEMPATH\Model.php(394): CodeIgniter\Database\BaseBuilder->insert()
 3 SYSTEMPATH\BaseModel.php(843): CodeIgniter\Model->doInsert([...])
 4 SYSTEMPATH\Model.php(800): CodeIgniter\BaseModel->insert([...], true)
 5 APPPATH\Controllers\SheetUser.php(50): CodeIgniter\Model->insert([...])
 6 SYSTEMPATH\CodeIgniter.php(933): App\Controllers\SheetUser->store()
 7 SYSTEMPATH\CodeIgniter.php(507): CodeIgniter\CodeIgniter->runController(Object(App\Controllers\SheetUser))
 8 SYSTEMPATH\CodeIgniter.php(354): CodeIgniter\CodeIgniter->handleRequest(null, Object(Config\Cache), false)
 9 SYSTEMPATH\Boot.php(334): CodeIgniter\CodeIgniter->run()
10 SYSTEMPATH\Boot.php(67): CodeIgniter\Boot::runCodeIgniter(Object(CodeIgniter\CodeIgniter))
11 FCPATH\index.php(59): CodeIgniter\Boot::bootWeb(Object(Config\Paths))
CRITICAL - 2025-07-09 23:47:38 --> [Caused by] CodeIgniter\Database\Exceptions\DatabaseException: Cannot add or update a child row: a foreign key constraint fails (`timesheet`.`sheet`, CONSTRAINT `fk_sheet_employee` FOREIGN KEY (`id_employee`) REFERENCES `employee` (`id_employee`))
in SYSTEMPATH\Database\MySQLi\Connection.php on line 332.
 1 SYSTEMPATH\Database\BaseConnection.php(738): CodeIgniter\Database\MySQLi\Connection->execute('INSERT INTO `sheet` (`date_sheet`, `hours_sheet`, `activity`, `result_path`, `last_modified`, `author`) VALUES (\'2025-07-10\', \'4\', \'halo\', \'hai\', \'2025-07-09 23:47:38\', \'14\')')
 2 SYSTEMPATH\Database\BaseConnection.php(652): CodeIgniter\Database\BaseConnection->simpleQuery('INSERT INTO `sheet` (`date_sheet`, `hours_sheet`, `activity`, `result_path`, `last_modified`, `author`) VALUES (\'2025-07-10\', \'4\', \'halo\', \'hai\', \'2025-07-09 23:47:38\', \'14\')')
 3 SYSTEMPATH\Database\BaseBuilder.php(2345): CodeIgniter\Database\BaseConnection->query('INSERT INTO `sheet` (`date_sheet`, `hours_sheet`, `activity`, `result_path`, `last_modified`, `author`) VALUES (:date_sheet:, :hours_sheet:, :activity:, :result_path:, :last_modified:, :author:)', [...], false)
 4 SYSTEMPATH\Model.php(394): CodeIgniter\Database\BaseBuilder->insert()
 5 SYSTEMPATH\BaseModel.php(843): CodeIgniter\Model->doInsert([...])
 6 SYSTEMPATH\Model.php(800): CodeIgniter\BaseModel->insert([...], true)
 7 APPPATH\Controllers\SheetUser.php(50): CodeIgniter\Model->insert([...])
 8 SYSTEMPATH\CodeIgniter.php(933): App\Controllers\SheetUser->store()
 9 SYSTEMPATH\CodeIgniter.php(507): CodeIgniter\CodeIgniter->runController(Object(App\Controllers\SheetUser))
10 SYSTEMPATH\CodeIgniter.php(354): CodeIgniter\CodeIgniter->handleRequest(null, Object(Config\Cache), false)
11 SYSTEMPATH\Boot.php(334): CodeIgniter\CodeIgniter->run()
12 SYSTEMPATH\Boot.php(67): CodeIgniter\Boot::runCodeIgniter(Object(CodeIgniter\CodeIgniter))
13 FCPATH\index.php(59): CodeIgniter\Boot::bootWeb(Object(Config\Paths))
CRITICAL - 2025-07-09 23:47:38 --> [Caused by] mysqli_sql_exception: Cannot add or update a child row: a foreign key constraint fails (`timesheet`.`sheet`, CONSTRAINT `fk_sheet_employee` FOREIGN KEY (`id_employee`) REFERENCES `employee` (`id_employee`))
in SYSTEMPATH\Database\MySQLi\Connection.php on line 327.
 1 SYSTEMPATH\Database\MySQLi\Connection.php(327): mysqli->query('INSERT INTO `sheet` (`date_sheet`, `hours_sheet`, `activity`, `result_path`, `last_modified`, `author`) VALUES (\'2025-07-10\', \'4\', \'halo\', \'hai\', \'2025-07-09 23:47:38\', \'14\')', 0)
 2 SYSTEMPATH\Database\BaseConnection.php(738): CodeIgniter\Database\MySQLi\Connection->execute('INSERT INTO `sheet` (`date_sheet`, `hours_sheet`, `activity`, `result_path`, `last_modified`, `author`) VALUES (\'2025-07-10\', \'4\', \'halo\', \'hai\', \'2025-07-09 23:47:38\', \'14\')')
 3 SYSTEMPATH\Database\BaseConnection.php(652): CodeIgniter\Database\BaseConnection->simpleQuery('INSERT INTO `sheet` (`date_sheet`, `hours_sheet`, `activity`, `result_path`, `last_modified`, `author`) VALUES (\'2025-07-10\', \'4\', \'halo\', \'hai\', \'2025-07-09 23:47:38\', \'14\')')
 4 SYSTEMPATH\Database\BaseBuilder.php(2345): CodeIgniter\Database\BaseConnection->query('INSERT INTO `sheet` (`date_sheet`, `hours_sheet`, `activity`, `result_path`, `last_modified`, `author`) VALUES (:date_sheet:, :hours_sheet:, :activity:, :result_path:, :last_modified:, :author:)', [...], false)
 5 SYSTEMPATH\Model.php(394): CodeIgniter\Database\BaseBuilder->insert()
 6 SYSTEMPATH\BaseModel.php(843): CodeIgniter\Model->doInsert([...])
 7 SYSTEMPATH\Model.php(800): CodeIgniter\BaseModel->insert([...], true)
 8 APPPATH\Controllers\SheetUser.php(50): CodeIgniter\Model->insert([...])
 9 SYSTEMPATH\CodeIgniter.php(933): App\Controllers\SheetUser->store()
10 SYSTEMPATH\CodeIgniter.php(507): CodeIgniter\CodeIgniter->runController(Object(App\Controllers\SheetUser))
11 SYSTEMPATH\CodeIgniter.php(354): CodeIgniter\CodeIgniter->handleRequest(null, Object(Config\Cache), false)
12 SYSTEMPATH\Boot.php(334): CodeIgniter\CodeIgniter->run()
13 SYSTEMPATH\Boot.php(67): CodeIgniter\Boot::runCodeIgniter(Object(CodeIgniter\CodeIgniter))
14 FCPATH\index.php(59): CodeIgniter\Boot::bootWeb(Object(Config\Paths))
DEBUG - 2025-07-09 23:51:48 --> Session: Class initialized using 'CodeIgniter\Session\Handlers\FileHandler' driver.
DEBUG - 2025-07-09 23:51:49 --> Session: Class initialized using 'CodeIgniter\Session\Handlers\FileHandler' driver.
DEBUG - 2025-07-09 23:51:51 --> Session: Class initialized using 'CodeIgniter\Session\Handlers\FileHandler' driver.
DEBUG - 2025-07-09 23:51:55 --> Session: Class initialized using 'CodeIgniter\Session\Handlers\FileHandler' driver.
DEBUG - 2025-07-09 23:52:05 --> Session: Class initialized using 'CodeIgniter\Session\Handlers\FileHandler' driver.
DEBUG - 2025-07-09 23:55:55 --> Session: Class initialized using 'CodeIgniter\Session\Handlers\FileHandler' driver.
DEBUG - 2025-07-09 23:55:57 --> Session: Class initialized using 'CodeIgniter\Session\Handlers\FileHandler' driver.
DEBUG - 2025-07-09 23:56:01 --> Session: Class initialized using 'CodeIgniter\Session\Handlers\FileHandler' driver.
ERROR - 2025-07-09 23:56:01 --> mysqli_sql_exception: Unknown column 'employee.id_project' in 'on clause' in C:\xampp\htdocs\timesheet\system\Database\MySQLi\Connection.php:327
Stack trace:
#0 C:\xampp\htdocs\timesheet\system\Database\MySQLi\Connection.php(327): mysqli->query('SELECT `employe...', 0)
#1 C:\xampp\htdocs\timesheet\system\Database\BaseConnection.php(738): CodeIgniter\Database\MySQLi\Connection->execute('SELECT `employe...')
#2 C:\xampp\htdocs\timesheet\system\Database\BaseConnection.php(652): CodeIgniter\Database\BaseConnection->simpleQuery('SELECT `employe...')
#3 C:\xampp\htdocs\timesheet\system\Database\BaseBuilder.php(1649): CodeIgniter\Database\BaseConnection->query('SELECT `employe...', Array, false)
#4 C:\xampp\htdocs\timesheet\app\Models\SheetModel.php(49): CodeIgniter\Database\BaseBuilder->get()
#5 C:\xampp\htdocs\timesheet\app\Controllers\SheetUser.php(42): App\Models\SheetModel->getEmployeeWithProjectAndRole('14')
#6 C:\xampp\htdocs\timesheet\system\CodeIgniter.php(933): App\Controllers\SheetUser->create()
#7 C:\xampp\htdocs\timesheet\system\CodeIgniter.php(507): CodeIgniter\CodeIgniter->runController(Object(App\Controllers\SheetUser))
#8 C:\xampp\htdocs\timesheet\system\CodeIgniter.php(354): CodeIgniter\CodeIgniter->handleRequest(NULL, Object(Config\Cache), false)
#9 C:\xampp\htdocs\timesheet\system\Boot.php(334): CodeIgniter\CodeIgniter->run()
#10 C:\xampp\htdocs\timesheet\system\Boot.php(67): CodeIgniter\Boot::runCodeIgniter(Object(CodeIgniter\CodeIgniter))
#11 C:\xampp\htdocs\timesheet\public\index.php(59): CodeIgniter\Boot::bootWeb(Object(Config\Paths))
#12 {main}
CRITICAL - 2025-07-09 23:56:01 --> CodeIgniter\Database\Exceptions\DatabaseException: Unknown column 'employee.id_project' in 'on clause'
[Method: GET, Route: sheet/user/create]
in SYSTEMPATH\Database\BaseConnection.php on line 692.
 1 SYSTEMPATH\Database\BaseBuilder.php(1649): CodeIgniter\Database\BaseConnection->query('SELECT `employee`.`nama_employee`, `project`.`nama_project`, `role`.`judul_role`
FROM `employee`
JOIN `project` ON `project`.`id_project` = `employee`.`id_project`
JOIN `role` ON `role`.`id_role` = `employee`.`id_role`
WHERE `employee`.`id_employee` = :employee.id_employee:', [...], false)
 2 APPPATH\Models\SheetModel.php(49): CodeIgniter\Database\BaseBuilder->get()
 3 APPPATH\Controllers\SheetUser.php(42): App\Models\SheetModel->getEmployeeWithProjectAndRole('14')
 4 SYSTEMPATH\CodeIgniter.php(933): App\Controllers\SheetUser->create()
 5 SYSTEMPATH\CodeIgniter.php(507): CodeIgniter\CodeIgniter->runController(Object(App\Controllers\SheetUser))
 6 SYSTEMPATH\CodeIgniter.php(354): CodeIgniter\CodeIgniter->handleRequest(null, Object(Config\Cache), false)
 7 SYSTEMPATH\Boot.php(334): CodeIgniter\CodeIgniter->run()
 8 SYSTEMPATH\Boot.php(67): CodeIgniter\Boot::runCodeIgniter(Object(CodeIgniter\CodeIgniter))
 9 FCPATH\index.php(59): CodeIgniter\Boot::bootWeb(Object(Config\Paths))
CRITICAL - 2025-07-09 23:56:01 --> [Caused by] CodeIgniter\Database\Exceptions\DatabaseException: Unknown column 'employee.id_project' in 'on clause'
in SYSTEMPATH\Database\MySQLi\Connection.php on line 332.
 1 SYSTEMPATH\Database\BaseConnection.php(738): CodeIgniter\Database\MySQLi\Connection->execute('SELECT `employee`.`nama_employee`, `project`.`nama_project`, `role`.`judul_role`
FROM `employee`
JOIN `project` ON `project`.`id_project` = `employee`.`id_project`
JOIN `role` ON `role`.`id_role` = `employee`.`id_role`
WHERE `employee`.`id_employee` = \'14\'')
 2 SYSTEMPATH\Database\BaseConnection.php(652): CodeIgniter\Database\BaseConnection->simpleQuery('SELECT `employee`.`nama_employee`, `project`.`nama_project`, `role`.`judul_role`
FROM `employee`
JOIN `project` ON `project`.`id_project` = `employee`.`id_project`
JOIN `role` ON `role`.`id_role` = `employee`.`id_role`
WHERE `employee`.`id_employee` = \'14\'')
 3 SYSTEMPATH\Database\BaseBuilder.php(1649): CodeIgniter\Database\BaseConnection->query('SELECT `employee`.`nama_employee`, `project`.`nama_project`, `role`.`judul_role`
FROM `employee`
JOIN `project` ON `project`.`id_project` = `employee`.`id_project`
JOIN `role` ON `role`.`id_role` = `employee`.`id_role`
WHERE `employee`.`id_employee` = :employee.id_employee:', [...], false)
 4 APPPATH\Models\SheetModel.php(49): CodeIgniter\Database\BaseBuilder->get()
 5 APPPATH\Controllers\SheetUser.php(42): App\Models\SheetModel->getEmployeeWithProjectAndRole('14')
 6 SYSTEMPATH\CodeIgniter.php(933): App\Controllers\SheetUser->create()
 7 SYSTEMPATH\CodeIgniter.php(507): CodeIgniter\CodeIgniter->runController(Object(App\Controllers\SheetUser))
 8 SYSTEMPATH\CodeIgniter.php(354): CodeIgniter\CodeIgniter->handleRequest(null, Object(Config\Cache), false)
 9 SYSTEMPATH\Boot.php(334): CodeIgniter\CodeIgniter->run()
10 SYSTEMPATH\Boot.php(67): CodeIgniter\Boot::runCodeIgniter(Object(CodeIgniter\CodeIgniter))
11 FCPATH\index.php(59): CodeIgniter\Boot::bootWeb(Object(Config\Paths))
CRITICAL - 2025-07-09 23:56:01 --> [Caused by] mysqli_sql_exception: Unknown column 'employee.id_project' in 'on clause'
in SYSTEMPATH\Database\MySQLi\Connection.php on line 327.
 1 SYSTEMPATH\Database\MySQLi\Connection.php(327): mysqli->query('SELECT `employee`.`nama_employee`, `project`.`nama_project`, `role`.`judul_role`
FROM `employee`
JOIN `project` ON `project`.`id_project` = `employee`.`id_project`
JOIN `role` ON `role`.`id_role` = `employee`.`id_role`
WHERE `employee`.`id_employee` = \'14\'', 0)
 2 SYSTEMPATH\Database\BaseConnection.php(738): CodeIgniter\Database\MySQLi\Connection->execute('SELECT `employee`.`nama_employee`, `project`.`nama_project`, `role`.`judul_role`
FROM `employee`
JOIN `project` ON `project`.`id_project` = `employee`.`id_project`
JOIN `role` ON `role`.`id_role` = `employee`.`id_role`
WHERE `employee`.`id_employee` = \'14\'')
 3 SYSTEMPATH\Database\BaseConnection.php(652): CodeIgniter\Database\BaseConnection->simpleQuery('SELECT `employee`.`nama_employee`, `project`.`nama_project`, `role`.`judul_role`
FROM `employee`
JOIN `project` ON `project`.`id_project` = `employee`.`id_project`
JOIN `role` ON `role`.`id_role` = `employee`.`id_role`
WHERE `employee`.`id_employee` = \'14\'')
 4 SYSTEMPATH\Database\BaseBuilder.php(1649): CodeIgniter\Database\BaseConnection->query('SELECT `employee`.`nama_employee`, `project`.`nama_project`, `role`.`judul_role`
FROM `employee`
JOIN `project` ON `project`.`id_project` = `employee`.`id_project`
JOIN `role` ON `role`.`id_role` = `employee`.`id_role`
WHERE `employee`.`id_employee` = :employee.id_employee:', [...], false)
 5 APPPATH\Models\SheetModel.php(49): CodeIgniter\Database\BaseBuilder->get()
 6 APPPATH\Controllers\SheetUser.php(42): App\Models\SheetModel->getEmployeeWithProjectAndRole('14')
 7 SYSTEMPATH\CodeIgniter.php(933): App\Controllers\SheetUser->create()
 8 SYSTEMPATH\CodeIgniter.php(507): CodeIgniter\CodeIgniter->runController(Object(App\Controllers\SheetUser))
 9 SYSTEMPATH\CodeIgniter.php(354): CodeIgniter\CodeIgniter->handleRequest(null, Object(Config\Cache), false)
10 SYSTEMPATH\Boot.php(334): CodeIgniter\CodeIgniter->run()
11 SYSTEMPATH\Boot.php(67): CodeIgniter\Boot::runCodeIgniter(Object(CodeIgniter\CodeIgniter))
12 FCPATH\index.php(59): CodeIgniter\Boot::bootWeb(Object(Config\Paths))
DEBUG - 2025-07-09 23:56:08 --> Session: Class initialized using 'CodeIgniter\Session\Handlers\FileHandler' driver.
ERROR - 2025-07-09 23:56:08 --> mysqli_sql_exception: Unknown column 'employee.id_project' in 'on clause' in C:\xampp\htdocs\timesheet\system\Database\MySQLi\Connection.php:327
Stack trace:
#0 C:\xampp\htdocs\timesheet\system\Database\MySQLi\Connection.php(327): mysqli->query('SELECT `employe...', 0)
#1 C:\xampp\htdocs\timesheet\system\Database\BaseConnection.php(738): CodeIgniter\Database\MySQLi\Connection->execute('SELECT `employe...')
#2 C:\xampp\htdocs\timesheet\system\Database\BaseConnection.php(652): CodeIgniter\Database\BaseConnection->simpleQuery('SELECT `employe...')
#3 C:\xampp\htdocs\timesheet\system\Database\BaseBuilder.php(1649): CodeIgniter\Database\BaseConnection->query('SELECT `employe...', Array, false)
#4 C:\xampp\htdocs\timesheet\app\Models\SheetModel.php(49): CodeIgniter\Database\BaseBuilder->get()
#5 C:\xampp\htdocs\timesheet\app\Controllers\SheetUser.php(42): App\Models\SheetModel->getEmployeeWithProjectAndRole('14')
#6 C:\xampp\htdocs\timesheet\system\CodeIgniter.php(933): App\Controllers\SheetUser->create()
#7 C:\xampp\htdocs\timesheet\system\CodeIgniter.php(507): CodeIgniter\CodeIgniter->runController(Object(App\Controllers\SheetUser))
#8 C:\xampp\htdocs\timesheet\system\CodeIgniter.php(354): CodeIgniter\CodeIgniter->handleRequest(NULL, Object(Config\Cache), false)
#9 C:\xampp\htdocs\timesheet\system\Boot.php(334): CodeIgniter\CodeIgniter->run()
#10 C:\xampp\htdocs\timesheet\system\Boot.php(67): CodeIgniter\Boot::runCodeIgniter(Object(CodeIgniter\CodeIgniter))
#11 C:\xampp\htdocs\timesheet\public\index.php(59): CodeIgniter\Boot::bootWeb(Object(Config\Paths))
#12 {main}
CRITICAL - 2025-07-09 23:56:08 --> CodeIgniter\Database\Exceptions\DatabaseException: Unknown column 'employee.id_project' in 'on clause'
[Method: GET, Route: sheet/user/create]
in SYSTEMPATH\Database\BaseConnection.php on line 692.
 1 SYSTEMPATH\Database\BaseBuilder.php(1649): CodeIgniter\Database\BaseConnection->query('SELECT `employee`.`nama_employee`, `project`.`nama_project`, `role`.`judul_role`
FROM `employee`
JOIN `project` ON `project`.`id_project` = `employee`.`id_project`
JOIN `role` ON `role`.`id_role` = `employee`.`id_role`
WHERE `employee`.`id_employee` = :employee.id_employee:', [...], false)
 2 APPPATH\Models\SheetModel.php(49): CodeIgniter\Database\BaseBuilder->get()
 3 APPPATH\Controllers\SheetUser.php(42): App\Models\SheetModel->getEmployeeWithProjectAndRole('14')
 4 SYSTEMPATH\CodeIgniter.php(933): App\Controllers\SheetUser->create()
 5 SYSTEMPATH\CodeIgniter.php(507): CodeIgniter\CodeIgniter->runController(Object(App\Controllers\SheetUser))
 6 SYSTEMPATH\CodeIgniter.php(354): CodeIgniter\CodeIgniter->handleRequest(null, Object(Config\Cache), false)
 7 SYSTEMPATH\Boot.php(334): CodeIgniter\CodeIgniter->run()
 8 SYSTEMPATH\Boot.php(67): CodeIgniter\Boot::runCodeIgniter(Object(CodeIgniter\CodeIgniter))
 9 FCPATH\index.php(59): CodeIgniter\Boot::bootWeb(Object(Config\Paths))
CRITICAL - 2025-07-09 23:56:08 --> [Caused by] CodeIgniter\Database\Exceptions\DatabaseException: Unknown column 'employee.id_project' in 'on clause'
in SYSTEMPATH\Database\MySQLi\Connection.php on line 332.
 1 SYSTEMPATH\Database\BaseConnection.php(738): CodeIgniter\Database\MySQLi\Connection->execute('SELECT `employee`.`nama_employee`, `project`.`nama_project`, `role`.`judul_role`
FROM `employee`
JOIN `project` ON `project`.`id_project` = `employee`.`id_project`
JOIN `role` ON `role`.`id_role` = `employee`.`id_role`
WHERE `employee`.`id_employee` = \'14\'')
 2 SYSTEMPATH\Database\BaseConnection.php(652): CodeIgniter\Database\BaseConnection->simpleQuery('SELECT `employee`.`nama_employee`, `project`.`nama_project`, `role`.`judul_role`
FROM `employee`
JOIN `project` ON `project`.`id_project` = `employee`.`id_project`
JOIN `role` ON `role`.`id_role` = `employee`.`id_role`
WHERE `employee`.`id_employee` = \'14\'')
 3 SYSTEMPATH\Database\BaseBuilder.php(1649): CodeIgniter\Database\BaseConnection->query('SELECT `employee`.`nama_employee`, `project`.`nama_project`, `role`.`judul_role`
FROM `employee`
JOIN `project` ON `project`.`id_project` = `employee`.`id_project`
JOIN `role` ON `role`.`id_role` = `employee`.`id_role`
WHERE `employee`.`id_employee` = :employee.id_employee:', [...], false)
 4 APPPATH\Models\SheetModel.php(49): CodeIgniter\Database\BaseBuilder->get()
 5 APPPATH\Controllers\SheetUser.php(42): App\Models\SheetModel->getEmployeeWithProjectAndRole('14')
 6 SYSTEMPATH\CodeIgniter.php(933): App\Controllers\SheetUser->create()
 7 SYSTEMPATH\CodeIgniter.php(507): CodeIgniter\CodeIgniter->runController(Object(App\Controllers\SheetUser))
 8 SYSTEMPATH\CodeIgniter.php(354): CodeIgniter\CodeIgniter->handleRequest(null, Object(Config\Cache), false)
 9 SYSTEMPATH\Boot.php(334): CodeIgniter\CodeIgniter->run()
10 SYSTEMPATH\Boot.php(67): CodeIgniter\Boot::runCodeIgniter(Object(CodeIgniter\CodeIgniter))
11 FCPATH\index.php(59): CodeIgniter\Boot::bootWeb(Object(Config\Paths))
CRITICAL - 2025-07-09 23:56:08 --> [Caused by] mysqli_sql_exception: Unknown column 'employee.id_project' in 'on clause'
in SYSTEMPATH\Database\MySQLi\Connection.php on line 327.
 1 SYSTEMPATH\Database\MySQLi\Connection.php(327): mysqli->query('SELECT `employee`.`nama_employee`, `project`.`nama_project`, `role`.`judul_role`
FROM `employee`
JOIN `project` ON `project`.`id_project` = `employee`.`id_project`
JOIN `role` ON `role`.`id_role` = `employee`.`id_role`
WHERE `employee`.`id_employee` = \'14\'', 0)
 2 SYSTEMPATH\Database\BaseConnection.php(738): CodeIgniter\Database\MySQLi\Connection->execute('SELECT `employee`.`nama_employee`, `project`.`nama_project`, `role`.`judul_role`
FROM `employee`
JOIN `project` ON `project`.`id_project` = `employee`.`id_project`
JOIN `role` ON `role`.`id_role` = `employee`.`id_role`
WHERE `employee`.`id_employee` = \'14\'')
 3 SYSTEMPATH\Database\BaseConnection.php(652): CodeIgniter\Database\BaseConnection->simpleQuery('SELECT `employee`.`nama_employee`, `project`.`nama_project`, `role`.`judul_role`
FROM `employee`
JOIN `project` ON `project`.`id_project` = `employee`.`id_project`
JOIN `role` ON `role`.`id_role` = `employee`.`id_role`
WHERE `employee`.`id_employee` = \'14\'')
 4 SYSTEMPATH\Database\BaseBuilder.php(1649): CodeIgniter\Database\BaseConnection->query('SELECT `employee`.`nama_employee`, `project`.`nama_project`, `role`.`judul_role`
FROM `employee`
JOIN `project` ON `project`.`id_project` = `employee`.`id_project`
JOIN `role` ON `role`.`id_role` = `employee`.`id_role`
WHERE `employee`.`id_employee` = :employee.id_employee:', [...], false)
 5 APPPATH\Models\SheetModel.php(49): CodeIgniter\Database\BaseBuilder->get()
 6 APPPATH\Controllers\SheetUser.php(42): App\Models\SheetModel->getEmployeeWithProjectAndRole('14')
 7 SYSTEMPATH\CodeIgniter.php(933): App\Controllers\SheetUser->create()
 8 SYSTEMPATH\CodeIgniter.php(507): CodeIgniter\CodeIgniter->runController(Object(App\Controllers\SheetUser))
 9 SYSTEMPATH\CodeIgniter.php(354): CodeIgniter\CodeIgniter->handleRequest(null, Object(Config\Cache), false)
10 SYSTEMPATH\Boot.php(334): CodeIgniter\CodeIgniter->run()
11 SYSTEMPATH\Boot.php(67): CodeIgniter\Boot::runCodeIgniter(Object(CodeIgniter\CodeIgniter))
12 FCPATH\index.php(59): CodeIgniter\Boot::bootWeb(Object(Config\Paths))
DEBUG - 2025-07-09 23:56:16 --> Session: Class initialized using 'CodeIgniter\Session\Handlers\FileHandler' driver.
DEBUG - 2025-07-09 23:56:56 --> Session: Class initialized using 'CodeIgniter\Session\Handlers\FileHandler' driver.
DEBUG - 2025-07-09 23:56:58 --> Session: Class initialized using 'CodeIgniter\Session\Handlers\FileHandler' driver.
ERROR - 2025-07-09 23:56:58 --> mysqli_sql_exception: Unknown column 'employee.id_project' in 'on clause' in C:\xampp\htdocs\timesheet\system\Database\MySQLi\Connection.php:327
Stack trace:
#0 C:\xampp\htdocs\timesheet\system\Database\MySQLi\Connection.php(327): mysqli->query('SELECT `employe...', 0)
#1 C:\xampp\htdocs\timesheet\system\Database\BaseConnection.php(738): CodeIgniter\Database\MySQLi\Connection->execute('SELECT `employe...')
#2 C:\xampp\htdocs\timesheet\system\Database\BaseConnection.php(652): CodeIgniter\Database\BaseConnection->simpleQuery('SELECT `employe...')
#3 C:\xampp\htdocs\timesheet\system\Database\BaseBuilder.php(1649): CodeIgniter\Database\BaseConnection->query('SELECT `employe...', Array, false)
#4 C:\xampp\htdocs\timesheet\app\Models\SheetModel.php(49): CodeIgniter\Database\BaseBuilder->get()
#5 C:\xampp\htdocs\timesheet\app\Controllers\SheetUser.php(42): App\Models\SheetModel->getEmployeeWithProjectAndRole('14')
#6 C:\xampp\htdocs\timesheet\system\CodeIgniter.php(933): App\Controllers\SheetUser->create()
#7 C:\xampp\htdocs\timesheet\system\CodeIgniter.php(507): CodeIgniter\CodeIgniter->runController(Object(App\Controllers\SheetUser))
#8 C:\xampp\htdocs\timesheet\system\CodeIgniter.php(354): CodeIgniter\CodeIgniter->handleRequest(NULL, Object(Config\Cache), false)
#9 C:\xampp\htdocs\timesheet\system\Boot.php(334): CodeIgniter\CodeIgniter->run()
#10 C:\xampp\htdocs\timesheet\system\Boot.php(67): CodeIgniter\Boot::runCodeIgniter(Object(CodeIgniter\CodeIgniter))
#11 C:\xampp\htdocs\timesheet\public\index.php(59): CodeIgniter\Boot::bootWeb(Object(Config\Paths))
#12 {main}
CRITICAL - 2025-07-09 23:56:58 --> CodeIgniter\Database\Exceptions\DatabaseException: Unknown column 'employee.id_project' in 'on clause'
[Method: GET, Route: sheet/user/create]
in SYSTEMPATH\Database\BaseConnection.php on line 692.
 1 SYSTEMPATH\Database\BaseBuilder.php(1649): CodeIgniter\Database\BaseConnection->query('SELECT `employee`.`nama_employee`, `project`.`nama_project`, `role`.`judul_role`
FROM `employee`
JOIN `project` ON `project`.`id_project` = `employee`.`id_project`
JOIN `role` ON `role`.`id_role` = `employee`.`id_role`
WHERE `employee`.`id_employee` = :employee.id_employee:', [...], false)
 2 APPPATH\Models\SheetModel.php(49): CodeIgniter\Database\BaseBuilder->get()
 3 APPPATH\Controllers\SheetUser.php(42): App\Models\SheetModel->getEmployeeWithProjectAndRole('14')
 4 SYSTEMPATH\CodeIgniter.php(933): App\Controllers\SheetUser->create()
 5 SYSTEMPATH\CodeIgniter.php(507): CodeIgniter\CodeIgniter->runController(Object(App\Controllers\SheetUser))
 6 SYSTEMPATH\CodeIgniter.php(354): CodeIgniter\CodeIgniter->handleRequest(null, Object(Config\Cache), false)
 7 SYSTEMPATH\Boot.php(334): CodeIgniter\CodeIgniter->run()
 8 SYSTEMPATH\Boot.php(67): CodeIgniter\Boot::runCodeIgniter(Object(CodeIgniter\CodeIgniter))
 9 FCPATH\index.php(59): CodeIgniter\Boot::bootWeb(Object(Config\Paths))
CRITICAL - 2025-07-09 23:56:58 --> [Caused by] CodeIgniter\Database\Exceptions\DatabaseException: Unknown column 'employee.id_project' in 'on clause'
in SYSTEMPATH\Database\MySQLi\Connection.php on line 332.
 1 SYSTEMPATH\Database\BaseConnection.php(738): CodeIgniter\Database\MySQLi\Connection->execute('SELECT `employee`.`nama_employee`, `project`.`nama_project`, `role`.`judul_role`
FROM `employee`
JOIN `project` ON `project`.`id_project` = `employee`.`id_project`
JOIN `role` ON `role`.`id_role` = `employee`.`id_role`
WHERE `employee`.`id_employee` = \'14\'')
 2 SYSTEMPATH\Database\BaseConnection.php(652): CodeIgniter\Database\BaseConnection->simpleQuery('SELECT `employee`.`nama_employee`, `project`.`nama_project`, `role`.`judul_role`
FROM `employee`
JOIN `project` ON `project`.`id_project` = `employee`.`id_project`
JOIN `role` ON `role`.`id_role` = `employee`.`id_role`
WHERE `employee`.`id_employee` = \'14\'')
 3 SYSTEMPATH\Database\BaseBuilder.php(1649): CodeIgniter\Database\BaseConnection->query('SELECT `employee`.`nama_employee`, `project`.`nama_project`, `role`.`judul_role`
FROM `employee`
JOIN `project` ON `project`.`id_project` = `employee`.`id_project`
JOIN `role` ON `role`.`id_role` = `employee`.`id_role`
WHERE `employee`.`id_employee` = :employee.id_employee:', [...], false)
 4 APPPATH\Models\SheetModel.php(49): CodeIgniter\Database\BaseBuilder->get()
 5 APPPATH\Controllers\SheetUser.php(42): App\Models\SheetModel->getEmployeeWithProjectAndRole('14')
 6 SYSTEMPATH\CodeIgniter.php(933): App\Controllers\SheetUser->create()
 7 SYSTEMPATH\CodeIgniter.php(507): CodeIgniter\CodeIgniter->runController(Object(App\Controllers\SheetUser))
 8 SYSTEMPATH\CodeIgniter.php(354): CodeIgniter\CodeIgniter->handleRequest(null, Object(Config\Cache), false)
 9 SYSTEMPATH\Boot.php(334): CodeIgniter\CodeIgniter->run()
10 SYSTEMPATH\Boot.php(67): CodeIgniter\Boot::runCodeIgniter(Object(CodeIgniter\CodeIgniter))
11 FCPATH\index.php(59): CodeIgniter\Boot::bootWeb(Object(Config\Paths))
CRITICAL - 2025-07-09 23:56:58 --> [Caused by] mysqli_sql_exception: Unknown column 'employee.id_project' in 'on clause'
in SYSTEMPATH\Database\MySQLi\Connection.php on line 327.
 1 SYSTEMPATH\Database\MySQLi\Connection.php(327): mysqli->query('SELECT `employee`.`nama_employee`, `project`.`nama_project`, `role`.`judul_role`
FROM `employee`
JOIN `project` ON `project`.`id_project` = `employee`.`id_project`
JOIN `role` ON `role`.`id_role` = `employee`.`id_role`
WHERE `employee`.`id_employee` = \'14\'', 0)
 2 SYSTEMPATH\Database\BaseConnection.php(738): CodeIgniter\Database\MySQLi\Connection->execute('SELECT `employee`.`nama_employee`, `project`.`nama_project`, `role`.`judul_role`
FROM `employee`
JOIN `project` ON `project`.`id_project` = `employee`.`id_project`
JOIN `role` ON `role`.`id_role` = `employee`.`id_role`
WHERE `employee`.`id_employee` = \'14\'')
 3 SYSTEMPATH\Database\BaseConnection.php(652): CodeIgniter\Database\BaseConnection->simpleQuery('SELECT `employee`.`nama_employee`, `project`.`nama_project`, `role`.`judul_role`
FROM `employee`
JOIN `project` ON `project`.`id_project` = `employee`.`id_project`
JOIN `role` ON `role`.`id_role` = `employee`.`id_role`
WHERE `employee`.`id_employee` = \'14\'')
 4 SYSTEMPATH\Database\BaseBuilder.php(1649): CodeIgniter\Database\BaseConnection->query('SELECT `employee`.`nama_employee`, `project`.`nama_project`, `role`.`judul_role`
FROM `employee`
JOIN `project` ON `project`.`id_project` = `employee`.`id_project`
JOIN `role` ON `role`.`id_role` = `employee`.`id_role`
WHERE `employee`.`id_employee` = :employee.id_employee:', [...], false)
 5 APPPATH\Models\SheetModel.php(49): CodeIgniter\Database\BaseBuilder->get()
 6 APPPATH\Controllers\SheetUser.php(42): App\Models\SheetModel->getEmployeeWithProjectAndRole('14')
 7 SYSTEMPATH\CodeIgniter.php(933): App\Controllers\SheetUser->create()
 8 SYSTEMPATH\CodeIgniter.php(507): CodeIgniter\CodeIgniter->runController(Object(App\Controllers\SheetUser))
 9 SYSTEMPATH\CodeIgniter.php(354): CodeIgniter\CodeIgniter->handleRequest(null, Object(Config\Cache), false)
10 SYSTEMPATH\Boot.php(334): CodeIgniter\CodeIgniter->run()
11 SYSTEMPATH\Boot.php(67): CodeIgniter\Boot::runCodeIgniter(Object(CodeIgniter\CodeIgniter))
12 FCPATH\index.php(59): CodeIgniter\Boot::bootWeb(Object(Config\Paths))
DEBUG - 2025-07-09 23:57:00 --> Session: Class initialized using 'CodeIgniter\Session\Handlers\FileHandler' driver.
ERROR - 2025-07-09 23:57:00 --> mysqli_sql_exception: Unknown column 'employee.id_project' in 'on clause' in C:\xampp\htdocs\timesheet\system\Database\MySQLi\Connection.php:327
Stack trace:
#0 C:\xampp\htdocs\timesheet\system\Database\MySQLi\Connection.php(327): mysqli->query('SELECT `employe...', 0)
#1 C:\xampp\htdocs\timesheet\system\Database\BaseConnection.php(738): CodeIgniter\Database\MySQLi\Connection->execute('SELECT `employe...')
#2 C:\xampp\htdocs\timesheet\system\Database\BaseConnection.php(652): CodeIgniter\Database\BaseConnection->simpleQuery('SELECT `employe...')
#3 C:\xampp\htdocs\timesheet\system\Database\BaseBuilder.php(1649): CodeIgniter\Database\BaseConnection->query('SELECT `employe...', Array, false)
#4 C:\xampp\htdocs\timesheet\app\Models\SheetModel.php(49): CodeIgniter\Database\BaseBuilder->get()
#5 C:\xampp\htdocs\timesheet\app\Controllers\SheetUser.php(42): App\Models\SheetModel->getEmployeeWithProjectAndRole('14')
#6 C:\xampp\htdocs\timesheet\system\CodeIgniter.php(933): App\Controllers\SheetUser->create()
#7 C:\xampp\htdocs\timesheet\system\CodeIgniter.php(507): CodeIgniter\CodeIgniter->runController(Object(App\Controllers\SheetUser))
#8 C:\xampp\htdocs\timesheet\system\CodeIgniter.php(354): CodeIgniter\CodeIgniter->handleRequest(NULL, Object(Config\Cache), false)
#9 C:\xampp\htdocs\timesheet\system\Boot.php(334): CodeIgniter\CodeIgniter->run()
#10 C:\xampp\htdocs\timesheet\system\Boot.php(67): CodeIgniter\Boot::runCodeIgniter(Object(CodeIgniter\CodeIgniter))
#11 C:\xampp\htdocs\timesheet\public\index.php(59): CodeIgniter\Boot::bootWeb(Object(Config\Paths))
#12 {main}
CRITICAL - 2025-07-09 23:57:00 --> CodeIgniter\Database\Exceptions\DatabaseException: Unknown column 'employee.id_project' in 'on clause'
[Method: GET, Route: sheet/user/create]
in SYSTEMPATH\Database\BaseConnection.php on line 692.
 1 SYSTEMPATH\Database\BaseBuilder.php(1649): CodeIgniter\Database\BaseConnection->query('SELECT `employee`.`nama_employee`, `project`.`nama_project`, `role`.`judul_role`
FROM `employee`
JOIN `project` ON `project`.`id_project` = `employee`.`id_project`
JOIN `role` ON `role`.`id_role` = `employee`.`id_role`
WHERE `employee`.`id_employee` = :employee.id_employee:', [...], false)
 2 APPPATH\Models\SheetModel.php(49): CodeIgniter\Database\BaseBuilder->get()
 3 APPPATH\Controllers\SheetUser.php(42): App\Models\SheetModel->getEmployeeWithProjectAndRole('14')
 4 SYSTEMPATH\CodeIgniter.php(933): App\Controllers\SheetUser->create()
 5 SYSTEMPATH\CodeIgniter.php(507): CodeIgniter\CodeIgniter->runController(Object(App\Controllers\SheetUser))
 6 SYSTEMPATH\CodeIgniter.php(354): CodeIgniter\CodeIgniter->handleRequest(null, Object(Config\Cache), false)
 7 SYSTEMPATH\Boot.php(334): CodeIgniter\CodeIgniter->run()
 8 SYSTEMPATH\Boot.php(67): CodeIgniter\Boot::runCodeIgniter(Object(CodeIgniter\CodeIgniter))
 9 FCPATH\index.php(59): CodeIgniter\Boot::bootWeb(Object(Config\Paths))
CRITICAL - 2025-07-09 23:57:00 --> [Caused by] CodeIgniter\Database\Exceptions\DatabaseException: Unknown column 'employee.id_project' in 'on clause'
in SYSTEMPATH\Database\MySQLi\Connection.php on line 332.
 1 SYSTEMPATH\Database\BaseConnection.php(738): CodeIgniter\Database\MySQLi\Connection->execute('SELECT `employee`.`nama_employee`, `project`.`nama_project`, `role`.`judul_role`
FROM `employee`
JOIN `project` ON `project`.`id_project` = `employee`.`id_project`
JOIN `role` ON `role`.`id_role` = `employee`.`id_role`
WHERE `employee`.`id_employee` = \'14\'')
 2 SYSTEMPATH\Database\BaseConnection.php(652): CodeIgniter\Database\BaseConnection->simpleQuery('SELECT `employee`.`nama_employee`, `project`.`nama_project`, `role`.`judul_role`
FROM `employee`
JOIN `project` ON `project`.`id_project` = `employee`.`id_project`
JOIN `role` ON `role`.`id_role` = `employee`.`id_role`
WHERE `employee`.`id_employee` = \'14\'')
 3 SYSTEMPATH\Database\BaseBuilder.php(1649): CodeIgniter\Database\BaseConnection->query('SELECT `employee`.`nama_employee`, `project`.`nama_project`, `role`.`judul_role`
FROM `employee`
JOIN `project` ON `project`.`id_project` = `employee`.`id_project`
JOIN `role` ON `role`.`id_role` = `employee`.`id_role`
WHERE `employee`.`id_employee` = :employee.id_employee:', [...], false)
 4 APPPATH\Models\SheetModel.php(49): CodeIgniter\Database\BaseBuilder->get()
 5 APPPATH\Controllers\SheetUser.php(42): App\Models\SheetModel->getEmployeeWithProjectAndRole('14')
 6 SYSTEMPATH\CodeIgniter.php(933): App\Controllers\SheetUser->create()
 7 SYSTEMPATH\CodeIgniter.php(507): CodeIgniter\CodeIgniter->runController(Object(App\Controllers\SheetUser))
 8 SYSTEMPATH\CodeIgniter.php(354): CodeIgniter\CodeIgniter->handleRequest(null, Object(Config\Cache), false)
 9 SYSTEMPATH\Boot.php(334): CodeIgniter\CodeIgniter->run()
10 SYSTEMPATH\Boot.php(67): CodeIgniter\Boot::runCodeIgniter(Object(CodeIgniter\CodeIgniter))
11 FCPATH\index.php(59): CodeIgniter\Boot::bootWeb(Object(Config\Paths))
CRITICAL - 2025-07-09 23:57:00 --> [Caused by] mysqli_sql_exception: Unknown column 'employee.id_project' in 'on clause'
in SYSTEMPATH\Database\MySQLi\Connection.php on line 327.
 1 SYSTEMPATH\Database\MySQLi\Connection.php(327): mysqli->query('SELECT `employee`.`nama_employee`, `project`.`nama_project`, `role`.`judul_role`
FROM `employee`
JOIN `project` ON `project`.`id_project` = `employee`.`id_project`
JOIN `role` ON `role`.`id_role` = `employee`.`id_role`
WHERE `employee`.`id_employee` = \'14\'', 0)
 2 SYSTEMPATH\Database\BaseConnection.php(738): CodeIgniter\Database\MySQLi\Connection->execute('SELECT `employee`.`nama_employee`, `project`.`nama_project`, `role`.`judul_role`
FROM `employee`
JOIN `project` ON `project`.`id_project` = `employee`.`id_project`
JOIN `role` ON `role`.`id_role` = `employee`.`id_role`
WHERE `employee`.`id_employee` = \'14\'')
 3 SYSTEMPATH\Database\BaseConnection.php(652): CodeIgniter\Database\BaseConnection->simpleQuery('SELECT `employee`.`nama_employee`, `project`.`nama_project`, `role`.`judul_role`
FROM `employee`
JOIN `project` ON `project`.`id_project` = `employee`.`id_project`
JOIN `role` ON `role`.`id_role` = `employee`.`id_role`
WHERE `employee`.`id_employee` = \'14\'')
 4 SYSTEMPATH\Database\BaseBuilder.php(1649): CodeIgniter\Database\BaseConnection->query('SELECT `employee`.`nama_employee`, `project`.`nama_project`, `role`.`judul_role`
FROM `employee`
JOIN `project` ON `project`.`id_project` = `employee`.`id_project`
JOIN `role` ON `role`.`id_role` = `employee`.`id_role`
WHERE `employee`.`id_employee` = :employee.id_employee:', [...], false)
 5 APPPATH\Models\SheetModel.php(49): CodeIgniter\Database\BaseBuilder->get()
 6 APPPATH\Controllers\SheetUser.php(42): App\Models\SheetModel->getEmployeeWithProjectAndRole('14')
 7 SYSTEMPATH\CodeIgniter.php(933): App\Controllers\SheetUser->create()
 8 SYSTEMPATH\CodeIgniter.php(507): CodeIgniter\CodeIgniter->runController(Object(App\Controllers\SheetUser))
 9 SYSTEMPATH\CodeIgniter.php(354): CodeIgniter\CodeIgniter->handleRequest(null, Object(Config\Cache), false)
10 SYSTEMPATH\Boot.php(334): CodeIgniter\CodeIgniter->run()
11 SYSTEMPATH\Boot.php(67): CodeIgniter\Boot::runCodeIgniter(Object(CodeIgniter\CodeIgniter))
12 FCPATH\index.php(59): CodeIgniter\Boot::bootWeb(Object(Config\Paths))
DEBUG - 2025-07-09 23:58:21 --> Session: Class initialized using 'CodeIgniter\Session\Handlers\FileHandler' driver.
CRITICAL - 2025-07-09 23:58:21 --> CodeIgniter\Exceptions\BadMethodCallException: Call to undefined method App\Models\SheetModel::getEmployeeWithProjectAndRole
[Method: GET, Route: sheet/user/create]
in SYSTEMPATH\Model.php on line 930.
 1 APPPATH\Controllers\SheetUser.php(42): CodeIgniter\Model->__call('getEmployeeWithProjectAndRole', [...])
 2 SYSTEMPATH\CodeIgniter.php(933): App\Controllers\SheetUser->create()
 3 SYSTEMPATH\CodeIgniter.php(507): CodeIgniter\CodeIgniter->runController(Object(App\Controllers\SheetUser))
 4 SYSTEMPATH\CodeIgniter.php(354): CodeIgniter\CodeIgniter->handleRequest(null, Object(Config\Cache), false)
 5 SYSTEMPATH\Boot.php(334): CodeIgniter\CodeIgniter->run()
 6 SYSTEMPATH\Boot.php(67): CodeIgniter\Boot::runCodeIgniter(Object(CodeIgniter\CodeIgniter))
 7 FCPATH\index.php(59): CodeIgniter\Boot::bootWeb(Object(Config\Paths))
DEBUG - 2025-07-09 23:58:22 --> Session: Class initialized using 'CodeIgniter\Session\Handlers\FileHandler' driver.
CRITICAL - 2025-07-09 23:58:22 --> CodeIgniter\Exceptions\BadMethodCallException: Call to undefined method App\Models\SheetModel::getEmployeeWithProjectAndRole
[Method: GET, Route: sheet/user/create]
in SYSTEMPATH\Model.php on line 930.
 1 APPPATH\Controllers\SheetUser.php(42): CodeIgniter\Model->__call('getEmployeeWithProjectAndRole', [...])
 2 SYSTEMPATH\CodeIgniter.php(933): App\Controllers\SheetUser->create()
 3 SYSTEMPATH\CodeIgniter.php(507): CodeIgniter\CodeIgniter->runController(Object(App\Controllers\SheetUser))
 4 SYSTEMPATH\CodeIgniter.php(354): CodeIgniter\CodeIgniter->handleRequest(null, Object(Config\Cache), false)
 5 SYSTEMPATH\Boot.php(334): CodeIgniter\CodeIgniter->run()
 6 SYSTEMPATH\Boot.php(67): CodeIgniter\Boot::runCodeIgniter(Object(CodeIgniter\CodeIgniter))
 7 FCPATH\index.php(59): CodeIgniter\Boot::bootWeb(Object(Config\Paths))
DEBUG - 2025-07-09 23:58:26 --> Session: Class initialized using 'CodeIgniter\Session\Handlers\FileHandler' driver.
DEBUG - 2025-07-09 23:58:32 --> Session: Class initialized using 'CodeIgniter\Session\Handlers\FileHandler' driver.
DEBUG - 2025-07-09 23:58:34 --> Session: Class initialized using 'CodeIgniter\Session\Handlers\FileHandler' driver.
CRITICAL - 2025-07-09 23:58:34 --> CodeIgniter\Exceptions\BadMethodCallException: Call to undefined method App\Models\SheetModel::getEmployeeWithProjectAndRole
[Method: GET, Route: sheet/user/create]
in SYSTEMPATH\Model.php on line 930.
 1 APPPATH\Controllers\SheetUser.php(42): CodeIgniter\Model->__call('getEmployeeWithProjectAndRole', [...])
 2 SYSTEMPATH\CodeIgniter.php(933): App\Controllers\SheetUser->create()
 3 SYSTEMPATH\CodeIgniter.php(507): CodeIgniter\CodeIgniter->runController(Object(App\Controllers\SheetUser))
 4 SYSTEMPATH\CodeIgniter.php(354): CodeIgniter\CodeIgniter->handleRequest(null, Object(Config\Cache), false)
 5 SYSTEMPATH\Boot.php(334): CodeIgniter\CodeIgniter->run()
 6 SYSTEMPATH\Boot.php(67): CodeIgniter\Boot::runCodeIgniter(Object(CodeIgniter\CodeIgniter))
 7 FCPATH\index.php(59): CodeIgniter\Boot::bootWeb(Object(Config\Paths))
DEBUG - 2025-07-09 23:58:44 --> Session: Class initialized using 'CodeIgniter\Session\Handlers\FileHandler' driver.
DEBUG - 2025-07-09 23:59:00 --> Session: Class initialized using 'CodeIgniter\Session\Handlers\FileHandler' driver.
ERROR - 2025-07-09 23:59:00 --> mysqli_sql_exception: Cannot add or update a child row: a foreign key constraint fails (`timesheet`.`sheet`, CONSTRAINT `fk_sheet_employee` FOREIGN KEY (`id_employee`) REFERENCES `employee` (`id_employee`)) in C:\xampp\htdocs\timesheet\system\Database\MySQLi\Connection.php:327
Stack trace:
#0 C:\xampp\htdocs\timesheet\system\Database\MySQLi\Connection.php(327): mysqli->query('INSERT INTO `sh...', 0)
#1 C:\xampp\htdocs\timesheet\system\Database\BaseConnection.php(738): CodeIgniter\Database\MySQLi\Connection->execute('INSERT INTO `sh...')
#2 C:\xampp\htdocs\timesheet\system\Database\BaseConnection.php(652): CodeIgniter\Database\BaseConnection->simpleQuery('INSERT INTO `sh...')
#3 C:\xampp\htdocs\timesheet\system\Database\BaseBuilder.php(2345): CodeIgniter\Database\BaseConnection->query('INSERT INTO `sh...', Array, false)
#4 C:\xampp\htdocs\timesheet\system\Model.php(394): CodeIgniter\Database\BaseBuilder->insert()
#5 C:\xampp\htdocs\timesheet\system\BaseModel.php(843): CodeIgniter\Model->doInsert(Array)
#6 C:\xampp\htdocs\timesheet\system\Model.php(800): CodeIgniter\BaseModel->insert(Array, true)
#7 C:\xampp\htdocs\timesheet\app\Controllers\SheetUser.php(50): CodeIgniter\Model->insert(Array)
#8 C:\xampp\htdocs\timesheet\system\CodeIgniter.php(933): App\Controllers\SheetUser->store()
#9 C:\xampp\htdocs\timesheet\system\CodeIgniter.php(507): CodeIgniter\CodeIgniter->runController(Object(App\Controllers\SheetUser))
#10 C:\xampp\htdocs\timesheet\system\CodeIgniter.php(354): CodeIgniter\CodeIgniter->handleRequest(NULL, Object(Config\Cache), false)
#11 C:\xampp\htdocs\timesheet\system\Boot.php(334): CodeIgniter\CodeIgniter->run()
#12 C:\xampp\htdocs\timesheet\system\Boot.php(67): CodeIgniter\Boot::runCodeIgniter(Object(CodeIgniter\CodeIgniter))
#13 C:\xampp\htdocs\timesheet\public\index.php(59): CodeIgniter\Boot::bootWeb(Object(Config\Paths))
#14 {main}
CRITICAL - 2025-07-09 23:59:00 --> CodeIgniter\Database\Exceptions\DatabaseException: Cannot add or update a child row: a foreign key constraint fails (`timesheet`.`sheet`, CONSTRAINT `fk_sheet_employee` FOREIGN KEY (`id_employee`) REFERENCES `employee` (`id_employee`))
[Method: POST, Route: sheet/user/store]
in SYSTEMPATH\Database\BaseConnection.php on line 692.
 1 SYSTEMPATH\Database\BaseBuilder.php(2345): CodeIgniter\Database\BaseConnection->query('INSERT INTO `sheet` (`date_sheet`, `hours_sheet`, `activity`, `result_path`, `last_modified`, `author`) VALUES (:date_sheet:, :hours_sheet:, :activity:, :result_path:, :last_modified:, :author:)', [...], false)
 2 SYSTEMPATH\Model.php(394): CodeIgniter\Database\BaseBuilder->insert()
 3 SYSTEMPATH\BaseModel.php(843): CodeIgniter\Model->doInsert([...])
 4 SYSTEMPATH\Model.php(800): CodeIgniter\BaseModel->insert([...], true)
 5 APPPATH\Controllers\SheetUser.php(50): CodeIgniter\Model->insert([...])
 6 SYSTEMPATH\CodeIgniter.php(933): App\Controllers\SheetUser->store()
 7 SYSTEMPATH\CodeIgniter.php(507): CodeIgniter\CodeIgniter->runController(Object(App\Controllers\SheetUser))
 8 SYSTEMPATH\CodeIgniter.php(354): CodeIgniter\CodeIgniter->handleRequest(null, Object(Config\Cache), false)
 9 SYSTEMPATH\Boot.php(334): CodeIgniter\CodeIgniter->run()
10 SYSTEMPATH\Boot.php(67): CodeIgniter\Boot::runCodeIgniter(Object(CodeIgniter\CodeIgniter))
11 FCPATH\index.php(59): CodeIgniter\Boot::bootWeb(Object(Config\Paths))
CRITICAL - 2025-07-09 23:59:00 --> [Caused by] CodeIgniter\Database\Exceptions\DatabaseException: Cannot add or update a child row: a foreign key constraint fails (`timesheet`.`sheet`, CONSTRAINT `fk_sheet_employee` FOREIGN KEY (`id_employee`) REFERENCES `employee` (`id_employee`))
in SYSTEMPATH\Database\MySQLi\Connection.php on line 332.
 1 SYSTEMPATH\Database\BaseConnection.php(738): CodeIgniter\Database\MySQLi\Connection->execute('INSERT INTO `sheet` (`date_sheet`, `hours_sheet`, `activity`, `result_path`, `last_modified`, `author`) VALUES (\'2025-07-10\', \'4\', \'p\', \'e\', \'2025-07-09 23:59:00\', \'14\')')
 2 SYSTEMPATH\Database\BaseConnection.php(652): CodeIgniter\Database\BaseConnection->simpleQuery('INSERT INTO `sheet` (`date_sheet`, `hours_sheet`, `activity`, `result_path`, `last_modified`, `author`) VALUES (\'2025-07-10\', \'4\', \'p\', \'e\', \'2025-07-09 23:59:00\', \'14\')')
 3 SYSTEMPATH\Database\BaseBuilder.php(2345): CodeIgniter\Database\BaseConnection->query('INSERT INTO `sheet` (`date_sheet`, `hours_sheet`, `activity`, `result_path`, `last_modified`, `author`) VALUES (:date_sheet:, :hours_sheet:, :activity:, :result_path:, :last_modified:, :author:)', [...], false)
 4 SYSTEMPATH\Model.php(394): CodeIgniter\Database\BaseBuilder->insert()
 5 SYSTEMPATH\BaseModel.php(843): CodeIgniter\Model->doInsert([...])
 6 SYSTEMPATH\Model.php(800): CodeIgniter\BaseModel->insert([...], true)
 7 APPPATH\Controllers\SheetUser.php(50): CodeIgniter\Model->insert([...])
 8 SYSTEMPATH\CodeIgniter.php(933): App\Controllers\SheetUser->store()
 9 SYSTEMPATH\CodeIgniter.php(507): CodeIgniter\CodeIgniter->runController(Object(App\Controllers\SheetUser))
10 SYSTEMPATH\CodeIgniter.php(354): CodeIgniter\CodeIgniter->handleRequest(null, Object(Config\Cache), false)
11 SYSTEMPATH\Boot.php(334): CodeIgniter\CodeIgniter->run()
12 SYSTEMPATH\Boot.php(67): CodeIgniter\Boot::runCodeIgniter(Object(CodeIgniter\CodeIgniter))
13 FCPATH\index.php(59): CodeIgniter\Boot::bootWeb(Object(Config\Paths))
CRITICAL - 2025-07-09 23:59:00 --> [Caused by] mysqli_sql_exception: Cannot add or update a child row: a foreign key constraint fails (`timesheet`.`sheet`, CONSTRAINT `fk_sheet_employee` FOREIGN KEY (`id_employee`) REFERENCES `employee` (`id_employee`))
in SYSTEMPATH\Database\MySQLi\Connection.php on line 327.
 1 SYSTEMPATH\Database\MySQLi\Connection.php(327): mysqli->query('INSERT INTO `sheet` (`date_sheet`, `hours_sheet`, `activity`, `result_path`, `last_modified`, `author`) VALUES (\'2025-07-10\', \'4\', \'p\', \'e\', \'2025-07-09 23:59:00\', \'14\')', 0)
 2 SYSTEMPATH\Database\BaseConnection.php(738): CodeIgniter\Database\MySQLi\Connection->execute('INSERT INTO `sheet` (`date_sheet`, `hours_sheet`, `activity`, `result_path`, `last_modified`, `author`) VALUES (\'2025-07-10\', \'4\', \'p\', \'e\', \'2025-07-09 23:59:00\', \'14\')')
 3 SYSTEMPATH\Database\BaseConnection.php(652): CodeIgniter\Database\BaseConnection->simpleQuery('INSERT INTO `sheet` (`date_sheet`, `hours_sheet`, `activity`, `result_path`, `last_modified`, `author`) VALUES (\'2025-07-10\', \'4\', \'p\', \'e\', \'2025-07-09 23:59:00\', \'14\')')
 4 SYSTEMPATH\Database\BaseBuilder.php(2345): CodeIgniter\Database\BaseConnection->query('INSERT INTO `sheet` (`date_sheet`, `hours_sheet`, `activity`, `result_path`, `last_modified`, `author`) VALUES (:date_sheet:, :hours_sheet:, :activity:, :result_path:, :last_modified:, :author:)', [...], false)
 5 SYSTEMPATH\Model.php(394): CodeIgniter\Database\BaseBuilder->insert()
 6 SYSTEMPATH\BaseModel.php(843): CodeIgniter\Model->doInsert([...])
 7 SYSTEMPATH\Model.php(800): CodeIgniter\BaseModel->insert([...], true)
 8 APPPATH\Controllers\SheetUser.php(50): CodeIgniter\Model->insert([...])
 9 SYSTEMPATH\CodeIgniter.php(933): App\Controllers\SheetUser->store()
10 SYSTEMPATH\CodeIgniter.php(507): CodeIgniter\CodeIgniter->runController(Object(App\Controllers\SheetUser))
11 SYSTEMPATH\CodeIgniter.php(354): CodeIgniter\CodeIgniter->handleRequest(null, Object(Config\Cache), false)
12 SYSTEMPATH\Boot.php(334): CodeIgniter\CodeIgniter->run()
13 SYSTEMPATH\Boot.php(67): CodeIgniter\Boot::runCodeIgniter(Object(CodeIgniter\CodeIgniter))
14 FCPATH\index.php(59): CodeIgniter\Boot::bootWeb(Object(Config\Paths))
DEBUG - 2025-07-09 23:59:09 --> Session: Class initialized using 'CodeIgniter\Session\Handlers\FileHandler' driver.
DEBUG - 2025-07-09 23:59:12 --> Session: Class initialized using 'CodeIgniter\Session\Handlers\FileHandler' driver.
DEBUG - 2025-07-09 23:59:19 --> Session: Class initialized using 'CodeIgniter\Session\Handlers\FileHandler' driver.
DEBUG - 2025-07-09 23:59:58 --> Session: Class initialized using 'CodeIgniter\Session\Handlers\FileHandler' driver.
